[I 2024-09-19 11:29:37,259] Trial 99 finished with value: 2.2756358349818497 and parameters: {'learning_rate': 0.20023155173757673, 'reg_lambda': 36.303210097357706, 'reg_alpha': 0.00011538878812495405, 'subsample': 0.9457757744562546, 'colsample_bytree': 0.7370476411957823, 'max_depth': 2, 'early_stopping_rounds': 169, 'n_estimators': 15000}. Best is trial 90 with value: 2.2700267884278356.
INFO     | 2024-09-19 11:29:37 | __main__:train:309 - Best params: {'learning_rate': 0.1726579479865136, 'reg_lambda': 7.629907124737067, 'reg_alpha': 6.272434706281163e-05, 'subsample': 0.9479710667281049, 'colsample_bytree': 0.7937184578102426, 'max_depth': 1, 'early_stopping_rounds': 173, 'n_estimators': 15000}
/opt/anaconda3/lib/python3.12/site-packages/sklearn/metrics/_classification.py:1517: UndefinedMetricWarning: F-score is ill-defined and being set to 0.0 in labels with no true nor predicted samples. Use `zero_division` parameter to control this behavior.
  _warn_prf(average, modifier, f"{metric.capitalize()} is", len(result))
/opt/anaconda3/lib/python3.12/site-packages/sklearn/metrics/_classification.py:1517: UndefinedMetricWarning: F-score is ill-defined and being set to 0.0 in labels with no true nor predicted samples. Use `zero_division` parameter to control this behavior.
  _warn_prf(average, modifier, f"{metric.capitalize()} is", len(result))
/opt/anaconda3/lib/python3.12/site-packages/sklearn/metrics/_classification.py:1517: UndefinedMetricWarning: Precision is ill-defined and being set to 0.0 in labels with no predicted samples. Use `zero_division` parameter to control this behavior.
  _warn_prf(average, modifier, f"{metric.capitalize()} is", len(result))
/opt/anaconda3/lib/python3.12/site-packages/sklearn/metrics/_classification.py:1517: UndefinedMetricWarning: Precision is ill-defined and being set to 0.0 in labels with no predicted samples. Use `zero_division` parameter to control this behavior.
  _warn_prf(average, modifier, f"{metric.capitalize()} is", len(result))
/opt/anaconda3/lib/python3.12/site-packages/sklearn/metrics/_classification.py:1517: UndefinedMetricWarning: Recall is ill-defined and being set to 0.0 in labels with no true samples. Use `zero_division` parameter to control this behavior.
  _warn_prf(average, modifier, f"{metric.capitalize()} is", len(result))
/opt/anaconda3/lib/python3.12/site-packages/sklearn/metrics/_classification.py:1517: UndefinedMetricWarning: Recall is ill-defined and being set to 0.0 in labels with no true samples. Use `zero_division` parameter to control this behavior.
  _warn_prf(average, modifier, f"{metric.capitalize()} is", len(result))
INFO     | 2024-09-19 11:29:38 | __main__:optimize:122 - Metrics: {'logloss': 2.272943046648277, 'accuracy': 0.22105263157894736, 'mlogloss': 2.272943046648277, 'f1_macro': 0.15993219916585347, 'f1_micro': 0.22105263157894736, 'f1_weighted': 0.20550650321389216, 'precision_macro': 0.15535396645989202, 'precision_micro': 0.22105263157894736, 'precision_weighted': 0.2044220893233298, 'recall_macro': 0.17603999547363394, 'recall_micro': 0.22105263157894736, 'recall_weighted': 0.22105263157894736, 'loss': 2.272943046648277}
INFO     | 2024-09-19 11:29:38 | __main__:train:344 - Pushing model to hub...

Upload 2 LFS files:   0%|          | 0/2 [00:00<?, ?it/s]

target_encoders.joblib:   0%|          | 0.00/512 [00:00<?, ?B/s][A


model.joblib:   0%|          | 0.00/3.84M [00:00<?, ?B/s][A[A

target_encoders.joblib: 100%|██████████| 512/512 [00:00<00:00, 2.86kB/s][A


model.joblib:   0%|          | 16.4k/3.84M [00:00<00:41, 92.2kB/s][A[A


model.joblib:  17%|█▋        | 639k/3.84M [00:00<00:01, 2.78MB/s] [A[A
target_encoders.joblib: 100%|██████████| 512/512 [00:00<00:00, 1.37kB/s]



model.joblib:  60%|██████    | 2.31M/3.84M [00:00<00:00, 8.15MB/s][A[A
model.joblib: 100%|██████████| 3.84M/3.84M [00:01<00:00, 3.62MB/s]

Upload 2 LFS files:  50%|█████     | 1/2 [00:01<00:01,  1.40s/it]
Upload 2 LFS files: 100%|██████████| 2/2 [00:01<00:00,  1.43it/s]
[ColumnTransformer] ....... (1 of 2) Processing numeric, total=   0.0s
[ColumnTransformer] ....... (1 of 2) Processing numeric, total=   0.0s
[ColumnTransformer] ... (2 of 2) Processing categorical, total=   0.0s
[ColumnTransformer] ....... (1 of 2) Processing numeric, total=   0.0s
[ColumnTransformer] ....... (1 of 2) Processing numeric, total=   0.0s
[ColumnTransformer] ... (2 of 2) Processing categorical, total=   0.0s
[ColumnTransformer] ... (2 of 2) Processing categorical, total=   0.0s
[ColumnTransformer] ....... (1 of 2) Processing numeric, total=   0.0s
[ColumnTransformer] ... (2 of 2) Processing categorical, total=   0.0s
[ColumnTransformer] ....... (1 of 2) Processing numeric, total=   0.0s
[ColumnTransformer] ... (2 of 2) Processing categorical, total=   0.0s
[ColumnTransformer] ....... (1 of 2) Processing numeric, total=   0.0s
[ColumnTransformer] ... (2 of 2) Processing categorical, total=   0.0s
[ColumnTransformer] ... (2 of 2) Processing categorical, total=   0.0s
[ColumnTransformer] ....... (1 of 2) Processing numeric, total=   0.0s
[ColumnTransformer] ....... (1 of 2) Processing numeric, total=   0.0s
[ColumnTransformer] ... (2 of 2) Processing categorical, total=   0.0s
[ColumnTransformer] ... (2 of 2) Processing categorical, total=   0.0s
[ColumnTransformer] ....... (1 of 2) Processing numeric, total=   0.0s
[ColumnTransformer] ... (2 of 2) Processing categorical, total=   0.0s
[ColumnTransformer] ....... (1 of 2) Processing numeric, total=   0.0s
[ColumnTransformer] ... (2 of 2) Processing categorical, total=   0.0s
[ColumnTransformer] ....... (1 of 2) Processing numeric, total=   0.0s
[ColumnTransformer] ... (2 of 2) Processing categorical, total=   0.0s
[ColumnTransformer] ....... (1 of 2) Processing numeric, total=   0.0s
[ColumnTransformer] ... (2 of 2) Processing categorical, total=   0.0s
[ColumnTransformer] ... (2 of 2) Processing categorical, total=   0.0s
[ColumnTransformer] ....... (1 of 2) Processing numeric, total=   0.0s
[ColumnTransformer] ....... (1 of 2) Processing numeric, total=   0.0s
[ColumnTransformer] ....... (1 of 2) Processing numeric, total=   0.0s
[ColumnTransformer] ....... (1 of 2) Processing numeric, total=   0.0s
[ColumnTransformer] ... (2 of 2) Processing categorical, total=   0.0s
[ColumnTransformer] ... (2 of 2) Processing categorical, total=   0.0s
[ColumnTransformer] ....... (1 of 2) Processing numeric, total=   0.0s
[ColumnTransformer] ... (2 of 2) Processing categorical, total=   0.0s
[ColumnTransformer] ....... (1 of 2) Processing numeric, total=   0.0s
[ColumnTransformer] ....... (1 of 2) Processing numeric, total=   0.0s
[ColumnTransformer] ... (2 of 2) Processing categorical, total=   0.0s
[ColumnTransformer] ....... (1 of 2) Processing numeric, total=   0.0s
[ColumnTransformer] ... (2 of 2) Processing categorical, total=   0.0s
[ColumnTransformer] ....... (1 of 2) Processing numeric, total=   0.0s
[ColumnTransformer] ... (2 of 2) Processing categorical, total=   0.0s
[ColumnTransformer] ....... (1 of 2) Processing numeric, total=   0.0s
[ColumnTransformer] ... (2 of 2) Processing categorical, total=   0.0s
[ColumnTransformer] ....... (1 of 2) Processing numeric, total=   0.0s
[ColumnTransformer] ... (2 of 2) Processing categorical, total=   0.0s
[ColumnTransformer] ....... (1 of 2) Processing numeric, total=   0.0s
[ColumnTransformer] ... (2 of 2) Processing categorical, total=   0.0s
[ColumnTransformer] ....... (1 of 2) Processing numeric, total=   0.0s
[ColumnTransformer] ....... (1 of 2) Processing numeric, total=   0.0s
[ColumnTransformer] ....... (1 of 2) Processing numeric, total=   0.0s
[ColumnTransformer] ... (2 of 2) Processing categorical, total=   0.0s
[ColumnTransformer] ....... (1 of 2) Processing numeric, total=   0.0s
[ColumnTransformer] ... (2 of 2) Processing categorical, total=   0.0s
[ColumnTransformer] ... (2 of 2) Processing categorical, total=   0.0s
[ColumnTransformer] ....... (1 of 2) Processing numeric, total=   0.0s
[ColumnTransformer] ....... (1 of 2) Processing numeric, total=   0.0s
[ColumnTransformer] ... (2 of 2) Processing categorical, total=   0.0s
[ColumnTransformer] ... (2 of 2) Processing categorical, total=   0.0s
[ColumnTransformer] ... (2 of 2) Processing categorical, total=   0.0s
[ColumnTransformer] ... (2 of 2) Processing categorical, total=   0.0s
[ColumnTransformer] ....... (1 of 2) Processing numeric, total=   0.0s
[ColumnTransformer] ... (2 of 2) Processing categorical, total=   0.0s
[ColumnTransformer] ....... (1 of 2) Processing numeric, total=   0.0s
[ColumnTransformer] ... (2 of 2) Processing categorical, total=   0.0s
[ColumnTransformer] ... (2 of 2) Processing categorical, total=   0.0s
[ColumnTransformer] ....... (1 of 2) Processing numeric, total=   0.0s
[ColumnTransformer] ... (2 of 2) Processing categorical, total=   0.0s
[ColumnTransformer] ....... (1 of 2) Processing numeric, total=   0.0s
[ColumnTransformer] ... (2 of 2) Processing categorical, total=   0.0s
[ColumnTransformer] ... (2 of 2) Processing categorical, total=   0.0s
[ColumnTransformer] ....... (1 of 2) Processing numeric, total=   0.0s
[ColumnTransformer] ... (2 of 2) Processing categorical, total=   0.0s
[ColumnTransformer] ....... (1 of 2) Processing numeric, total=   0.0s
[ColumnTransformer] ....... (1 of 2) Processing numeric, total=   0.0s
[ColumnTransformer] ....... (1 of 2) Processing numeric, total=   0.0s
[ColumnTransformer] ....... (1 of 2) Processing numeric, total=   0.0s
[ColumnTransformer] ... (2 of 2) Processing categorical, total=   0.0s
[ColumnTransformer] ....... (1 of 2) Processing numeric, total=   0.0s
[ColumnTransformer] ... (2 of 2) Processing categorical, total=   0.0s
[ColumnTransformer] ... (2 of 2) Processing categorical, total=   0.0s
[ColumnTransformer] ... (2 of 2) Processing categorical, total=   0.0s
[ColumnTransformer] ....... (1 of 2) Processing numeric, total=   0.0s
[ColumnTransformer] ... (2 of 2) Processing categorical, total=   0.0s
[ColumnTransformer] ....... (1 of 2) Processing numeric, total=   0.0s
[ColumnTransformer] ... (2 of 2) Processing categorical, total=   0.0s
[ColumnTransformer] ... (2 of 2) Processing categorical, total=   0.0s
[ColumnTransformer] ....... (1 of 2) Processing numeric, total=   0.0s
[ColumnTransformer] ....... (1 of 2) Processing numeric, total=   0.0s
[ColumnTransformer] ... (2 of 2) Processing categorical, total=   0.0s
[ColumnTransformer] ....... (1 of 2) Processing numeric, total=   0.0s
[ColumnTransformer] ... (2 of 2) Processing categorical, total=   0.0s
[ColumnTransformer] ....... (1 of 2) Processing numeric, total=   0.0s
[ColumnTransformer] ... (2 of 2) Processing categorical, total=   0.0s
[ColumnTransformer] ....... (1 of 2) Processing numeric, total=   0.0s
[ColumnTransformer] ....... (1 of 2) Processing numeric, total=   0.0s
[ColumnTransformer] ... (2 of 2) Processing categorical, total=   0.0s
[ColumnTransformer] ... (2 of 2) Processing categorical, total=   0.0s
[ColumnTransformer] ....... (1 of 2) Processing numeric, total=   0.0s
[ColumnTransformer] ....... (1 of 2) Processing numeric, total=   0.0s
[ColumnTransformer] ... (2 of 2) Processing categorical, total=   0.0s
[ColumnTransformer] ....... (1 of 2) Processing numeric, total=   0.0s
[ColumnTransformer] ... (2 of 2) Processing categorical, total=   0.0s
[ColumnTransformer] ....... (1 of 2) Processing numeric, total=   0.0s
[ColumnTransformer] ....... (1 of 2) Processing numeric, total=   0.0s
[ColumnTransformer] ... (2 of 2) Processing categorical, total=   0.0s
[ColumnTransformer] ....... (1 of 2) Processing numeric, total=   0.0s
[ColumnTransformer] ....... (1 of 2) Processing numeric, total=   0.0s
[ColumnTransformer] ... (2 of 2) Processing categorical, total=   0.0s
[ColumnTransformer] ....... (1 of 2) Processing numeric, total=   0.0s
[ColumnTransformer] ... (2 of 2) Processing categorical, total=   0.0s
[ColumnTransformer] ....... (1 of 2) Processing numeric, total=   0.0s
[ColumnTransformer] ... (2 of 2) Processing categorical, total=   0.0s
[ColumnTransformer] ... (2 of 2) Processing categorical, total=   0.0s
[ColumnTransformer] ....... (1 of 2) Processing numeric, total=   0.0s
[ColumnTransformer] ... (2 of 2) Processing categorical, total=   0.0s
[ColumnTransformer] ....... (1 of 2) Processing numeric, total=   0.0s
[ColumnTransformer] ... (2 of 2) Processing categorical, total=   0.0s
[ColumnTransformer] ... (2 of 2) Processing categorical, total=   0.0s
[ColumnTransformer] ... (2 of 2) Processing categorical, total=   0.0s
[ColumnTransformer] ... (2 of 2) Processing categorical, total=   0.0s
[ColumnTransformer] ....... (1 of 2) Processing numeric, total=   0.0s
[ColumnTransformer] ... (2 of 2) Processing categorical, total=   0.0s
[ColumnTransformer] ....... (1 of 2) Processing numeric, total=   0.0s
[ColumnTransformer] ... (2 of 2) Processing categorical, total=   0.0s
[ColumnTransformer] ....... (1 of 2) Processing numeric, total=   0.0s
[ColumnTransformer] ... (2 of 2) Processing categorical, total=   0.0s
[ColumnTransformer] ... (2 of 2) Processing categorical, total=   0.0s
[ColumnTransformer] ....... (1 of 2) Processing numeric, total=   0.0s
[ColumnTransformer] ... (2 of 2) Processing categorical, total=   0.0s
[ColumnTransformer] ....... (1 of 2) Processing numeric, total=   0.0s
[ColumnTransformer] ... (2 of 2) Processing categorical, total=   0.0s
[ColumnTransformer] ....... (1 of 2) Processing numeric, total=   0.0s
[ColumnTransformer] ....... (1 of 2) Processing numeric, total=   0.0s
[ColumnTransformer] ... (2 of 2) Processing categorical, total=   0.0s
[ColumnTransformer] ....... (1 of 2) Processing numeric, total=   0.0s
[ColumnTransformer] ... (2 of 2) Processing categorical, total=   0.0s
[ColumnTransformer] ....... (1 of 2) Processing numeric, total=   0.0s
[ColumnTransformer] ... (2 of 2) Processing categorical, total=   0.0s
[ColumnTransformer] ....... (1 of 2) Processing numeric, total=   0.0s
[ColumnTransformer] ... (2 of 2) Processing categorical, total=   0.0s
[ColumnTransformer] ....... (1 of 2) Processing numeric, total=   0.0s
[ColumnTransformer] ... (2 of 2) Processing categorical, total=   0.0s
[ColumnTransformer] ....... (1 of 2) Processing numeric, total=   0.0s
[ColumnTransformer] ... (2 of 2) Processing categorical, total=   0.0s
[ColumnTransformer] ....... (1 of 2) Processing numeric, total=   0.0s
[ColumnTransformer] ... (2 of 2) Processing categorical, total=   0.0s
[ColumnTransformer] ....... (1 of 2) Processing numeric, total=   0.0s
[ColumnTransformer] ....... (1 of 2) Processing numeric, total=   0.0s
[ColumnTransformer] ... (2 of 2) Processing categorical, total=   0.0s
[ColumnTransformer] ....... (1 of 2) Processing numeric, total=   0.0s
[ColumnTransformer] ....... (1 of 2) Processing numeric, total=   0.0s
[ColumnTransformer] ... (2 of 2) Processing categorical, total=   0.0s
[ColumnTransformer] ....... (1 of 2) Processing numeric, total=   0.0s
[ColumnTransformer] ... (2 of 2) Processing categorical, total=   0.0s
[ColumnTransformer] ....... (1 of 2) Processing numeric, total=   0.0s
[ColumnTransformer] ... (2 of 2) Processing categorical, total=   0.0s
[ColumnTransformer] ... (2 of 2) Processing categorical, total=   0.0s
[ColumnTransformer] ... (2 of 2) Processing categorical, total=   0.0s
[ColumnTransformer] ....... (1 of 2) Processing numeric, total=   0.0s
[ColumnTransformer] ... (2 of 2) Processing categorical, total=   0.0s
[ColumnTransformer] ... (2 of 2) Processing categorical, total=   0.0s
[ColumnTransformer] ... (2 of 2) Processing categorical, total=   0.0s
[ColumnTransformer] ....... (1 of 2) Processing numeric, total=   0.0s
[ColumnTransformer] ... (2 of 2) Processing categorical, total=   0.0s
[ColumnTransformer] ....... (1 of 2) Processing numeric, total=   0.0s
[ColumnTransformer] ....... (1 of 2) Processing numeric, total=   0.0s
[ColumnTransformer] ... (2 of 2) Processing categorical, total=   0.0s
[ColumnTransformer] ....... (1 of 2) Processing numeric, total=   0.0s
[ColumnTransformer] ... (2 of 2) Processing categorical, total=   0.0s
[ColumnTransformer] ....... (1 of 2) Processing numeric, total=   0.0s
[ColumnTransformer] ... (2 of 2) Processing categorical, total=   0.0s
[ColumnTransformer] ....... (1 of 2) Processing numeric, total=   0.0s
[ColumnTransformer] ... (2 of 2) Processing categorical, total=   0.0s
[ColumnTransformer] ....... (1 of 2) Processing numeric, total=   0.0s
[ColumnTransformer] ... (2 of 2) Processing categorical, total=   0.0s
[ColumnTransformer] ... (2 of 2) Processing categorical, total=   0.0s
[ColumnTransformer] ....... (1 of 2) Processing numeric, total=   0.0s
[ColumnTransformer] ... (2 of 2) Processing categorical, total=   0.0s
[ColumnTransformer] ....... (1 of 2) Processing numeric, total=   0.0s
[ColumnTransformer] ....... (1 of 2) Processing numeric, total=   0.0s
[ColumnTransformer] ... (2 of 2) Processing categorical, total=   0.0s
[ColumnTransformer] ....... (1 of 2) Processing numeric, total=   0.0s
[ColumnTransformer] ....... (1 of 2) Processing numeric, total=   0.0s
[ColumnTransformer] ... (2 of 2) Processing categorical, total=   0.0s
[ColumnTransformer] ....... (1 of 2) Processing numeric, total=   0.0s
[ColumnTransformer] ... (2 of 2) Processing categorical, total=   0.0s
[ColumnTransformer] ....... (1 of 2) Processing numeric, total=   0.0s
[ColumnTransformer] ....... (1 of 2) Processing numeric, total=   0.0s
[ColumnTransformer] ... (2 of 2) Processing categorical, total=   0.0s
[ColumnTransformer] ....... (1 of 2) Processing numeric, total=   0.0s
[ColumnTransformer] ... (2 of 2) Processing categorical, total=   0.0s
[ColumnTransformer] ....... (1 of 2) Processing numeric, total=   0.0s
[ColumnTransformer] ....... (1 of 2) Processing numeric, total=   0.0s
[ColumnTransformer] ... (2 of 2) Processing categorical, total=   0.0s
[ColumnTransformer] ....... (1 of 2) Processing numeric, total=   0.0s
[ColumnTransformer] ... (2 of 2) Processing categorical, total=   0.0s
[ColumnTransformer] ... (2 of 2) Processing categorical, total=   0.0s
[ColumnTransformer] ....... (1 of 2) Processing numeric, total=   0.0s
[ColumnTransformer] ... (2 of 2) Processing categorical, total=   0.0s
[ColumnTransformer] ....... (1 of 2) Processing numeric, total=   0.0s
[ColumnTransformer] ... (2 of 2) Processing categorical, total=   0.0s
INFO     | 2024-09-19 11:30:11 | autotrain.app.utils:get_running_jobs:26 - Killing PID: 19066
INFO     | 2024-09-19 11:30:11 | autotrain.app.utils:kill_process_by_pid:52 - Sent SIGTERM to process with PID 19066
INFO:     127.0.0.1:54554 - "GET /ui/is_model_training HTTP/1.1" 200 OK
INFO:     127.0.0.1:54555 - "GET /ui/accelerators HTTP/1.1" 200 OK
INFO:     127.0.0.1:54587 - "GET /ui/is_model_training HTTP/1.1" 200 OK
INFO:     127.0.0.1:54588 - "GET /ui/accelerators HTTP/1.1" 200 OK
INFO:     127.0.0.1:54622 - "GET /ui/accelerators HTTP/1.1" 200 OK
INFO:     127.0.0.1:54621 - "GET /ui/is_model_training HTTP/1.1" 200 OK
INFO:     127.0.0.1:54638 - "GET /ui/is_model_training HTTP/1.1" 200 OK
INFO:     127.0.0.1:54639 - "GET /ui/accelerators HTTP/1.1" 200 OK
INFO:     127.0.0.1:54674 - "GET /ui/is_model_training HTTP/1.1" 200 OK
INFO:     127.0.0.1:54675 - "GET /ui/accelerators HTTP/1.1" 200 OK
INFO:     127.0.0.1:54739 - "GET /ui/is_model_training HTTP/1.1" 200 OK
INFO:     127.0.0.1:54740 - "GET /ui/accelerators HTTP/1.1" 200 OK
INFO:     127.0.0.1:54776 - "GET /ui/is_model_training HTTP/1.1" 200 OK
INFO:     127.0.0.1:54777 - "GET /ui/accelerators HTTP/1.1" 200 OK
INFO:     127.0.0.1:55943 - "GET /ui/is_model_training HTTP/1.1" 200 OK
INFO:     127.0.0.1:55944 - "GET /ui/accelerators HTTP/1.1" 200 OK
INFO:     127.0.0.1:55991 - "GET /ui/accelerators HTTP/1.1" 200 OK
INFO:     127.0.0.1:55990 - "GET /ui/is_model_training HTTP/1.1" 200 OK
INFO:     127.0.0.1:56491 - "GET /ui/is_model_training HTTP/1.1" 200 OK
INFO:     127.0.0.1:56492 - "GET /ui/accelerators HTTP/1.1" 200 OK
INFO:     127.0.0.1:56527 - "GET /ui/is_model_training HTTP/1.1" 200 OK
INFO:     127.0.0.1:56528 - "GET /ui/accelerators HTTP/1.1" 200 OK
INFO:     127.0.0.1:56550 - "GET /ui/is_model_training HTTP/1.1" 200 OK
INFO:     127.0.0.1:56551 - "GET /ui/accelerators HTTP/1.1" 200 OK
INFO:     127.0.0.1:56580 - "GET /ui/is_model_training HTTP/1.1" 200 OK
INFO:     127.0.0.1:56581 - "GET /ui/accelerators HTTP/1.1" 200 OK
INFO:     127.0.0.1:56584 - "GET /ui/is_model_training HTTP/1.1" 200 OK
INFO:     127.0.0.1:56589 - "GET /ui/is_model_training HTTP/1.1" 200 OK
INFO:     127.0.0.1:56588 - "GET /ui/accelerators HTTP/1.1" 200 OK
INFO:     127.0.0.1:56600 - "GET /ui/is_model_training HTTP/1.1" 200 OK
INFO:     127.0.0.1:56602 - "GET /ui/accelerators HTTP/1.1" 200 OK
INFO:     127.0.0.1:56603 - "GET /ui/is_model_training HTTP/1.1" 200 OK
INFO:     127.0.0.1:56606 - "GET /ui/is_model_training HTTP/1.1" 200 OK
INFO:     127.0.0.1:56608 - "GET /ui/accelerators HTTP/1.1" 200 OK
INFO:     127.0.0.1:56609 - "GET /ui/is_model_training HTTP/1.1" 200 OK
INFO:     127.0.0.1:56622 - "GET /ui/is_model_training HTTP/1.1" 200 OK
INFO:     127.0.0.1:56625 - "GET /ui/accelerators HTTP/1.1" 200 OK
INFO:     127.0.0.1:56626 - "GET /ui/is_model_training HTTP/1.1" 200 OK
INFO:     127.0.0.1:56629 - "GET /ui/is_model_training HTTP/1.1" 200 OK
INFO:     127.0.0.1:56631 - "GET /ui/accelerators HTTP/1.1" 200 OK
INFO:     127.0.0.1:56632 - "GET /ui/is_model_training HTTP/1.1" 200 OK
INFO:     127.0.0.1:56635 - "GET /ui/is_model_training HTTP/1.1" 200 OK
INFO:     127.0.0.1:56638 - "GET /ui/is_model_training HTTP/1.1" 200 OK
INFO:     127.0.0.1:56637 - "GET /ui/accelerators HTTP/1.1" 200 OK
INFO:     127.0.0.1:56641 - "GET /ui/is_model_training HTTP/1.1" 200 OK
INFO:     127.0.0.1:56643 - "GET /ui/accelerators HTTP/1.1" 200 OK
INFO:     127.0.0.1:56644 - "GET /ui/is_model_training HTTP/1.1" 200 OK
INFO:     127.0.0.1:56651 - "GET /ui/accelerators HTTP/1.1" 200 OK
INFO:     127.0.0.1:56650 - "GET /ui/is_model_training HTTP/1.1" 200 OK
INFO:     127.