[I 2024-09-19 11:28:48,911] Trial 35 finished with value: 2.343861245185155 and parameters: {'learning_rate': 0.012823244971572133, 'reg_lambda': 29.600040872861726, 'reg_alpha': 4.5975038115704626e-08, 'subsample': 0.9296102524864693, 'colsample_bytree': 0.9201517625207589, 'max_depth': 5, 'early_stopping_rounds': 336, 'n_estimators': 20000}. Best is trial 28 with value: 2.3423847000774636.
/opt/anaconda3/lib/python3.12/site-packages/sklearn/metrics/_classification.py:1517: UndefinedMetricWarning: F-score is ill-defined and being set to 0.0 in labels with no true nor predicted samples. Use `zero_division` parameter to control this behavior.
  _warn_prf(average, modifier, f"{metric.capitalize()} is", len(result))
/opt/anaconda3/lib/python3.12/site-packages/sklearn/metrics/_classification.py:1517: UndefinedMetricWarning: F-score is ill-defined and being set to 0.0 in labels with no true nor predicted samples. Use `zero_division` parameter to control this behavior.
  _warn_prf(average, modifier, f"{metric.capitalize()} is", len(result))
/opt/anaconda3/lib/python3.12/site-packages/sklearn/metrics/_classification.py:1517: UndefinedMetricWarning: Precision is ill-defined and being set to 0.0 in labels with no predicted samples. Use `zero_division` parameter to control this behavior.
  _warn_prf(average, modifier, f"{metric.capitalize()} is", len(result))
/opt/anaconda3/lib/python3.12/site-packages/sklearn/metrics/_classification.py:1517: UndefinedMetricWarning: Precision is ill-defined and being set to 0.0 in labels with no predicted samples. Use `zero_division` parameter to control this behavior.
  _warn_prf(average, modifier, f"{metric.capitalize()} is", len(result))
/opt/anaconda3/lib/python3.12/site-packages/sklearn/metrics/_classification.py:1517: UndefinedMetricWarning: Recall is ill-defined and being set to 0.0 in labels with no true samples. Use `zero_division` parameter to control this behavior.
  _warn_prf(average, modifier, f"{metric.capitalize()} is", len(result))
/opt/anaconda3/lib/python3.12/site-packages/sklearn/metrics/_classification.py:1517: UndefinedMetricWarning: Recall is ill-defined and being set to 0.0 in labels with no true samples. Use `zero_division` parameter to control this behavior.
  _warn_prf(average, modifier, f"{metric.capitalize()} is", len(result))
INFO     | 2024-09-19 11:28:51 | __main__:optimize:122 - Metrics: {'logloss': 2.352284350112742, 'accuracy': 0.19298245614035087, 'mlogloss': 2.352284350112742, 'f1_macro': 0.12445703808630834, 'f1_micro': 0.19298245614035087, 'f1_weighted': 0.1854629900229728, 'precision_macro': 0.12541249379877717, 'precision_micro': 0.19298245614035087, 'precision_weighted': 0.18367787123949314, 'recall_macro': 0.1279829241442514, 'recall_micro': 0.19298245614035087, 'recall_weighted': 0.19298245614035087, 'loss': 2.352284350112742}
[I 2024-09-19 11:28:51,910] Trial 36 finished with value: 2.352284350112742 and parameters: {'learning_rate': 0.0124411205196402, 'reg_lambda': 15.047255682248565, 'reg_alpha': 8.121988071366688e-08, 'subsample': 0.9072471629954518, 'colsample_bytree': 0.9145772535805743, 'max_depth': 5, 'early_stopping_rounds': 295, 'n_estimators': 20000}. Best is trial 28 with value: 2.3423847000774636.
/opt/anaconda3/lib/python3.12/site-packages/sklearn/metrics/_classification.py:1517: UndefinedMetricWarning: F-score is ill-defined and being set to 0.0 in labels with no true nor predicted samples. Use `zero_division` parameter to control this behavior.
  _warn_prf(average, modifier, f"{metric.capitalize()} is", len(result))
/opt/anaconda3/lib/python3.12/site-packages/sklearn/metrics/_classification.py:1517: UndefinedMetricWarning: F-score is ill-defined and being set to 0.0 in labels with no true nor predicted samples. Use `zero_division` parameter to control this behavior.
  _warn_prf(average, modifier, f"{metric.capitalize()} is", len(result))
/opt/anaconda3/lib/python3.12/site-packages/sklearn/metrics/_classification.py:1517: UndefinedMetricWarning: Precision is ill-defined and being set to 0.0 in labels with no predicted samples. Use `zero_division` parameter to control this behavior.
  _warn_prf(average, modifier, f"{metric.capitalize()} is", len(result))
/opt/anaconda3/lib/python3.12/site-packages/sklearn/metrics/_classification.py:1517: UndefinedMetricWarning: Precision is ill-defined and being set to 0.0 in labels with no predicted samples. Use `zero_division` parameter to control this behavior.
  _warn_prf(average, modifier, f"{metric.capitalize()} is", len(result))
/opt/anaconda3/lib/python3.12/site-packages/sklearn/metrics/_classification.py:1517: UndefinedMetricWarning: Recall is ill-defined and being set to 0.0 in labels with no true samples. Use `zero_division` parameter to control this behavior.
  _warn_prf(average, modifier, f"{metric.capitalize()} is", len(result))
/opt/anaconda3/lib/python3.12/site-packages/sklearn/metrics/_classification.py:1517: UndefinedMetricWarning: Recall is ill-defined and being set to 0.0 in labels with no true samples. Use `zero_division` parameter to control this behavior.
  _warn_prf(average, modifier, f"{metric.capitalize()} is", len(result))
INFO     | 2024-09-19 11:28:52 | __main__:optimize:122 - Metrics: {'logloss': 2.28111094591807, 'accuracy': 0.21754385964912282, 'mlogloss': 2.28111094591807, 'f1_macro': 0.15323012129095537, 'f1_micro': 0.21754385964912282, 'f1_weighted': 0.2017112214620476, 'precision_macro': 0.15660679155916338, 'precision_micro': 0.21754385964912282, 'precision_weighted': 0.19711711616774583, 'recall_macro': 0.16410478537480824, 'recall_micro': 0.21754385964912282, 'recall_weighted': 0.21754385964912282, 'loss': 2.28111094591807}
[I 2024-09-19 11:28:52,780] Trial 37 finished with value: 2.28111094591807 and parameters: {'learning_rate': 0.11296755579943372, 'reg_lambda': 0.10413895639262859, 'reg_alpha': 4.2185254844168684e-08, 'subsample': 0.9402395738576469, 'colsample_bytree': 0.9204333227797599, 'max_depth': 2, 'early_stopping_rounds': 338, 'n_estimators': 20000}. Best is trial 37 with value: 2.28111094591807.
/opt/anaconda3/lib/python3.12/site-packages/sklearn/metrics/_classification.py:1517: UndefinedMetricWarning: F-score is ill-defined and being set to 0.0 in labels with no true nor predicted samples. Use `zero_division` parameter to control this behavior.
  _warn_prf(average, modifier, f"{metric.capitalize()} is", len(result))
/opt/anaconda3/lib/python3.12/site-packages/sklearn/metrics/_classification.py:1517: UndefinedMetricWarning: F-score is ill-defined and being set to 0.0 in labels with no true nor predicted samples. Use `zero_division` parameter to control this behavior.
  _warn_prf(average, modifier, f"{metric.capitalize()} is", len(result))
/opt/anaconda3/lib/python3.12/site-packages/sklearn/metrics/_classification.py:1517: UndefinedMetricWarning: Precision is ill-defined and being set to 0.0 in labels with no predicted samples. Use `zero_division` parameter to control this behavior.
  _warn_prf(average, modifier, f"{metric.capitalize()} is", len(result))
/opt/anaconda3/lib/python3.12/site-packages/sklearn/metrics/_classification.py:1517: UndefinedMetricWarning: Precision is ill-defined and being set to 0.0 in labels with no predicted samples. Use `zero_division` parameter to control this behavior.
  _warn_prf(average, modifier, f"{metric.capitalize()} is", len(result))
/opt/anaconda3/lib/python3.12/site-packages/sklearn/metrics/_classification.py:1517: UndefinedMetricWarning: Recall is ill-defined and being set to 0.0 in labels with no true samples. Use `zero_division` parameter to control this behavior.
  _warn_prf(average, modifier, f"{metric.capitalize()} is", len(result))
/opt/anaconda3/lib/python3.12/site-packages/sklearn/metrics/_classification.py:1517: UndefinedMetricWarning: Recall is ill-defined and being set to 0.0 in labels with no true samples. Use `zero_division` parameter to control this behavior.
  _warn_prf(average, modifier, f"{metric.capitalize()} is", len(result))
INFO     | 2024-09-19 11:28:55 | __main__:optimize:122 - Metrics: {'logloss': 2.326718690201105, 'accuracy': 0.19298245614035087, 'mlogloss': 2.326718690201105, 'f1_macro': 0.11866927627961217, 'f1_micro': 0.19298245614035087, 'f1_weighted': 0.18067539683439557, 'precision_macro': 0.11629065230895894, 'precision_micro': 0.19298245614035087, 'precision_weighted': 0.1762333060334586, 'recall_macro': 0.1263187441848769, 'recall_micro': 0.19298245614035087, 'recall_weighted': 0.19298245614035087, 'loss': 2.326718690201105}
[I 2024-09-19 11:28:55,275] Trial 38 finished with value: 2.326718690201105 and parameters: {'learning_rate': 0.10690640974092185, 'reg_lambda': 0.07289517341371646, 'reg_alpha': 6.047754212589006e-08, 'subsample': 0.9498341386658448, 'colsample_bytree': 0.92410209542, 'max_depth': 3, 'early_stopping_rounds': 345, 'n_estimators': 20000}. Best is trial 37 with value: 2.28111094591807.
/opt/anaconda3/lib/python3.12/site-packages/sklearn/metrics/_classification.py:1517: UndefinedMetricWarning: F-score is ill-defined and being set to 0.0 in labels with no true nor predicted samples. Use `zero_division` parameter to control this behavior.
  _warn_prf(average, modifier, f"{metric.capitalize()} is", len(result))
/opt/anaconda3/lib/python3.12/site-packages/sklearn/metrics/_classification.py:1517: UndefinedMetricWarning: F-score is ill-defined and being set to 0.0 in labels with no true nor predicted samples. Use `zero_division` parameter to control this behavior.
  _warn_prf(average, modifier, f"{metric.capitalize()} is", len(result))
/opt/anaconda3/lib/python3.12/site-packages/sklearn/metrics/_classification.py:1517: UndefinedMetricWarning: Precision is ill-defined and being set to 0.0 in labels with no predicted samples. Use `zero_division` parameter to control this behavior.
  _warn_prf(average, modifier, f"{metric.capitalize()} is", len(result))
/opt/anaconda3/lib/python3.12/site-packages/sklearn/metrics/_classification.py:1517: UndefinedMetricWarning: Precision is ill-defined and being set to 0.0 in labels with no predicted samples. Use `zero_division` parameter to control this behavior.
  _warn_prf(average, modifier, f"{metric.capitalize()} is", len(result))
/opt/anaconda3/lib/python3.12/site-packages/sklearn/metrics/_classification.py:1517: UndefinedMetricWarning: Recall is ill-defined and being set to 0.0 in labels with no true samples. Use `zero_division` parameter to control this behavior.
  _warn_prf(average, modifier, f"{metric.capitalize()} is", len(result))
/opt/anaconda3/lib/python3.12/site-packages/sklearn/metrics/_classification.py:1517: UndefinedMetricWarning: Recall is ill-defined and being set to 0.0 in labels with no true samples. Use `zero_division` parameter to control this behavior.
  _warn_prf(average, modifier, f"{metric.capitalize()} is", len(result))
INFO     | 2024-09-19 11:28:57 | __main__:optimize:122 - Metrics: {'logloss': 2.323918373852833, 'accuracy': 0.20350877192982456, 'mlogloss': 2.323918373852833, 'f1_macro': 0.12660212556967826, 'f1_micro': 0.20350877192982456, 'f1_weighted': 0.1907880486783607, 'precision_macro': 0.12490870516385622, 'precision_micro': 0.20350877192982456, 'precision_weighted': 0.18552819393536807, 'recall_macro': 0.1334881099068742, 'recall_micro': 0.20350877192982456, 'recall_weighted': 0.20350877192982456, 'loss': 2.323918373852833}
[I 2024-09-19 11:28:57,080] Trial 39 finished with value: 2.323918373852833 and parameters: {'learning_rate': 0.08838623020208133, 'reg_lambda': 0.01799207858219244, 'reg_alpha': 3.2702019495057015e-08, 'subsample': 0.9504864721189915, 'colsample_bytree': 0.9415474453937078, 'max_depth': 3, 'early_stopping_rounds': 337, 'n_estimators': 20000}. Best is trial 37 with value: 2.28111094591807.
/opt/anaconda3/lib/python3.12/site-packages/sklearn/metrics/_classification.py:1517: UndefinedMetricWarning: F-score is ill-defined and being set to 0.0 in labels with no true nor predicted samples. Use `zero_division` parameter to control this behavior.
  _warn_prf(average, modifier, f"{metric.capitalize()} is", len(result))
/opt/anaconda3/lib/python3.12/site-packages/sklearn/metrics/_classification.py:1517: UndefinedMetricWarning: F-score is ill-defined and being set to 0.0 in labels with no true nor predicted samples. Use `zero_division` parameter to control this behavior.
  _warn_prf(average, modifier, f"{metric.capitalize()} is", len(result))
/opt/anaconda3/lib/python3.12/site-packages/sklearn/metrics/_classification.py:1517: UndefinedMetricWarning: Precision is ill-defined and being set to 0.0 in labels with no predicted samples. Use `zero_division` parameter to control this behavior.
  _warn_prf(average, modifier, f"{metric.capitalize()} is", len(result))
/opt/anaconda3/lib/python3.12/site-packages/sklearn/metrics/_classification.py:1517: UndefinedMetricWarning: Precision is ill-defined and being set to 0.0 in labels with no predicted samples. Use `zero_division` parameter to control this behavior.
  _warn_prf(average, modifier, f"{metric.capitalize()} is", len(result))
/opt/anaconda3/lib/python3.12/site-packages/sklearn/metrics/_classification.py:1517: UndefinedMetricWarning: Recall is ill-defined and being set to 0.0 in labels with no true samples. Use `zero_division` parameter to control this behavior.
  _warn_prf(average, modifier, f"{metric.capitalize()} is", len(result))
/opt/anaconda3/lib/python3.12/site-packages/sklearn/metrics/_classification.py:1517: UndefinedMetricWarning: Recall is ill-defined and being set to 0.0 in labels with no true samples. Use `zero_division` parameter to control this behavior.
  _warn_prf(average, modifier, f"{metric.capitalize()} is", len(result))
INFO     | 2024-09-19 11:28:58 | __main__:optimize:122 - Metrics: {'logloss': 2.3431003275339517, 'accuracy': 0.2, 'mlogloss': 2.3431003275339517, 'f1_macro': 0.12976713659577263, 'f1_micro': 0.2, 'f1_weighted': 0.1878015551239407, 'precision_macro': 0.12950281405267555, 'precision_micro': 0.2, 'precision_weighted': 0.1813086077767518, 'recall_macro': 0.13487563669485864, 'recall_micro': 0.2, 'recall_weighted': 0.2, 'loss': 2.3431003275339517}
[I 2024-09-19 11:28:58,588] Trial 40 finished with value: 2.3431003275339517 and parameters: {'learning_rate': 0.08478179258241227, 'reg_lambda': 0.04682662341055325, 'reg_alpha': 1.1439330122385824e-08, 'subsample': 0.8605641435244107, 'colsample_bytree': 0.8644542926372725, 'max_depth': 3, 'early_stopping_rounds': 360, 'n_estimators': 20000}. Best is trial 37 with value: 2.28111094591807.
/opt/anaconda3/lib/python3.12/site-packages/sklearn/metrics/_classification.py:1517: UndefinedMetricWarning: F-score is ill-defined and being set to 0.0 in labels with no true nor predicted samples. Use `zero_division` parameter to control this behavior.
  _warn_prf(average, modifier, f"{metric.capitalize()} is", len(result))
/opt/anaconda3/lib/python3.12/site-packages/sklearn/metrics/_classification.py:1517: UndefinedMetricWarning: F-score is ill-defined and being set to 0.0 in labels with no true nor predicted samples. Use `zero_division` parameter to control this behavior.
  _warn_prf(average, modifier, f"{metric.capitalize()} is", len(result))
/opt/anaconda3/lib/python3.12/site-packages/sklearn/metrics/_classification.py:1517: UndefinedMetricWarning: Precision is ill-defined and being set to 0.0 in labels with no predicted samples. Use `zero_division` parameter to control this behavior.
  _warn_prf(average, modifier, f"{metric.capitalize()} is", len(result))
/opt/anaconda3/lib/python3.12/site-packages/sklearn/metrics/_classification.py:1517: UndefinedMetricWarning: Precision is ill-defined and being set to 0.0 in labels with no predicted samples. Use `zero_division` parameter to control this behavior.
  _warn_prf(average, modifier, f"{metric.capitalize()} is", len(result))
/opt/anaconda3/lib/python3.12/site-packages/sklearn/metrics/_classification.py:1517: UndefinedMetricWarning: Recall is ill-defined and being set to 0.0 in labels with no true samples. Use `zero_division` parameter to control this behavior.
  _warn_prf(average, modifier, f"{metric.capitalize()} is", len(result))
/opt/anaconda3/lib/python3.12/site-packages/sklearn/metrics/_classification.py:1517: UndefinedMetricWarning: Recall is ill-defined and being set to 0.0 in labels with no true samples. Use `zero_division` parameter to control this behavior.
  _warn_prf(average, modifier, f"{metric.capitalize()} is", len(result))
INFO     | 2024-09-19 11:29:00 | __main__:optimize:122 - Metrics: {'logloss': 2.332140109308351, 'accuracy': 0.19649122807017544, 'mlogloss': 2.332140109308351, 'f1_macro': 0.1198042548458197, 'f1_micro': 0.19649122807017544, 'f1_weighted': 0.18248030580821217, 'precision_macro': 0.11554719540989562, 'precision_micro': 0.19649122807017544, 'precision_weighted': 0.17474546754485734, 'recall_macro': 0.12812470138557097, 'recall_micro': 0.19649122807017544, 'recall_weighted': 0.19649122807017544, 'loss': 2.332140109308351}
[I 2024-09-19 11:29:00,053] Trial 41 finished with value: 2.332140109308351 and parameters: {'learning_rate': 0.08212406112701887, 'reg_lambda': 0.03775217848442009, 'reg_alpha': 9.978368636322208e-08, 'subsample': 0.9611576061255774, 'colsample_bytree': 0.869398779539109, 'max_depth': 3, 'early_stopping_rounds': 349, 'n_estimators': 20000}. Best is trial 37 with value: 2.28111094591807.
/opt/anaconda3/lib/python3.12/site-packages/sklearn/metrics/_classification.py:1517: UndefinedMetricWarning: F-score is ill-defined and being set to 0.0 in labels with no true nor predicted samples. Use `zero_division` parameter to control this behavior.
  _warn_prf(average, modifier, f"{metric.capitalize()} is", len(result))
/opt/anaconda3/lib/python3.12/site-packages/sklearn/metrics/_classification.py:1517: UndefinedMetricWarning: F-score is ill-defined and being set to 0.0 in labels with no true nor predicted samples. Use `zero_division` parameter to control this behavior.
  _warn_prf(average, modifier, f"{metric.capitalize()} is", len(result))
/opt/anaconda3/lib/python3.12/site-packages/sklearn/metrics/_classification.py:1517: UndefinedMetricWarning: Precision is ill-defined and being set to 0.0 in labels with no predicted samples. Use `zero_division` parameter to control this behavior.
  _warn_prf(average, modifier, f"{metric.capitalize()} is", len(result))
/opt/anaconda3/lib/python3.12/site-packages/sklearn/metrics/_classification.py:1517: UndefinedMetricWarning: Precision is ill-defined and being set to 0.0 in labels with no predicted samples. Use `zero_division` parameter to control this behavior.
  _warn_prf(average, modifier, f"{metric.capitalize()} is", len(result))
/opt/anaconda3/lib/python3.12/site-packages/sklearn/metrics/_classification.py:1517: UndefinedMetricWarning: Recall is ill-defined and being set to 0.0 in labels with no true samples. Use `zero_division` parameter to control this behavior.
  _warn_prf(average, modifier, f"{metric.capitalize()} is", len(result))
/opt/anaconda3/lib/python3.12/site-packages/sklearn/metrics/_classification.py:1517: UndefinedMetricWarning: Recall is ill-defined and being set to 0.0 in labels with no true samples. Use `zero_division` parameter to control this behavior.
  _warn_prf(average, modifier, f"{metric.capitalize()} is", len(result))
INFO     | 2024-09-19 11:29:00 | __main__:optimize:122 - Metrics: {'logloss': 2.2829944354781984, 'accuracy': 0.22105263157894736, 'mlogloss': 2.2829944354781984, 'f1_macro': 0.16040728497585033, 'f1_micro': 0.22105263157894736, 'f1_weighted': 0.1988374527661159, 'precision_macro': 0.17860114086120277, 'precision_micro': 0.22105263157894736, 'precision_weighted': 0.21934403883010692, 'recall_macro': 0.1781981081466207, 'recall_micro': 0.22105263157894736, 'recall_weighted': 0.22105263157894736, 'loss': 2.2829944354781984}
