[I 2024-09-19 11:29:36,683] Trial 98 finished with value: 2.275322434869686 and parameters: {'learning_rate': 0.20881681254490983, 'reg_lambda': 36.11121095451526, 'reg_alpha': 0.00012883246476073793, 'subsample': 0.9451332504186181, 'colsample_bytree': 0.7044811154429294, 'max_depth': 2, 'early_stopping_rounds': 164, 'n_estimators': 15000}. Best is trial 90 with value: 2.2700267884278356.
/opt/anaconda3/lib/python3.12/site-packages/sklearn/metrics/_classification.py:1517: UndefinedMetricWarning: F-score is ill-defined and being set to 0.0 in labels with no true nor predicted samples. Use `zero_division` parameter to control this behavior.
  _warn_prf(average, modifier, f"{metric.capitalize()} is", len(result))
/opt/anaconda3/lib/python3.12/site-packages/sklearn/metrics/_classification.py:1517: UndefinedMetricWarning: F-score is ill-defined and being set to 0.0 in labels with no true nor predicted samples. Use `zero_division` parameter to control this behavior.
  _warn_prf(average, modifier, f"{metric.capitalize()} is", len(result))
/opt/anaconda3/lib/python3.12/site-packages/sklearn/metrics/_classification.py:1517: UndefinedMetricWarning: Precision is ill-defined and being set to 0.0 in labels with no predicted samples. Use `zero_division` parameter to control this behavior.
  _warn_prf(average, modifier, f"{metric.capitalize()} is", len(result))
/opt/anaconda3/lib/python3.12/site-packages/sklearn/metrics/_classification.py:1517: UndefinedMetricWarning: Precision is ill-defined and being set to 0.0 in labels with no predicted samples. Use `zero_division` parameter to control this behavior.
  _warn_prf(average, modifier, f"{metric.capitalize()} is", len(result))
/opt/anaconda3/lib/python3.12/site-packages/sklearn/metrics/_classification.py:1517: UndefinedMetricWarning: Recall is ill-defined and being set to 0.0 in labels with no true samples. Use `zero_division` parameter to control this behavior.
  _warn_prf(average, modifier, f"{metric.capitalize()} is", len(result))
/opt/anaconda3/lib/python3.12/site-packages/sklearn/metrics/_classification.py:1517: UndefinedMetricWarning: Recall is ill-defined and being set to 0.0 in labels with no true samples. Use `zero_division` parameter to control this behavior.
  _warn_prf(average, modifier, f"{metric.capitalize()} is", len(result))
INFO     | 2024-09-19 11:29:37 | __main__:optimize:122 - Metrics: {'logloss': 2.2756358349818497, 'accuracy': 0.21754385964912282, 'mlogloss': 2.2756358349818497, 'f1_macro': 0.1390943721942837, 'f1_micro': 0.21754385964912282, 'f1_weighted': 0.20344314639956457, 'precision_macro': 0.13740358962567803, 'precision_micro': 0.21754385964912282, 'precision_weighted': 0.19970131153077075, 'recall_macro': 0.14762393022690504, 'recall_micro': 0.21754385964912282, 'recall_weighted': 0.21754385964912282, 'loss': 2.2756358349818497}
