[I 2024-09-19 11:27:08,853] Trial 0 finished with value: 2.4391354068065394 and parameters: {'learning_rate': 0.06654798523896142, 'reg_lambda': 1.0227774716797677e-08, 'reg_alpha': 5.983485714889573e-08, 'subsample': 0.9210748401012151, 'colsample_bytree': 0.7540135581820094, 'max_depth': 5, 'early_stopping_rounds': 201, 'n_estimators': 7000}. Best is trial 0 with value: 2.4391354068065394.
INFO:     127.0.0.1:54364 - "GET /ui/is_model_training HTTP/1.1" 200 OK
/opt/anaconda3/lib/python3.12/site-packages/sklearn/metrics/_classification.py:1517: UndefinedMetricWarning: F-score is ill-defined and being set to 0.0 in labels with no true nor predicted samples. Use `zero_division` parameter to control this behavior.
  _warn_prf(average, modifier, f"{metric.capitalize()} is", len(result))
/opt/anaconda3/lib/python3.12/site-packages/sklearn/metrics/_classification.py:1517: UndefinedMetricWarning: F-score is ill-defined and being set to 0.0 in labels with no true nor predicted samples. Use `zero_division` parameter to control this behavior.
  _warn_prf(average, modifier, f"{metric.capitalize()} is", len(result))
/opt/anaconda3/lib/python3.12/site-packages/sklearn/metrics/_classification.py:1517: UndefinedMetricWarning: Precision is ill-defined and being set to 0.0 in labels with no predicted samples. Use `zero_division` parameter to control this behavior.
  _warn_prf(average, modifier, f"{metric.capitalize()} is", len(result))
/opt/anaconda3/lib/python3.12/site-packages/sklearn/metrics/_classification.py:1517: UndefinedMetricWarning: Precision is ill-defined and being set to 0.0 in labels with no predicted samples. Use `zero_division` parameter to control this behavior.
  _warn_prf(average, modifier, f"{metric.capitalize()} is", len(result))
/opt/anaconda3/lib/python3.12/site-packages/sklearn/metrics/_classification.py:1517: UndefinedMetricWarning: Recall is ill-defined and being set to 0.0 in labels with no true samples. Use `zero_division` parameter to control this behavior.
  _warn_prf(average, modifier, f"{metric.capitalize()} is", len(result))
/opt/anaconda3/lib/python3.12/site-packages/sklearn/metrics/_classification.py:1517: UndefinedMetricWarning: Recall is ill-defined and being set to 0.0 in labels with no true samples. Use `zero_division` parameter to control this behavior.
  _warn_prf(average, modifier, f"{metric.capitalize()} is", len(result))
INFO     | 2024-09-19 11:27:13 | __main__:optimize:122 - Metrics: {'logloss': 2.360716622682706, 'accuracy': 0.1543859649122807, 'mlogloss': 2.360716622682706, 'f1_macro': 0.08692202242606313, 'f1_micro': 0.1543859649122807, 'f1_weighted': 0.14374615000879132, 'precision_macro': 0.08361854099347989, 'precision_micro': 0.1543859649122807, 'precision_weighted': 0.1382190074293708, 'recall_macro': 0.0932713053536852, 'recall_micro': 0.1543859649122807, 'recall_weighted': 0.1543859649122807, 'loss': 2.360716622682706}
[I 2024-09-19 11:27:13,614] Trial 1 finished with value: 2.360716622682706 and parameters: {'learning_rate': 0.023599674303309275, 'reg_lambda': 58.533330218230475, 'reg_alpha': 2.8572198010680498e-05, 'subsample': 0.7275317200446879, 'colsample_bytree': 0.5202396107040701, 'max_depth': 8, 'early_stopping_rounds': 474, 'n_estimators': 7000}. Best is trial 1 with value: 2.360716622682706.
/opt/anaconda3/lib/python3.12/site-packages/sklearn/metrics/_classification.py:1517: UndefinedMetricWarning: F-score is ill-defined and being set to 0.0 in labels with no true nor predicted samples. Use `zero_division` parameter to control this behavior.
  _warn_prf(average, modifier, f"{metric.capitalize()} is", len(result))
/opt/anaconda3/lib/python3.12/site-packages/sklearn/metrics/_classification.py:1517: UndefinedMetricWarning: F-score is ill-defined and being set to 0.0 in labels with no true nor predicted samples. Use `zero_division` parameter to control this behavior.
  _warn_prf(average, modifier, f"{metric.capitalize()} is", len(result))
/opt/anaconda3/lib/python3.12/site-packages/sklearn/metrics/_classification.py:1517: UndefinedMetricWarning: Precision is ill-defined and being set to 0.0 in labels with no predicted samples. Use `zero_division` parameter to control this behavior.
  _warn_prf(average, modifier, f"{metric.capitalize()} is", len(result))
/opt/anaconda3/lib/python3.12/site-packages/sklearn/metrics/_classification.py:1517: UndefinedMetricWarning: Precision is ill-defined and being set to 0.0 in labels with no predicted samples. Use `zero_division` parameter to control this behavior.
  _warn_prf(average, modifier, f"{metric.capitalize()} is", len(result))
/opt/anaconda3/lib/python3.12/site-packages/sklearn/metrics/_classification.py:1517: UndefinedMetricWarning: Recall is ill-defined and being set to 0.0 in labels with no true samples. Use `zero_division` parameter to control this behavior.
  _warn_prf(average, modifier, f"{metric.capitalize()} is", len(result))
/opt/anaconda3/lib/python3.12/site-packages/sklearn/metrics/_classification.py:1517: UndefinedMetricWarning: Recall is ill-defined and being set to 0.0 in labels with no true samples. Use `zero_division` parameter to control this behavior.
  _warn_prf(average, modifier, f"{metric.capitalize()} is", len(result))
INFO     | 2024-09-19 11:27:15 | __main__:optimize:122 - Metrics: {'logloss': 2.5175136478124123, 'accuracy': 0.15789473684210525, 'mlogloss': 2.5175136478124123, 'f1_macro': 0.10081592629344245, 'f1_micro': 0.15789473684210525, 'f1_weighted': 0.14893460458099023, 'precision_macro': 0.10355817386216659, 'precision_micro': 0.15789473684210525, 'precision_weighted': 0.14801529647113434, 'recall_macro': 0.10485524010695635, 'recall_micro': 0.15789473684210525, 'recall_weighted': 0.15789473684210525, 'loss': 2.5175136478124123}
[I 2024-09-19 11:27:15,481] Trial 2 finished with value: 2.5175136478124123 and parameters: {'learning_rate': 0.09450748513061459, 'reg_lambda': 0.0008991735502208359, 'reg_alpha': 0.002603569601747168, 'subsample': 0.22021951261805134, 'colsample_bytree': 0.8604632923763584, 'max_depth': 6, 'early_stopping_rounds': 354, 'n_estimators': 20000}. Best is trial 1 with value: 2.360716622682706.
INFO:     127.0.0.1:54367 - "GET /ui/is_model_training HTTP/1.1" 200 OK
INFO:     127.0.0.1:54366 - "GET /ui/accelerators HTTP/1.1" 200 OK
/opt/anaconda3/lib/python3.12/site-packages/sklearn/metrics/_classification.py:1517: UndefinedMetricWarning: F-score is ill-defined and being set to 0.0 in labels with no true nor predicted samples. Use `zero_division` parameter to control this behavior.
  _warn_prf(average, modifier, f"{metric.capitalize()} is", len(result))
/opt/anaconda3/lib/python3.12/site-packages/sklearn/metrics/_classification.py:1517: UndefinedMetricWarning: F-score is ill-defined and being set to 0.0 in labels with no true nor predicted samples. Use `zero_division` parameter to control this behavior.
  _warn_prf(average, modifier, f"{metric.capitalize()} is", len(result))
/opt/anaconda3/lib/python3.12/site-packages/sklearn/metrics/_classification.py:1517: UndefinedMetricWarning: Precision is ill-defined and being set to 0.0 in labels with no predicted samples. Use `zero_division` parameter to control this behavior.
  _warn_prf(average, modifier, f"{metric.capitalize()} is", len(result))
/opt/anaconda3/lib/python3.12/site-packages/sklearn/metrics/_classification.py:1517: UndefinedMetricWarning: Precision is ill-defined and being set to 0.0 in labels with no predicted samples. Use `zero_division` parameter to control this behavior.
  _warn_prf(average, modifier, f"{metric.capitalize()} is", len(result))
/opt/anaconda3/lib/python3.12/site-packages/sklearn/metrics/_classification.py:1517: UndefinedMetricWarning: Recall is ill-defined and being set to 0.0 in labels with no true samples. Use `zero_division` parameter to control this behavior.
  _warn_prf(average, modifier, f"{metric.capitalize()} is", len(result))
/opt/anaconda3/lib/python3.12/site-packages/sklearn/metrics/_classification.py:1517: UndefinedMetricWarning: Recall is ill-defined and being set to 0.0 in labels with no true samples. Use `zero_division` parameter to control this behavior.
  _warn_prf(average, modifier, f"{metric.capitalize()} is", len(result))
INFO     | 2024-09-19 11:27:22 | __main__:optimize:122 - Metrics: {'logloss': 2.9293288695292903, 'accuracy': 0.10526315789473684, 'mlogloss': 2.9293288695292903, 'f1_macro': 0.017786591884480115, 'f1_micro': 0.10526315789473684, 'f1_weighted': 0.03083009259976553, 'precision_macro': 0.011402938054309489, 'precision_micro': 0.10526315789473684, 'precision_weighted': 0.019765092627469782, 'recall_macro': 0.06072874493927126, 'recall_micro': 0.10526315789473684, 'recall_weighted': 0.10526315789473684, 'loss': 2.9293288695292903}
[I 2024-09-19 11:27:22,785] Trial 3 finished with value: 2.9293288695292903 and parameters: {'learning_rate': 0.06039099241823365, 'reg_lambda': 0.0020251298401021173, 'reg_alpha': 67.75215088589418, 'subsample': 0.8988341685509262, 'colsample_bytree': 0.9765531960918032, 'max_depth': 1, 'early_stopping_rounds': 390, 'n_estimators': 20000}. Best is trial 1 with value: 2.360716622682706.
INFO:     127.0.0.1:54370 - "GET /ui/is_model_training HTTP/1.1" 200 OK
/opt/anaconda3/lib/python3.12/site-packages/sklearn/metrics/_classification.py:1517: UndefinedMetricWarning: F-score is ill-defined and being set to 0.0 in labels with no true nor predicted samples. Use `zero_division` parameter to control this behavior.
  _warn_prf(average, modifier, f"{metric.capitalize()} is", len(result))
/opt/anaconda3/lib/python3.12/site-packages/sklearn/metrics/_classification.py:1517: UndefinedMetricWarning: F-score is ill-defined and being set to 0.0 in labels with no true nor predicted samples. Use `zero_division` parameter to control this behavior.
  _warn_prf(average, modifier, f"{metric.capitalize()} is", len(result))
/opt/anaconda3/lib/python3.12/site-packages/sklearn/metrics/_classification.py:1517: UndefinedMetricWarning: Precision is ill-defined and being set to 0.0 in labels with no predicted samples. Use `zero_division` parameter to control this behavior.
  _warn_prf(average, modifier, f"{metric.capitalize()} is", len(result))
/opt/anaconda3/lib/python3.12/site-packages/sklearn/metrics/_classification.py:1517: UndefinedMetricWarning: Precision is ill-defined and being set to 0.0 in labels with no predicted samples. Use `zero_division` parameter to control this behavior.
  _warn_prf(average, modifier, f"{metric.capitalize()} is", len(result))
/opt/anaconda3/lib/python3.12/site-packages/sklearn/metrics/_classification.py:1517: UndefinedMetricWarning: Recall is ill-defined and being set to 0.0 in labels with no true samples. Use `zero_division` parameter to control this behavior.
  _warn_prf(average, modifier, f"{metric.capitalize()} is", len(result))
/opt/anaconda3/lib/python3.12/site-packages/sklearn/metrics/_classification.py:1517: UndefinedMetricWarning: Recall is ill-defined and being set to 0.0 in labels with no true samples. Use `zero_division` parameter to control this behavior.
  _warn_prf(average, modifier, f"{metric.capitalize()} is", len(result))
INFO     | 2024-09-19 11:27:23 | __main__:optimize:122 - Metrics: {'logloss': 2.3515283540441962, 'accuracy': 0.17543859649122806, 'mlogloss': 2.3515283540441962, 'f1_macro': 0.10619717400239885, 'f1_micro': 0.17543859649122806, 'f1_weighted': 0.16318037267147306, 'precision_macro': 0.10351034460867947, 'precision_micro': 0.17543859649122806, 'precision_weighted': 0.1578926755568597, 'recall_macro': 0.11335187886103218, 'recall_micro': 0.17543859649122806, 'recall_weighted': 0.17543859649122806, 'loss': 2.3515283540441962}
[I 2024-09-19 11:27:23,277] Trial 4 finished with value: 2.3515283540441962 and parameters: {'learning_rate': 0.13015639122296419, 'reg_lambda': 6.668588191522038e-05, 'reg_alpha': 2.9331010216430493, 'subsample': 0.28811982358007465, 'colsample_bytree': 0.7830037491206289, 'max_depth': 2, 'early_stopping_rounds': 207, 'n_estimators': 15000}. Best is trial 4 with value: 2.3515283540441962.
/opt/anaconda3/lib/python3.12/site-packages/sklearn/metrics/_classification.py:1517: UndefinedMetricWarning: F-score is ill-defined and being set to 0.0 in labels with no true nor predicted samples. Use `zero_division` parameter to control this behavior.
  _warn_prf(average, modifier, f"{metric.capitalize()} is", len(result))
/opt/anaconda3/lib/python3.12/site-packages/sklearn/metrics/_classification.py:1517: UndefinedMetricWarning: F-score is ill-defined and being set to 0.0 in labels with no true nor predicted samples. Use `zero_division` parameter to control this behavior.
  _warn_prf(average, modifier, f"{metric.capitalize()} is", len(result))
/opt/anaconda3/lib/python3.12/site-packages/sklearn/metrics/_classification.py:1517: UndefinedMetricWarning: Precision is ill-defined and being set to 0.0 in labels with no predicted samples. Use `zero_division` parameter to control this behavior.
  _warn_prf(average, modifier, f"{metric.capitalize()} is", len(result))
/opt/anaconda3/lib/python3.12/site-packages/sklearn/metrics/_classification.py:1517: UndefinedMetricWarning: Precision is ill-defined and being set to 0.0 in labels with no predicted samples. Use `zero_division` parameter to control this behavior.
  _warn_prf(average, modifier, f"{metric.capitalize()} is", len(result))
/opt/anaconda3/lib/python3.12/site-packages/sklearn/metrics/_classification.py:1517: UndefinedMetricWarning: Recall is ill-defined and being set to 0.0 in labels with no true samples. Use `zero_division` parameter to control this behavior.
  _warn_prf(average, modifier, f"{metric.capitalize()} is", len(result))
/opt/anaconda3/lib/python3.12/site-packages/sklearn/metrics/_classification.py:1517: UndefinedMetricWarning: Recall is ill-defined and being set to 0.0 in labels with no true samples. Use `zero_division` parameter to control this behavior.
  _warn_prf(average, modifier, f"{metric.capitalize()} is", len(result))
INFO     | 2024-09-19 11:27:24 | __main__:optimize:122 - Metrics: {'logloss': 2.4791918235534, 'accuracy': 0.19298245614035087, 'mlogloss': 2.4791918235534, 'f1_macro': 0.13479051195400032, 'f1_micro': 0.19298245614035087, 'f1_weighted': 0.18139498719563635, 'precision_macro': 0.13408916256195055, 'precision_micro': 0.19298245614035087, 'precision_weighted': 0.17751244998189755, 'recall_macro': 0.14069853423972417, 'recall_micro': 0.19298245614035087, 'recall_weighted': 0.19298245614035087, 'loss': 2.4791918235534}
[I 2024-09-19 11:27:24,197] Trial 5 finished with value: 2.4791918235534 and parameters: {'learning_rate': 0.07382404230486747, 'reg_lambda': 1.9252813096705798e-07, 'reg_alpha': 0.00037942549173521295, 'subsample': 0.11913751214208072, 'colsample_bytree': 0.6967133028500396, 'max_depth': 9, 'early_stopping_rounds': 285, 'n_estimators': 20000}. Best is trial 4 with value: 2.3515283540441962.
/opt/anaconda3/lib/python3.12/site-packages/sklearn/metrics/_classification.py:1517: UndefinedMetricWarning: F-score is ill-defined and being set to 0.0 in labels with no true nor predicted samples. Use `zero_division` parameter to control this behavior.
  _warn_prf(average, modifier, f"{metric.capitalize()} is", len(result))
/opt/anaconda3/lib/python3.12/site-packages/sklearn/metrics/_classification.py:1517: UndefinedMetricWarning: F-score is ill-defined and being set to 0.0 in labels with no true nor predicted samples. Use `zero_division` parameter to control this behavior.
  _warn_prf(average, modifier, f"{metric.capitalize()} is", len(result))
/opt/anaconda3/lib/python3.12/site-packages/sklearn/metrics/_classification.py:1517: UndefinedMetricWarning: Precision is ill-defined and being set to 0.0 in labels with no predicted samples. Use `zero_division` parameter to control this behavior.
  _warn_prf(average, modifier, f"{metric.capitalize()} is", len(result))
/opt/anaconda3/lib/python3.12/site-packages/sklearn/metrics/_classification.py:1517: UndefinedMetricWarning: Precision is ill-defined and being set to 0.0 in labels with no predicted samples. Use `zero_division` parameter to control this behavior.
  _warn_prf(average, modifier, f"{metric.capitalize()} is", len(result))
/opt/anaconda3/lib/python3.12/site-packages/sklearn/metrics/_classification.py:1517: UndefinedMetricWarning: Recall is ill-defined and being set to 0.0 in labels with no true samples. Use `zero_division` parameter to control this behavior.
  _warn_prf(average, modifier, f"{metric.capitalize()} is", len(result))
/opt/anaconda3/lib/python3.12/site-packages/sklearn/metrics/_classification.py:1517: UndefinedMetricWarning: Recall is ill-defined and being set to 0.0 in labels with no true samples. Use `zero_division` parameter to control this behavior.
  _warn_prf(average, modifier, f"{metric.capitalize()} is", len(result))
INFO     | 2024-09-19 11:27:25 | __main__:optimize:122 - Metrics: {'logloss': 2.4068325847908834, 'accuracy': 0.17543859649122806, 'mlogloss': 2.4068325847908834, 'f1_macro': 0.14544420054837257, 'f1_micro': 0.17543859649122806, 'f1_weighted': 0.16778320388097864, 'precision_macro': 0.1592031254252209, 'precision_micro': 0.17543859649122806, 'precision_weighted': 0.17338037735658723, 'recall_macro': 0.14378220495497382, 'recall_micro': 0.17543859649122806, 'recall_weighted': 0.17543859649122806, 'loss': 2.4068325847908834}
[I 2024-09-19 11:27:25,486] Trial 6 finished with value: 2.4068325847908834 and parameters: {'learning_rate': 0.06240943906886664, 'reg_lambda': 8.471081221115388e-07, 'reg_alpha': 2.4230301521756847, 'subsample': 0.46380570043117536, 'colsample_bytree': 0.8445779458180077, 'max_depth': 6, 'early_stopping_rounds': 356, 'n_estimators': 15000}. Best is trial 4 with value: 2.3515283540441962.
/opt/anaconda3/lib/python3.12/site-packages/sklearn/metrics/_classification.py:1517: UndefinedMetricWarning: F-score is ill-defined and being set to 0.0 in labels with no true nor predicted samples. Use `zero_division` parameter to control this behavior.
  _warn_prf(average, modifier, f"{metric.capitalize()} is", len(result))
/opt/anaconda3/lib/python3.12/site-packages/sklearn/metrics/_classification.py:1517: UndefinedMetricWarning: F-score is ill-defined and being set to 0.0 in labels with no true nor predicted samples. Use `zero_division` parameter to control this behavior.
  _warn_prf(average, modifier, f"{metric.capitalize()} is", len(result))
/opt/anaconda3/lib/python3.12/site-packages/sklearn/metrics/_classification.py:1517: UndefinedMetricWarning: Precision is ill-defined and being set to 0.0 in labels with no predicted samples. Use `zero_division` parameter to control this behavior.
  _warn_prf(average, modifier, f"{metric.capitalize()} is", len(result))
/opt/anaconda3/lib/python3.12/site-packages/sklearn/metrics/_classification.py:1517: UndefinedMetricWarning: Precision is ill-defined and being set to 0.0 in labels with no predicted samples. Use `zero_division` parameter to control this behavior.
  _warn_prf(average, modifier, f"{metric.capitalize()} is", len(result))
/opt/anaconda3/lib/python3.12/site-packages/sklearn/metrics/_classification.py:1517: UndefinedMetricWarning: Recall is ill-defined and being set to 0.0 in labels with no true samples. Use `zero_division` parameter to control this behavior.
  _warn_prf(average, modifier, f"{metric.capitalize()} is", len(result))
/opt/anaconda3/lib/python3.12/site-packages/sklearn/metrics/_classification.py:1517: UndefinedMetricWarning: Recall is ill-defined and being set to 0.0 in labels with no true samples. Use `zero_division` parameter to control this behavior.
  _warn_prf(average, modifier, f"{metric.capitalize()} is", len(result))
INFO     | 2024-09-19 11:27:26 | __main__:optimize:122 - Metrics: {'logloss': 2.4456585638851642, 'accuracy': 0.16140350877192983, 'mlogloss': 2.4456585638851642, 'f1_macro': 0.08147860550623277, 'f1_micro': 0.16140350877192983, 'f1_weighted': 0.13336575669443804, 'precision_macro': 0.07267122915648254, 'precision_micro': 0.16140350877192983, 'precision_weighted': 0.11889867427426495, 'recall_macro': 0.09853616063570297, 'recall_micro': 0.16140350877192983, 'recall_weighted': 0.16140350877192983, 'loss': 2.4456585638851642}
