[I 2024-09-19 11:29:27,046] Trial 77 finished with value: 2.370629792920697 and parameters: {'learning_rate': 0.08836073939834592, 'reg_lambda': 0.06423501601594861, 'reg_alpha': 1.948094583519499e-05, 'subsample': 0.9349331608073603, 'colsample_bytree': 0.9208937742586869, 'max_depth': 4, 'early_stopping_rounds': 347, 'n_estimators': 20000}. Best is trial 73 with value: 2.280112688798491.
/opt/anaconda3/lib/python3.12/site-packages/sklearn/metrics/_classification.py:1517: UndefinedMetricWarning: F-score is ill-defined and being set to 0.0 in labels with no true nor predicted samples. Use `zero_division` parameter to control this behavior.
  _warn_prf(average, modifier, f"{metric.capitalize()} is", len(result))
/opt/anaconda3/lib/python3.12/site-packages/sklearn/metrics/_classification.py:1517: UndefinedMetricWarning: F-score is ill-defined and being set to 0.0 in labels with no true nor predicted samples. Use `zero_division` parameter to control this behavior.
  _warn_prf(average, modifier, f"{metric.capitalize()} is", len(result))
/opt/anaconda3/lib/python3.12/site-packages/sklearn/metrics/_classification.py:1517: UndefinedMetricWarning: Precision is ill-defined and being set to 0.0 in labels with no predicted samples. Use `zero_division` parameter to control this behavior.
  _warn_prf(average, modifier, f"{metric.capitalize()} is", len(result))
/opt/anaconda3/lib/python3.12/site-packages/sklearn/metrics/_classification.py:1517: UndefinedMetricWarning: Precision is ill-defined and being set to 0.0 in labels with no predicted samples. Use `zero_division` parameter to control this behavior.
  _warn_prf(average, modifier, f"{metric.capitalize()} is", len(result))
/opt/anaconda3/lib/python3.12/site-packages/sklearn/metrics/_classification.py:1517: UndefinedMetricWarning: Recall is ill-defined and being set to 0.0 in labels with no true samples. Use `zero_division` parameter to control this behavior.
  _warn_prf(average, modifier, f"{metric.capitalize()} is", len(result))
/opt/anaconda3/lib/python3.12/site-packages/sklearn/metrics/_classification.py:1517: UndefinedMetricWarning: Recall is ill-defined and being set to 0.0 in labels with no true samples. Use `zero_division` parameter to control this behavior.
  _warn_prf(average, modifier, f"{metric.capitalize()} is", len(result))
INFO     | 2024-09-19 11:29:27 | __main__:optimize:122 - Metrics: {'logloss': 2.291101603918823, 'accuracy': 0.21403508771929824, 'mlogloss': 2.291101603918823, 'f1_macro': 0.1464568269304663, 'f1_micro': 0.21403508771929824, 'f1_weighted': 0.19103146889686642, 'precision_macro': 0.13485673159830966, 'precision_micro': 0.21403508771929824, 'precision_weighted': 0.17977196349852947, 'recall_macro': 0.16817634247268112, 'recall_micro': 0.21403508771929824, 'recall_weighted': 0.21403508771929824, 'loss': 2.291101603918823}
[I 2024-09-19 11:29:27,643] Trial 78 finished with value: 2.291101603918823 and parameters: {'learning_rate': 0.07362490152904196, 'reg_lambda': 0.028687074838638853, 'reg_alpha': 1.3940247332063332e-06, 'subsample': 0.8509229649518307, 'colsample_bytree': 0.824165927133854, 'max_depth': 1, 'early_stopping_rounds': 380, 'n_estimators': 20000}. Best is trial 73 with value: 2.280112688798491.
/opt/anaconda3/lib/python3.12/site-packages/sklearn/metrics/_classification.py:1517: UndefinedMetricWarning: F-score is ill-defined and being set to 0.0 in labels with no true nor predicted samples. Use `zero_division` parameter to control this behavior.
  _warn_prf(average, modifier, f"{metric.capitalize()} is", len(result))
/opt/anaconda3/lib/python3.12/site-packages/sklearn/metrics/_classification.py:1517: UndefinedMetricWarning: F-score is ill-defined and being set to 0.0 in labels with no true nor predicted samples. Use `zero_division` parameter to control this behavior.
  _warn_prf(average, modifier, f"{metric.capitalize()} is", len(result))
/opt/anaconda3/lib/python3.12/site-packages/sklearn/metrics/_classification.py:1517: UndefinedMetricWarning: Precision is ill-defined and being set to 0.0 in labels with no predicted samples. Use `zero_division` parameter to control this behavior.
  _warn_prf(average, modifier, f"{metric.capitalize()} is", len(result))
/opt/anaconda3/lib/python3.12/site-packages/sklearn/metrics/_classification.py:1517: UndefinedMetricWarning: Precision is ill-defined and being set to 0.0 in labels with no predicted samples. Use `zero_division` parameter to control this behavior.
  _warn_prf(average, modifier, f"{metric.capitalize()} is", len(result))
/opt/anaconda3/lib/python3.12/site-packages/sklearn/metrics/_classification.py:1517: UndefinedMetricWarning: Recall is ill-defined and being set to 0.0 in labels with no true samples. Use `zero_division` parameter to control this behavior.
  _warn_prf(average, modifier, f"{metric.capitalize()} is", len(result))
/opt/anaconda3/lib/python3.12/site-packages/sklearn/metrics/_classification.py:1517: UndefinedMetricWarning: Recall is ill-defined and being set to 0.0 in labels with no true samples. Use `zero_division` parameter to control this behavior.
  _warn_prf(average, modifier, f"{metric.capitalize()} is", len(result))
INFO     | 2024-09-19 11:29:28 | __main__:optimize:122 - Metrics: {'logloss': 2.3103974691254816, 'accuracy': 0.19649122807017544, 'mlogloss': 2.3103974691254816, 'f1_macro': 0.14678080964714998, 'f1_micro': 0.19649122807017544, 'f1_weighted': 0.18426057541331783, 'precision_macro': 0.15181567624207412, 'precision_micro': 0.19649122807017544, 'precision_weighted': 0.18057065895617805, 'recall_macro': 0.15003669988795845, 'recall_micro': 0.19649122807017544, 'recall_weighted': 0.19649122807017544, 'loss': 2.3103974691254816}
[I 2024-09-19 11:29:28,366] Trial 79 finished with value: 2.3103974691254816 and parameters: {'learning_rate': 0.14127223428004979, 'reg_lambda': 0.09932069837546167, 'reg_alpha': 4.240586785369559e-06, 'subsample': 0.822510536709934, 'colsample_bytree': 0.5908737619012663, 'max_depth': 2, 'early_stopping_rounds': 422, 'n_estimators': 20000}. Best is trial 73 with value: 2.280112688798491.
/opt/anaconda3/lib/python3.12/site-packages/sklearn/metrics/_classification.py:1517: UndefinedMetricWarning: F-score is ill-defined and being set to 0.0 in labels with no true nor predicted samples. Use `zero_division` parameter to control this behavior.
  _warn_prf(average, modifier, f"{metric.capitalize()} is", len(result))
/opt/anaconda3/lib/python3.12/site-packages/sklearn/metrics/_classification.py:1517: UndefinedMetricWarning: F-score is ill-defined and being set to 0.0 in labels with no true nor predicted samples. Use `zero_division` parameter to control this behavior.
  _warn_prf(average, modifier, f"{metric.capitalize()} is", len(result))
/opt/anaconda3/lib/python3.12/site-packages/sklearn/metrics/_classification.py:1517: UndefinedMetricWarning: Precision is ill-defined and being set to 0.0 in labels with no predicted samples. Use `zero_division` parameter to control this behavior.
  _warn_prf(average, modifier, f"{metric.capitalize()} is", len(result))
/opt/anaconda3/lib/python3.12/site-packages/sklearn/metrics/_classification.py:1517: UndefinedMetricWarning: Precision is ill-defined and being set to 0.0 in labels with no predicted samples. Use `zero_division` parameter to control this behavior.
  _warn_prf(average, modifier, f"{metric.capitalize()} is", len(result))
/opt/anaconda3/lib/python3.12/site-packages/sklearn/metrics/_classification.py:1517: UndefinedMetricWarning: Recall is ill-defined and being set to 0.0 in labels with no true samples. Use `zero_division` parameter to control this behavior.
  _warn_prf(average, modifier, f"{metric.capitalize()} is", len(result))
/opt/anaconda3/lib/python3.12/site-packages/sklearn/metrics/_classification.py:1517: UndefinedMetricWarning: Recall is ill-defined and being set to 0.0 in labels with no true samples. Use `zero_division` parameter to control this behavior.
  _warn_prf(average, modifier, f"{metric.capitalize()} is", len(result))
INFO     | 2024-09-19 11:29:29 | __main__:optimize:122 - Metrics: {'logloss': 2.328970874231011, 'accuracy': 0.1824561403508772, 'mlogloss': 2.328970874231011, 'f1_macro': 0.1078660867638456, 'f1_micro': 0.1824561403508772, 'f1_weighted': 0.17090082099932905, 'precision_macro': 0.1047977460854695, 'precision_micro': 0.1824561403508772, 'precision_weighted': 0.16536152914569863, 'recall_macro': 0.11468742927552995, 'recall_micro': 0.1824561403508772, 'recall_weighted': 0.1824561403508772, 'loss': 2.328970874231011}
[I 2024-09-19 11:29:29,038] Trial 80 finished with value: 2.328970874231011 and parameters: {'learning_rate': 0.11565681853695665, 'reg_lambda': 0.33022233951244445, 'reg_alpha': 0.000830438762640268, 'subsample': 0.9028455971306819, 'colsample_bytree': 0.8810212429763644, 'max_depth': 3, 'early_stopping_rounds': 275, 'n_estimators': 20000}. Best is trial 73 with value: 2.280112688798491.
/opt/anaconda3/lib/python3.12/site-packages/sklearn/metrics/_classification.py:1517: UndefinedMetricWarning: F-score is ill-defined and being set to 0.0 in labels with no true nor predicted samples. Use `zero_division` parameter to control this behavior.
  _warn_prf(average, modifier, f"{metric.capitalize()} is", len(result))
/opt/anaconda3/lib/python3.12/site-packages/sklearn/metrics/_classification.py:1517: UndefinedMetricWarning: F-score is ill-defined and being set to 0.0 in labels with no true nor predicted samples. Use `zero_division` parameter to control this behavior.
  _warn_prf(average, modifier, f"{metric.capitalize()} is", len(result))
/opt/anaconda3/lib/python3.12/site-packages/sklearn/metrics/_classification.py:1517: UndefinedMetricWarning: Precision is ill-defined and being set to 0.0 in labels with no predicted samples. Use `zero_division` parameter to control this behavior.
  _warn_prf(average, modifier, f"{metric.capitalize()} is", len(result))
/opt/anaconda3/lib/python3.12/site-packages/sklearn/metrics/_classification.py:1517: UndefinedMetricWarning: Precision is ill-defined and being set to 0.0 in labels with no predicted samples. Use `zero_division` parameter to control this behavior.
  _warn_prf(average, modifier, f"{metric.capitalize()} is", len(result))
/opt/anaconda3/lib/python3.12/site-packages/sklearn/metrics/_classification.py:1517: UndefinedMetricWarning: Recall is ill-defined and being set to 0.0 in labels with no true samples. Use `zero_division` parameter to control this behavior.
  _warn_prf(average, modifier, f"{metric.capitalize()} is", len(result))
/opt/anaconda3/lib/python3.12/site-packages/sklearn/metrics/_classification.py:1517: UndefinedMetricWarning: Recall is ill-defined and being set to 0.0 in labels with no true samples. Use `zero_division` parameter to control this behavior.
  _warn_prf(average, modifier, f"{metric.capitalize()} is", len(result))
INFO     | 2024-09-19 11:29:29 | __main__:optimize:122 - Metrics: {'logloss': 2.283367654858227, 'accuracy': 0.21754385964912282, 'mlogloss': 2.283367654858227, 'f1_macro': 0.15116945573254922, 'f1_micro': 0.21754385964912282, 'f1_weighted': 0.19584461644606208, 'precision_macro': 0.1689559779850161, 'precision_micro': 0.21754385964912282, 'precision_weighted': 0.22136197419016534, 'recall_macro': 0.17235762902238877, 'recall_micro': 0.21754385964912282, 'recall_weighted': 0.21754385964912282, 'loss': 2.283367654858227}
[I 2024-09-19 11:29:29,582] Trial 81 finished with value: 2.283367654858227 and parameters: {'learning_rate': 0.09708680697504317, 'reg_lambda': 0.004253193898428656, 'reg_alpha': 9.768656676586966e-07, 'subsample': 0.9713224803812864, 'colsample_bytree': 0.933075674111065, 'max_depth': 1, 'early_stopping_rounds': 341, 'n_estimators': 20000}. Best is trial 73 with value: 2.280112688798491.
/opt/anaconda3/lib/python3.12/site-packages/sklearn/metrics/_classification.py:1517: UndefinedMetricWarning: F-score is ill-defined and being set to 0.0 in labels with no true nor predicted samples. Use `zero_division` parameter to control this behavior.
  _warn_prf(average, modifier, f"{metric.capitalize()} is", len(result))
/opt/anaconda3/lib/python3.12/site-packages/sklearn/metrics/_classification.py:1517: UndefinedMetricWarning: F-score is ill-defined and being set to 0.0 in labels with no true nor predicted samples. Use `zero_division` parameter to control this behavior.
  _warn_prf(average, modifier, f"{metric.capitalize()} is", len(result))
/opt/anaconda3/lib/python3.12/site-packages/sklearn/metrics/_classification.py:1517: UndefinedMetricWarning: Precision is ill-defined and being set to 0.0 in labels with no predicted samples. Use `zero_division` parameter to control this behavior.
  _warn_prf(average, modifier, f"{metric.capitalize()} is", len(result))
/opt/anaconda3/lib/python3.12/site-packages/sklearn/metrics/_classification.py:1517: UndefinedMetricWarning: Precision is ill-defined and being set to 0.0 in labels with no predicted samples. Use `zero_division` parameter to control this behavior.
  _warn_prf(average, modifier, f"{metric.capitalize()} is", len(result))
/opt/anaconda3/lib/python3.12/site-packages/sklearn/metrics/_classification.py:1517: UndefinedMetricWarning: Recall is ill-defined and being set to 0.0 in labels with no true samples. Use `zero_division` parameter to control this behavior.
  _warn_prf(average, modifier, f"{metric.capitalize()} is", len(result))
/opt/anaconda3/lib/python3.12/site-packages/sklearn/metrics/_classification.py:1517: UndefinedMetricWarning: Recall is ill-defined and being set to 0.0 in labels with no true samples. Use `zero_division` parameter to control this behavior.
  _warn_prf(average, modifier, f"{metric.capitalize()} is", len(result))
INFO     | 2024-09-19 11:29:30 | __main__:optimize:122 - Metrics: {'logloss': 2.281733322347103, 'accuracy': 0.22807017543859648, 'mlogloss': 2.281733322347103, 'f1_macro': 0.16671636810690282, 'f1_micro': 0.22807017543859648, 'f1_weighted': 0.20992904744041657, 'precision_macro': 0.18117769226310973, 'precision_micro': 0.22807017543859648, 'precision_weighted': 0.2272754708508784, 'recall_macro': 0.18223231573918075, 'recall_micro': 0.22807017543859648, 'recall_weighted': 0.22807017543859648, 'loss': 2.281733322347103}
[I 2024-09-19 11:29:30,004] Trial 82 finished with value: 2.281733322347103 and parameters: {'learning_rate': 0.1057425596378245, 'reg_lambda': 0.013630246747846604, 'reg_alpha': 2.534661557422979e-06, 'subsample': 0.9727803132383435, 'colsample_bytree': 0.9052202294725773, 'max_depth': 1, 'early_stopping_rounds': 255, 'n_estimators': 20000}. Best is trial 73 with value: 2.280112688798491.
/opt/anaconda3/lib/python3.12/site-packages/sklearn/metrics/_classification.py:1517: UndefinedMetricWarning: F-score is ill-defined and being set to 0.0 in labels with no true nor predicted samples. Use `zero_division` parameter to control this behavior.
  _warn_prf(average, modifier, f"{metric.capitalize()} is", len(result))
/opt/anaconda3/lib/python3.12/site-packages/sklearn/metrics/_classification.py:1517: UndefinedMetricWarning: F-score is ill-defined and being set to 0.0 in labels with no true nor predicted samples. Use `zero_division` parameter to control this behavior.
  _warn_prf(average, modifier, f"{metric.capitalize()} is", len(result))
/opt/anaconda3/lib/python3.12/site-packages/sklearn/metrics/_classification.py:1517: UndefinedMetricWarning: Precision is ill-defined and being set to 0.0 in labels with no predicted samples. Use `zero_division` parameter to control this behavior.
  _warn_prf(average, modifier, f"{metric.capitalize()} is", len(result))
/opt/anaconda3/lib/python3.12/site-packages/sklearn/metrics/_classification.py:1517: UndefinedMetricWarning: Precision is ill-defined and being set to 0.0 in labels with no predicted samples. Use `zero_division` parameter to control this behavior.
  _warn_prf(average, modifier, f"{metric.capitalize()} is", len(result))
/opt/anaconda3/lib/python3.12/site-packages/sklearn/metrics/_classification.py:1517: UndefinedMetricWarning: Recall is ill-defined and being set to 0.0 in labels with no true samples. Use `zero_division` parameter to control this behavior.
  _warn_prf(average, modifier, f"{metric.capitalize()} is", len(result))
/opt/anaconda3/lib/python3.12/site-packages/sklearn/metrics/_classification.py:1517: UndefinedMetricWarning: Recall is ill-defined and being set to 0.0 in labels with no true samples. Use `zero_division` parameter to control this behavior.
  _warn_prf(average, modifier, f"{metric.capitalize()} is", len(result))
INFO     | 2024-09-19 11:29:30 | __main__:optimize:122 - Metrics: {'logloss': 2.283527717834503, 'accuracy': 0.21754385964912282, 'mlogloss': 2.283527717834503, 'f1_macro': 0.15126426739612062, 'f1_micro': 0.21754385964912282, 'f1_weighted': 0.19749984182508945, 'precision_macro': 0.145070286389689, 'precision_micro': 0.21754385964912282, 'precision_weighted': 0.19375367667350485, 'recall_macro': 0.17039021047602285, 'recall_micro': 0.21754385964912282, 'recall_weighted': 0.21754385964912282, 'loss': 2.283527717834503}
[I 2024-09-19 11:29:30,444] Trial 83 finished with value: 2.283527717834503 and parameters: {'learning_rate': 0.09124527917775901, 'reg_lambda': 0.012417033573739722, 'reg_alpha': 2.9564408645580996e-06, 'subsample': 0.9390886664811149, 'colsample_bytree': 0.8147594099454467, 'max_depth': 1, 'early_stopping_rounds': 252, 'n_estimators': 20000}. Best is trial 73 with value: 2.280112688798491.
/opt/anaconda3/lib/python3.12/site-packages/sklearn/metrics/_classification.py:1517: UndefinedMetricWarning: F-score is ill-defined and being set to 0.0 in labels with no true nor predicted samples. Use `zero_division` parameter to control this behavior.
  _warn_prf(average, modifier, f"{metric.capitalize()} is", len(result))
/opt/anaconda3/lib/python3.12/site-packages/sklearn/metrics/_classification.py:1517: UndefinedMetricWarning: F-score is ill-defined and being set to 0.0 in labels with no true nor predicted samples. Use `zero_division` parameter to control this behavior.
  _warn_prf(average, modifier, f"{metric.capitalize()} is", len(result))
/opt/anaconda3/lib/python3.12/site-packages/sklearn/metrics/_classification.py:1517: UndefinedMetricWarning: Precision is ill-defined and being set to 0.0 in labels with no predicted samples. Use `zero_division` parameter to control this behavior.
  _warn_prf(average, modifier, f"{metric.capitalize()} is", len(result))
/opt/anaconda3/lib/python3.12/site-packages/sklearn/metrics/_classification.py:1517: UndefinedMetricWarning: Precision is ill-defined and being set to 0.0 in labels with no predicted samples. Use `zero_division` parameter to control this behavior.
  _warn_prf(average, modifier, f"{metric.capitalize()} is", len(result))
/opt/anaconda3/lib/python3.12/site-packages/sklearn/metrics/_classification.py:1517: UndefinedMetricWarning: Recall is ill-defined and being set to 0.0 in labels with no true samples. Use `zero_division` parameter to control this behavior.
  _warn_prf(average, modifier, f"{metric.capitalize()} is", len(result))
/opt/anaconda3/lib/python3.12/site-packages/sklearn/metrics/_classification.py:1517: UndefinedMetricWarning: Recall is ill-defined and being set to 0.0 in labels with no true samples. Use `zero_division` parameter to control this behavior.
  _warn_prf(average, modifier, f"{metric.capitalize()} is", len(result))
INFO     | 2024-09-19 11:29:30 | __main__:optimize:122 - Metrics: {'logloss': 2.2822527643570303, 'accuracy': 0.22105263157894736, 'mlogloss': 2.2822527643570303, 'f1_macro': 0.16241764278963883, 'f1_micro': 0.22105263157894736, 'f1_weighted': 0.20383882455256053, 'precision_macro': 0.16708010370549067, 'precision_micro': 0.22105263157894736, 'precision_weighted': 0.21078401489959797, 'recall_macro': 0.17801504178506466, 'recall_micro': 0.22105263157894736, 'recall_weighted': 0.22105263157894736, 'loss': 2.2822527643570303}
