[I 2024-09-19 11:29:17,814] Trial 63 finished with value: 2.2858377376730212 and parameters: {'learning_rate': 0.048765245568916496, 'reg_lambda': 2.0635294973240276e-05, 'reg_alpha': 2.6424295994191843e-08, 'subsample': 0.9296846453065427, 'colsample_bytree': 0.8875459677347389, 'max_depth': 1, 'early_stopping_rounds': 337, 'n_estimators': 20000}. Best is trial 59 with value: 2.280870100264021.
/opt/anaconda3/lib/python3.12/site-packages/sklearn/metrics/_classification.py:1517: UndefinedMetricWarning: F-score is ill-defined and being set to 0.0 in labels with no true nor predicted samples. Use `zero_division` parameter to control this behavior.
  _warn_prf(average, modifier, f"{metric.capitalize()} is", len(result))
/opt/anaconda3/lib/python3.12/site-packages/sklearn/metrics/_classification.py:1517: UndefinedMetricWarning: F-score is ill-defined and being set to 0.0 in labels with no true nor predicted samples. Use `zero_division` parameter to control this behavior.
  _warn_prf(average, modifier, f"{metric.capitalize()} is", len(result))
/opt/anaconda3/lib/python3.12/site-packages/sklearn/metrics/_classification.py:1517: UndefinedMetricWarning: Precision is ill-defined and being set to 0.0 in labels with no predicted samples. Use `zero_division` parameter to control this behavior.
  _warn_prf(average, modifier, f"{metric.capitalize()} is", len(result))
/opt/anaconda3/lib/python3.12/site-packages/sklearn/metrics/_classification.py:1517: UndefinedMetricWarning: Precision is ill-defined and being set to 0.0 in labels with no predicted samples. Use `zero_division` parameter to control this behavior.
  _warn_prf(average, modifier, f"{metric.capitalize()} is", len(result))
/opt/anaconda3/lib/python3.12/site-packages/sklearn/metrics/_classification.py:1517: UndefinedMetricWarning: Recall is ill-defined and being set to 0.0 in labels with no true samples. Use `zero_division` parameter to control this behavior.
  _warn_prf(average, modifier, f"{metric.capitalize()} is", len(result))
/opt/anaconda3/lib/python3.12/site-packages/sklearn/metrics/_classification.py:1517: UndefinedMetricWarning: Recall is ill-defined and being set to 0.0 in labels with no true samples. Use `zero_division` parameter to control this behavior.
  _warn_prf(average, modifier, f"{metric.capitalize()} is", len(result))
INFO     | 2024-09-19 11:29:18 | __main__:optimize:122 - Metrics: {'logloss': 2.2847222729856327, 'accuracy': 0.22105263157894736, 'mlogloss': 2.2847222729856327, 'f1_macro': 0.1538979727190136, 'f1_micro': 0.22105263157894736, 'f1_weighted': 0.207149126343245, 'precision_macro': 0.15605924564061593, 'precision_micro': 0.22105263157894736, 'precision_weighted': 0.20395035335134945, 'recall_macro': 0.1605902297549895, 'recall_micro': 0.22105263157894736, 'recall_weighted': 0.22105263157894736, 'loss': 2.2847222729856327}
[I 2024-09-19 11:29:18,716] Trial 64 finished with value: 2.2847222729856327 and parameters: {'learning_rate': 0.03909196031113489, 'reg_lambda': 7.317144054290349e-07, 'reg_alpha': 3.8458667226003354e-05, 'subsample': 0.9657866583109982, 'colsample_bytree': 0.938860574745151, 'max_depth': 2, 'early_stopping_rounds': 325, 'n_estimators': 20000}. Best is trial 59 with value: 2.280870100264021.
/opt/anaconda3/lib/python3.12/site-packages/sklearn/metrics/_classification.py:1517: UndefinedMetricWarning: F-score is ill-defined and being set to 0.0 in labels with no true nor predicted samples. Use `zero_division` parameter to control this behavior.
  _warn_prf(average, modifier, f"{metric.capitalize()} is", len(result))
/opt/anaconda3/lib/python3.12/site-packages/sklearn/metrics/_classification.py:1517: UndefinedMetricWarning: F-score is ill-defined and being set to 0.0 in labels with no true nor predicted samples. Use `zero_division` parameter to control this behavior.
  _warn_prf(average, modifier, f"{metric.capitalize()} is", len(result))
/opt/anaconda3/lib/python3.12/site-packages/sklearn/metrics/_classification.py:1517: UndefinedMetricWarning: Precision is ill-defined and being set to 0.0 in labels with no predicted samples. Use `zero_division` parameter to control this behavior.
  _warn_prf(average, modifier, f"{metric.capitalize()} is", len(result))
/opt/anaconda3/lib/python3.12/site-packages/sklearn/metrics/_classification.py:1517: UndefinedMetricWarning: Precision is ill-defined and being set to 0.0 in labels with no predicted samples. Use `zero_division` parameter to control this behavior.
  _warn_prf(average, modifier, f"{metric.capitalize()} is", len(result))
/opt/anaconda3/lib/python3.12/site-packages/sklearn/metrics/_classification.py:1517: UndefinedMetricWarning: Recall is ill-defined and being set to 0.0 in labels with no true samples. Use `zero_division` parameter to control this behavior.
  _warn_prf(average, modifier, f"{metric.capitalize()} is", len(result))
/opt/anaconda3/lib/python3.12/site-packages/sklearn/metrics/_classification.py:1517: UndefinedMetricWarning: Recall is ill-defined and being set to 0.0 in labels with no true samples. Use `zero_division` parameter to control this behavior.
  _warn_prf(average, modifier, f"{metric.capitalize()} is", len(result))
INFO     | 2024-09-19 11:29:19 | __main__:optimize:122 - Metrics: {'logloss': 2.28319798456377, 'accuracy': 0.21754385964912282, 'mlogloss': 2.28319798456377, 'f1_macro': 0.15449899634283812, 'f1_micro': 0.21754385964912282, 'f1_weighted': 0.19706039642664247, 'precision_macro': 0.16562101326033213, 'precision_micro': 0.21754385964912282, 'precision_weighted': 0.20697033511532997, 'recall_macro': 0.1744060192286737, 'recall_micro': 0.21754385964912282, 'recall_weighted': 0.21754385964912282, 'loss': 2.28319798456377}
[I 2024-09-19 11:29:19,499] Trial 65 finished with value: 2.28319798456377 and parameters: {'learning_rate': 0.07783287536080759, 'reg_lambda': 0.0010496901619186031, 'reg_alpha': 0.0003204921464668002, 'subsample': 0.9217934841209652, 'colsample_bytree': 0.8413473739719619, 'max_depth': 1, 'early_stopping_rounds': 355, 'n_estimators': 20000}. Best is trial 59 with value: 2.280870100264021.
/opt/anaconda3/lib/python3.12/site-packages/sklearn/metrics/_classification.py:1517: UndefinedMetricWarning: F-score is ill-defined and being set to 0.0 in labels with no true nor predicted samples. Use `zero_division` parameter to control this behavior.
  _warn_prf(average, modifier, f"{metric.capitalize()} is", len(result))
/opt/anaconda3/lib/python3.12/site-packages/sklearn/metrics/_classification.py:1517: UndefinedMetricWarning: F-score is ill-defined and being set to 0.0 in labels with no true nor predicted samples. Use `zero_division` parameter to control this behavior.
  _warn_prf(average, modifier, f"{metric.capitalize()} is", len(result))
/opt/anaconda3/lib/python3.12/site-packages/sklearn/metrics/_classification.py:1517: UndefinedMetricWarning: Precision is ill-defined and being set to 0.0 in labels with no predicted samples. Use `zero_division` parameter to control this behavior.
  _warn_prf(average, modifier, f"{metric.capitalize()} is", len(result))
/opt/anaconda3/lib/python3.12/site-packages/sklearn/metrics/_classification.py:1517: UndefinedMetricWarning: Precision is ill-defined and being set to 0.0 in labels with no predicted samples. Use `zero_division` parameter to control this behavior.
  _warn_prf(average, modifier, f"{metric.capitalize()} is", len(result))
/opt/anaconda3/lib/python3.12/site-packages/sklearn/metrics/_classification.py:1517: UndefinedMetricWarning: Recall is ill-defined and being set to 0.0 in labels with no true samples. Use `zero_division` parameter to control this behavior.
  _warn_prf(average, modifier, f"{metric.capitalize()} is", len(result))
/opt/anaconda3/lib/python3.12/site-packages/sklearn/metrics/_classification.py:1517: UndefinedMetricWarning: Recall is ill-defined and being set to 0.0 in labels with no true samples. Use `zero_division` parameter to control this behavior.
  _warn_prf(average, modifier, f"{metric.capitalize()} is", len(result))
INFO     | 2024-09-19 11:29:20 | __main__:optimize:122 - Metrics: {'logloss': 2.2991002531387434, 'accuracy': 0.21754385964912282, 'mlogloss': 2.2991002531387434, 'f1_macro': 0.1553460628185049, 'f1_micro': 0.21754385964912282, 'f1_weighted': 0.20477237777301552, 'precision_macro': 0.16222026511500195, 'precision_micro': 0.21754385964912282, 'precision_weighted': 0.20192855877066407, 'recall_macro': 0.16041745249411155, 'recall_micro': 0.21754385964912282, 'recall_weighted': 0.21754385964912282, 'loss': 2.2991002531387434}
[I 2024-09-19 11:29:20,112] Trial 66 finished with value: 2.2991002531387434 and parameters: {'learning_rate': 0.07821435598157192, 'reg_lambda': 0.0012002617339278133, 'reg_alpha': 0.0001824393661866985, 'subsample': 0.8430790471499294, 'colsample_bytree': 0.8432370643394846, 'max_depth': 2, 'early_stopping_rounds': 302, 'n_estimators': 7000}. Best is trial 59 with value: 2.280870100264021.
/opt/anaconda3/lib/python3.12/site-packages/sklearn/metrics/_classification.py:1517: UndefinedMetricWarning: F-score is ill-defined and being set to 0.0 in labels with no true nor predicted samples. Use `zero_division` parameter to control this behavior.
  _warn_prf(average, modifier, f"{metric.capitalize()} is", len(result))
/opt/anaconda3/lib/python3.12/site-packages/sklearn/metrics/_classification.py:1517: UndefinedMetricWarning: F-score is ill-defined and being set to 0.0 in labels with no true nor predicted samples. Use `zero_division` parameter to control this behavior.
  _warn_prf(average, modifier, f"{metric.capitalize()} is", len(result))
/opt/anaconda3/lib/python3.12/site-packages/sklearn/metrics/_classification.py:1517: UndefinedMetricWarning: Precision is ill-defined and being set to 0.0 in labels with no predicted samples. Use `zero_division` parameter to control this behavior.
  _warn_prf(average, modifier, f"{metric.capitalize()} is", len(result))
/opt/anaconda3/lib/python3.12/site-packages/sklearn/metrics/_classification.py:1517: UndefinedMetricWarning: Precision is ill-defined and being set to 0.0 in labels with no predicted samples. Use `zero_division` parameter to control this behavior.
  _warn_prf(average, modifier, f"{metric.capitalize()} is", len(result))
/opt/anaconda3/lib/python3.12/site-packages/sklearn/metrics/_classification.py:1517: UndefinedMetricWarning: Recall is ill-defined and being set to 0.0 in labels with no true samples. Use `zero_division` parameter to control this behavior.
  _warn_prf(average, modifier, f"{metric.capitalize()} is", len(result))
/opt/anaconda3/lib/python3.12/site-packages/sklearn/metrics/_classification.py:1517: UndefinedMetricWarning: Recall is ill-defined and being set to 0.0 in labels with no true samples. Use `zero_division` parameter to control this behavior.
  _warn_prf(average, modifier, f"{metric.capitalize()} is", len(result))
INFO     | 2024-09-19 11:29:20 | __main__:optimize:122 - Metrics: {'logloss': 2.2804091890901423, 'accuracy': 0.21754385964912282, 'mlogloss': 2.2804091890901423, 'f1_macro': 0.1510560074400359, 'f1_micro': 0.21754385964912282, 'f1_weighted': 0.1948363571354122, 'precision_macro': 0.16315119279515566, 'precision_micro': 0.21754385964912282, 'precision_weighted': 0.2072752467644109, 'recall_macro': 0.17235762902238877, 'recall_micro': 0.21754385964912282, 'recall_weighted': 0.21754385964912282, 'loss': 2.2804091890901423}
[I 2024-09-19 11:29:20,710] Trial 67 finished with value: 2.2804091890901423 and parameters: {'learning_rate': 0.09602617119672044, 'reg_lambda': 0.016675288004317727, 'reg_alpha': 0.0012730227154636163, 'subsample': 0.9789963493513819, 'colsample_bytree': 0.7596530728539179, 'max_depth': 1, 'early_stopping_rounds': 283, 'n_estimators': 20000}. Best is trial 67 with value: 2.2804091890901423.
/opt/anaconda3/lib/python3.12/site-packages/sklearn/metrics/_classification.py:1517: UndefinedMetricWarning: F-score is ill-defined and being set to 0.0 in labels with no true nor predicted samples. Use `zero_division` parameter to control this behavior.
  _warn_prf(average, modifier, f"{metric.capitalize()} is", len(result))
/opt/anaconda3/lib/python3.12/site-packages/sklearn/metrics/_classification.py:1517: UndefinedMetricWarning: F-score is ill-defined and being set to 0.0 in labels with no true nor predicted samples. Use `zero_division` parameter to control this behavior.
  _warn_prf(average, modifier, f"{metric.capitalize()} is", len(result))
/opt/anaconda3/lib/python3.12/site-packages/sklearn/metrics/_classification.py:1517: UndefinedMetricWarning: Precision is ill-defined and being set to 0.0 in labels with no predicted samples. Use `zero_division` parameter to control this behavior.
  _warn_prf(average, modifier, f"{metric.capitalize()} is", len(result))
/opt/anaconda3/lib/python3.12/site-packages/sklearn/metrics/_classification.py:1517: UndefinedMetricWarning: Precision is ill-defined and being set to 0.0 in labels with no predicted samples. Use `zero_division` parameter to control this behavior.
  _warn_prf(average, modifier, f"{metric.capitalize()} is", len(result))
/opt/anaconda3/lib/python3.12/site-packages/sklearn/metrics/_classification.py:1517: UndefinedMetricWarning: Recall is ill-defined and being set to 0.0 in labels with no true samples. Use `zero_division` parameter to control this behavior.
  _warn_prf(average, modifier, f"{metric.capitalize()} is", len(result))
/opt/anaconda3/lib/python3.12/site-packages/sklearn/metrics/_classification.py:1517: UndefinedMetricWarning: Recall is ill-defined and being set to 0.0 in labels with no true samples. Use `zero_division` parameter to control this behavior.
  _warn_prf(average, modifier, f"{metric.capitalize()} is", len(result))
INFO     | 2024-09-19 11:29:21 | __main__:optimize:122 - Metrics: {'logloss': 2.289386256894348, 'accuracy': 0.22807017543859648, 'mlogloss': 2.289386256894348, 'f1_macro': 0.15771218673705734, 'f1_micro': 0.22807017543859648, 'f1_weighted': 0.21478691787358134, 'precision_macro': 0.16658223159962884, 'precision_micro': 0.22807017543859648, 'precision_weighted': 0.21497318286087627, 'recall_macro': 0.16326808520744449, 'recall_micro': 0.22807017543859648, 'recall_weighted': 0.22807017543859648, 'loss': 2.289386256894348}
[I 2024-09-19 11:29:21,350] Trial 68 finished with value: 2.289386256894348 and parameters: {'learning_rate': 0.0675928439574111, 'reg_lambda': 0.13685228411807013, 'reg_alpha': 0.014439493392079976, 'subsample': 0.9889082516862246, 'colsample_bytree': 0.7535750223497573, 'max_depth': 2, 'early_stopping_rounds': 290, 'n_estimators': 20000}. Best is trial 67 with value: 2.2804091890901423.
/opt/anaconda3/lib/python3.12/site-packages/sklearn/metrics/_classification.py:1517: UndefinedMetricWarning: F-score is ill-defined and being set to 0.0 in labels with no true nor predicted samples. Use `zero_division` parameter to control this behavior.
  _warn_prf(average, modifier, f"{metric.capitalize()} is", len(result))
/opt/anaconda3/lib/python3.12/site-packages/sklearn/metrics/_classification.py:1517: UndefinedMetricWarning: F-score is ill-defined and being set to 0.0 in labels with no true nor predicted samples. Use `zero_division` parameter to control this behavior.
  _warn_prf(average, modifier, f"{metric.capitalize()} is", len(result))
/opt/anaconda3/lib/python3.12/site-packages/sklearn/metrics/_classification.py:1517: UndefinedMetricWarning: Precision is ill-defined and being set to 0.0 in labels with no predicted samples. Use `zero_division` parameter to control this behavior.
  _warn_prf(average, modifier, f"{metric.capitalize()} is", len(result))
/opt/anaconda3/lib/python3.12/site-packages/sklearn/metrics/_classification.py:1517: UndefinedMetricWarning: Precision is ill-defined and being set to 0.0 in labels with no predicted samples. Use `zero_division` parameter to control this behavior.
  _warn_prf(average, modifier, f"{metric.capitalize()} is", len(result))
/opt/anaconda3/lib/python3.12/site-packages/sklearn/metrics/_classification.py:1517: UndefinedMetricWarning: Recall is ill-defined and being set to 0.0 in labels with no true samples. Use `zero_division` parameter to control this behavior.
  _warn_prf(average, modifier, f"{metric.capitalize()} is", len(result))
/opt/anaconda3/lib/python3.12/site-packages/sklearn/metrics/_classification.py:1517: UndefinedMetricWarning: Recall is ill-defined and being set to 0.0 in labels with no true samples. Use `zero_division` parameter to control this behavior.
  _warn_prf(average, modifier, f"{metric.capitalize()} is", len(result))
INFO     | 2024-09-19 11:29:21 | __main__:optimize:122 - Metrics: {'logloss': 2.281753999571842, 'accuracy': 0.21052631578947367, 'mlogloss': 2.281753999571842, 'f1_macro': 0.14838575070313295, 'f1_micro': 0.21052631578947367, 'f1_weighted': 0.1908934832008224, 'precision_macro': 0.14897894503157663, 'precision_micro': 0.21052631578947367, 'precision_weighted': 0.19078178157125525, 'recall_macro': 0.16855606826430625, 'recall_micro': 0.21052631578947367, 'recall_weighted': 0.21052631578947367, 'loss': 2.281753999571842}
[I 2024-09-19 11:29:21,840] Trial 69 finished with value: 2.281753999571842 and parameters: {'learning_rate': 0.0955772139877576, 'reg_lambda': 0.01451474203935175, 'reg_alpha': 3.847761558723955e-06, 'subsample': 0.9754517977825296, 'colsample_bytree': 0.682031786657759, 'max_depth': 1, 'early_stopping_rounds': 304, 'n_estimators': 20000}. Best is trial 67 with value: 2.2804091890901423.
/opt/anaconda3/lib/python3.12/site-packages/sklearn/metrics/_classification.py:1517: UndefinedMetricWarning: F-score is ill-defined and being set to 0.0 in labels with no true nor predicted samples. Use `zero_division` parameter to control this behavior.
  _warn_prf(average, modifier, f"{metric.capitalize()} is", len(result))
/opt/anaconda3/lib/python3.12/site-packages/sklearn/metrics/_classification.py:1517: UndefinedMetricWarning: F-score is ill-defined and being set to 0.0 in labels with no true nor predicted samples. Use `zero_division` parameter to control this behavior.
  _warn_prf(average, modifier, f"{metric.capitalize()} is", len(result))
/opt/anaconda3/lib/python3.12/site-packages/sklearn/metrics/_classification.py:1517: UndefinedMetricWarning: Precision is ill-defined and being set to 0.0 in labels with no predicted samples. Use `zero_division` parameter to control this behavior.
  _warn_prf(average, modifier, f"{metric.capitalize()} is", len(result))
/opt/anaconda3/lib/python3.12/site-packages/sklearn/metrics/_classification.py:1517: UndefinedMetricWarning: Precision is ill-defined and being set to 0.0 in labels with no predicted samples. Use `zero_division` parameter to control this behavior.
  _warn_prf(average, modifier, f"{metric.capitalize()} is", len(result))
/opt/anaconda3/lib/python3.12/site-packages/sklearn/metrics/_classification.py:1517: UndefinedMetricWarning: Recall is ill-defined and being set to 0.0 in labels with no true samples. Use `zero_division` parameter to control this behavior.
  _warn_prf(average, modifier, f"{metric.capitalize()} is", len(result))
/opt/anaconda3/lib/python3.12/site-packages/sklearn/metrics/_classification.py:1517: UndefinedMetricWarning: Recall is ill-defined and being set to 0.0 in labels with no true samples. Use `zero_division` parameter to control this behavior.
  _warn_prf(average, modifier, f"{metric.capitalize()} is", len(result))
INFO     | 2024-09-19 11:29:22 | __main__:optimize:122 - Metrics: {'logloss': 2.2901080691047118, 'accuracy': 0.21052631578947367, 'mlogloss': 2.2901080691047118, 'f1_macro': 0.14985753366866025, 'f1_micro': 0.21052631578947367, 'f1_weighted': 0.2003978773290533, 'precision_macro': 0.15593733351170422, 'precision_micro': 0.21052631578947367, 'precision_weighted': 0.19673758347290002, 'recall_macro': 0.15350835980698682, 'recall_micro': 0.21052631578947367, 'recall_weighted': 0.21052631578947367, 'loss': 2.2901080691047118}
