[I 2024-09-19 11:27:26,907] Trial 7 finished with value: 2.4456585638851642 and parameters: {'learning_rate': 0.1760273313896802, 'reg_lambda': 17.087080874228675, 'reg_alpha': 0.30329060490817733, 'subsample': 0.6738976527535452, 'colsample_bytree': 0.1895414312746257, 'max_depth': 4, 'early_stopping_rounds': 368, 'n_estimators': 15000}. Best is trial 4 with value: 2.3515283540441962.
INFO:     127.0.0.1:54372 - "GET /ui/accelerators HTTP/1.1" 200 OK
INFO:     127.0.0.1:54373 - "GET /ui/is_model_training HTTP/1.1" 200 OK
/opt/anaconda3/lib/python3.12/site-packages/sklearn/metrics/_classification.py:1517: UndefinedMetricWarning: F-score is ill-defined and being set to 0.0 in labels with no true nor predicted samples. Use `zero_division` parameter to control this behavior.
  _warn_prf(average, modifier, f"{metric.capitalize()} is", len(result))
/opt/anaconda3/lib/python3.12/site-packages/sklearn/metrics/_classification.py:1517: UndefinedMetricWarning: F-score is ill-defined and being set to 0.0 in labels with no true nor predicted samples. Use `zero_division` parameter to control this behavior.
  _warn_prf(average, modifier, f"{metric.capitalize()} is", len(result))
/opt/anaconda3/lib/python3.12/site-packages/sklearn/metrics/_classification.py:1517: UndefinedMetricWarning: Precision is ill-defined and being set to 0.0 in labels with no predicted samples. Use `zero_division` parameter to control this behavior.
  _warn_prf(average, modifier, f"{metric.capitalize()} is", len(result))
/opt/anaconda3/lib/python3.12/site-packages/sklearn/metrics/_classification.py:1517: UndefinedMetricWarning: Precision is ill-defined and being set to 0.0 in labels with no predicted samples. Use `zero_division` parameter to control this behavior.
  _warn_prf(average, modifier, f"{metric.capitalize()} is", len(result))
/opt/anaconda3/lib/python3.12/site-packages/sklearn/metrics/_classification.py:1517: UndefinedMetricWarning: Recall is ill-defined and being set to 0.0 in labels with no true samples. Use `zero_division` parameter to control this behavior.
  _warn_prf(average, modifier, f"{metric.capitalize()} is", len(result))
/opt/anaconda3/lib/python3.12/site-packages/sklearn/metrics/_classification.py:1517: UndefinedMetricWarning: Recall is ill-defined and being set to 0.0 in labels with no true samples. Use `zero_division` parameter to control this behavior.
  _warn_prf(average, modifier, f"{metric.capitalize()} is", len(result))
INFO     | 2024-09-19 11:27:30 | __main__:optimize:122 - Metrics: {'logloss': 2.707116772862884, 'accuracy': 0.11578947368421053, 'mlogloss': 2.707116772862884, 'f1_macro': 0.06174690044187364, 'f1_micro': 0.11578947368421053, 'f1_weighted': 0.1023755890959988, 'precision_macro': 0.056433464664621916, 'precision_micro': 0.11578947368421053, 'precision_weighted': 0.09360263941746808, 'recall_macro': 0.06979757085020244, 'recall_micro': 0.11578947368421053, 'recall_weighted': 0.11578947368421053, 'loss': 2.707116772862884}
[I 2024-09-19 11:27:30,341] Trial 8 finished with value: 2.707116772862884 and parameters: {'learning_rate': 0.029158101240506887, 'reg_lambda': 7.017415880467695e-07, 'reg_alpha': 3.6604095325930586e-06, 'subsample': 0.9313761142502457, 'colsample_bytree': 0.2972624022031876, 'max_depth': 9, 'early_stopping_rounds': 479, 'n_estimators': 7000}. Best is trial 4 with value: 2.3515283540441962.
/opt/anaconda3/lib/python3.12/site-packages/sklearn/metrics/_classification.py:1517: UndefinedMetricWarning: F-score is ill-defined and being set to 0.0 in labels with no true nor predicted samples. Use `zero_division` parameter to control this behavior.
  _warn_prf(average, modifier, f"{metric.capitalize()} is", len(result))
/opt/anaconda3/lib/python3.12/site-packages/sklearn/metrics/_classification.py:1517: UndefinedMetricWarning: F-score is ill-defined and being set to 0.0 in labels with no true nor predicted samples. Use `zero_division` parameter to control this behavior.
  _warn_prf(average, modifier, f"{metric.capitalize()} is", len(result))
/opt/anaconda3/lib/python3.12/site-packages/sklearn/metrics/_classification.py:1517: UndefinedMetricWarning: Precision is ill-defined and being set to 0.0 in labels with no predicted samples. Use `zero_division` parameter to control this behavior.
  _warn_prf(average, modifier, f"{metric.capitalize()} is", len(result))
/opt/anaconda3/lib/python3.12/site-packages/sklearn/metrics/_classification.py:1517: UndefinedMetricWarning: Precision is ill-defined and being set to 0.0 in labels with no predicted samples. Use `zero_division` parameter to control this behavior.
  _warn_prf(average, modifier, f"{metric.capitalize()} is", len(result))
/opt/anaconda3/lib/python3.12/site-packages/sklearn/metrics/_classification.py:1517: UndefinedMetricWarning: Recall is ill-defined and being set to 0.0 in labels with no true samples. Use `zero_division` parameter to control this behavior.
  _warn_prf(average, modifier, f"{metric.capitalize()} is", len(result))
/opt/anaconda3/lib/python3.12/site-packages/sklearn/metrics/_classification.py:1517: UndefinedMetricWarning: Recall is ill-defined and being set to 0.0 in labels with no true samples. Use `zero_division` parameter to control this behavior.
  _warn_prf(average, modifier, f"{metric.capitalize()} is", len(result))
INFO     | 2024-09-19 11:27:31 | __main__:optimize:122 - Metrics: {'logloss': 2.3951320346938796, 'accuracy': 0.1649122807017544, 'mlogloss': 2.3951320346938796, 'f1_macro': 0.11831898121371803, 'f1_micro': 0.1649122807017544, 'f1_weighted': 0.15308640547237037, 'precision_macro': 0.11828753032313405, 'precision_micro': 0.1649122807017544, 'precision_weighted': 0.14765093065402665, 'recall_macro': 0.1233546100479739, 'recall_micro': 0.1649122807017544, 'recall_weighted': 0.1649122807017544, 'loss': 2.3951320346938796}
[I 2024-09-19 11:27:31,420] Trial 9 finished with value: 2.3951320346938796 and parameters: {'learning_rate': 0.06821091511473099, 'reg_lambda': 0.00013635980077916825, 'reg_alpha': 7.380280196863344e-05, 'subsample': 0.1984704505185286, 'colsample_bytree': 0.18722080591831125, 'max_depth': 1, 'early_stopping_rounds': 444, 'n_estimators': 7000}. Best is trial 4 with value: 2.3515283540441962.
/opt/anaconda3/lib/python3.12/site-packages/sklearn/metrics/_classification.py:1517: UndefinedMetricWarning: F-score is ill-defined and being set to 0.0 in labels with no true nor predicted samples. Use `zero_division` parameter to control this behavior.
  _warn_prf(average, modifier, f"{metric.capitalize()} is", len(result))
/opt/anaconda3/lib/python3.12/site-packages/sklearn/metrics/_classification.py:1517: UndefinedMetricWarning: F-score is ill-defined and being set to 0.0 in labels with no true nor predicted samples. Use `zero_division` parameter to control this behavior.
  _warn_prf(average, modifier, f"{metric.capitalize()} is", len(result))
/opt/anaconda3/lib/python3.12/site-packages/sklearn/metrics/_classification.py:1517: UndefinedMetricWarning: Precision is ill-defined and being set to 0.0 in labels with no predicted samples. Use `zero_division` parameter to control this behavior.
  _warn_prf(average, modifier, f"{metric.capitalize()} is", len(result))
/opt/anaconda3/lib/python3.12/site-packages/sklearn/metrics/_classification.py:1517: UndefinedMetricWarning: Precision is ill-defined and being set to 0.0 in labels with no predicted samples. Use `zero_division` parameter to control this behavior.
  _warn_prf(average, modifier, f"{metric.capitalize()} is", len(result))
/opt/anaconda3/lib/python3.12/site-packages/sklearn/metrics/_classification.py:1517: UndefinedMetricWarning: Recall is ill-defined and being set to 0.0 in labels with no true samples. Use `zero_division` parameter to control this behavior.
  _warn_prf(average, modifier, f"{metric.capitalize()} is", len(result))
/opt/anaconda3/lib/python3.12/site-packages/sklearn/metrics/_classification.py:1517: UndefinedMetricWarning: Recall is ill-defined and being set to 0.0 in labels with no true samples. Use `zero_division` parameter to control this behavior.
  _warn_prf(average, modifier, f"{metric.capitalize()} is", len(result))
INFO     | 2024-09-19 11:27:32 | __main__:optimize:122 - Metrics: {'logloss': 2.3941471121507214, 'accuracy': 0.1824561403508772, 'mlogloss': 2.3941471121507214, 'f1_macro': 0.13256506508874064, 'f1_micro': 0.1824561403508772, 'f1_weighted': 0.17373458564745806, 'precision_macro': 0.1513386800849941, 'precision_micro': 0.1824561403508772, 'precision_weighted': 0.17465716176019097, 'recall_macro': 0.13047111926974628, 'recall_micro': 0.1824561403508772, 'recall_weighted': 0.1824561403508772, 'loss': 2.3941471121507214}
[I 2024-09-19 11:27:32,479] Trial 10 finished with value: 2.3941471121507214 and parameters: {'learning_rate': 0.010465241192324426, 'reg_lambda': 0.20670432223009905, 'reg_alpha': 0.030171147410199984, 'subsample': 0.3926751961535577, 'colsample_bytree': 0.5137827577277336, 'max_depth': 3, 'early_stopping_rounds': 140, 'n_estimators': 15000}. Best is trial 4 with value: 2.3515283540441962.
INFO:     127.0.0.1:54376 - "GET /ui/is_model_training HTTP/1.1" 200 OK
/opt/anaconda3/lib/python3.12/site-packages/sklearn/metrics/_classification.py:1517: UndefinedMetricWarning: F-score is ill-defined and being set to 0.0 in labels with no true nor predicted samples. Use `zero_division` parameter to control this behavior.
  _warn_prf(average, modifier, f"{metric.capitalize()} is", len(result))
/opt/anaconda3/lib/python3.12/site-packages/sklearn/metrics/_classification.py:1517: UndefinedMetricWarning: F-score is ill-defined and being set to 0.0 in labels with no true nor predicted samples. Use `zero_division` parameter to control this behavior.
  _warn_prf(average, modifier, f"{metric.capitalize()} is", len(result))
/opt/anaconda3/lib/python3.12/site-packages/sklearn/metrics/_classification.py:1517: UndefinedMetricWarning: Precision is ill-defined and being set to 0.0 in labels with no predicted samples. Use `zero_division` parameter to control this behavior.
  _warn_prf(average, modifier, f"{metric.capitalize()} is", len(result))
/opt/anaconda3/lib/python3.12/site-packages/sklearn/metrics/_classification.py:1517: UndefinedMetricWarning: Precision is ill-defined and being set to 0.0 in labels with no predicted samples. Use `zero_division` parameter to control this behavior.
  _warn_prf(average, modifier, f"{metric.capitalize()} is", len(result))
/opt/anaconda3/lib/python3.12/site-packages/sklearn/metrics/_classification.py:1517: UndefinedMetricWarning: Recall is ill-defined and being set to 0.0 in labels with no true samples. Use `zero_division` parameter to control this behavior.
  _warn_prf(average, modifier, f"{metric.capitalize()} is", len(result))
/opt/anaconda3/lib/python3.12/site-packages/sklearn/metrics/_classification.py:1517: UndefinedMetricWarning: Recall is ill-defined and being set to 0.0 in labels with no true samples. Use `zero_division` parameter to control this behavior.
  _warn_prf(average, modifier, f"{metric.capitalize()} is", len(result))
INFO     | 2024-09-19 11:27:36 | __main__:optimize:122 - Metrics: {'logloss': 2.360651866728426, 'accuracy': 0.16140350877192983, 'mlogloss': 2.360651866728426, 'f1_macro': 0.0920791465680071, 'f1_micro': 0.16140350877192983, 'f1_weighted': 0.15062977475238498, 'precision_macro': 0.08809578206663597, 'precision_micro': 0.16140350877192983, 'precision_weighted': 0.14419963738715996, 'recall_macro': 0.09866604219579046, 'recall_micro': 0.16140350877192983, 'recall_weighted': 0.16140350877192983, 'loss': 2.360651866728426}
[I 2024-09-19 11:27:36,081] Trial 11 finished with value: 2.360651866728426 and parameters: {'learning_rate': 0.026520481123976505, 'reg_lambda': 94.38085070626664, 'reg_alpha': 3.7616307110619793e-06, 'subsample': 0.69523537267082, 'colsample_bytree': 0.5103015293474209, 'max_depth': 7, 'early_stopping_rounds': 241, 'n_estimators': 15000}. Best is trial 4 with value: 2.3515283540441962.
INFO:     127.0.0.1:54381 - "GET /ui/is_model_training HTTP/1.1" 200 OK
INFO:     127.0.0.1:54380 - "GET /ui/accelerators HTTP/1.1" 200 OK
/opt/anaconda3/lib/python3.12/site-packages/sklearn/metrics/_classification.py:1517: UndefinedMetricWarning: F-score is ill-defined and being set to 0.0 in labels with no true nor predicted samples. Use `zero_division` parameter to control this behavior.
  _warn_prf(average, modifier, f"{metric.capitalize()} is", len(result))
/opt/anaconda3/lib/python3.12/site-packages/sklearn/metrics/_classification.py:1517: UndefinedMetricWarning: F-score is ill-defined and being set to 0.0 in labels with no true nor predicted samples. Use `zero_division` parameter to control this behavior.
  _warn_prf(average, modifier, f"{metric.capitalize()} is", len(result))
/opt/anaconda3/lib/python3.12/site-packages/sklearn/metrics/_classification.py:1517: UndefinedMetricWarning: Precision is ill-defined and being set to 0.0 in labels with no predicted samples. Use `zero_division` parameter to control this behavior.
  _warn_prf(average, modifier, f"{metric.capitalize()} is", len(result))
/opt/anaconda3/lib/python3.12/site-packages/sklearn/metrics/_classification.py:1517: UndefinedMetricWarning: Precision is ill-defined and being set to 0.0 in labels with no predicted samples. Use `zero_division` parameter to control this behavior.
  _warn_prf(average, modifier, f"{metric.capitalize()} is", len(result))
/opt/anaconda3/lib/python3.12/site-packages/sklearn/metrics/_classification.py:1517: UndefinedMetricWarning: Recall is ill-defined and being set to 0.0 in labels with no true samples. Use `zero_division` parameter to control this behavior.
  _warn_prf(average, modifier, f"{metric.capitalize()} is", len(result))
/opt/anaconda3/lib/python3.12/site-packages/sklearn/metrics/_classification.py:1517: UndefinedMetricWarning: Recall is ill-defined and being set to 0.0 in labels with no true samples. Use `zero_division` parameter to control this behavior.
  _warn_prf(average, modifier, f"{metric.capitalize()} is", len(result))
INFO     | 2024-09-19 11:27:38 | __main__:optimize:122 - Metrics: {'logloss': 2.611237524542334, 'accuracy': 0.13333333333333333, 'mlogloss': 2.611237524542334, 'f1_macro': 0.09481709867985376, 'f1_micro': 0.13333333333333333, 'f1_weighted': 0.12198022878823002, 'precision_macro': 0.0922420734183049, 'precision_micro': 0.13333333333333333, 'precision_weighted': 0.11446943859776572, 'recall_macro': 0.10033922599139991, 'recall_micro': 0.13333333333333333, 'recall_weighted': 0.13333333333333333, 'loss': 2.611237524542334}
[I 2024-09-19 11:27:38,026] Trial 12 finished with value: 2.611237524542334 and parameters: {'learning_rate': 0.24217441929593952, 'reg_lambda': 0.3018591811011423, 'reg_alpha': 1.584082411547796e-07, 'subsample': 0.6210780410749875, 'colsample_bytree': 0.395877501197306, 'max_depth': 7, 'early_stopping_rounds': 241, 'n_estimators': 15000}. Best is trial 4 with value: 2.3515283540441962.
/opt/anaconda3/lib/python3.12/site-packages/sklearn/metrics/_classification.py:1517: UndefinedMetricWarning: F-score is ill-defined and being set to 0.0 in labels with no true nor predicted samples. Use `zero_division` parameter to control this behavior.
  _warn_prf(average, modifier, f"{metric.capitalize()} is", len(result))
/opt/anaconda3/lib/python3.12/site-packages/sklearn/metrics/_classification.py:1517: UndefinedMetricWarning: F-score is ill-defined and being set to 0.0 in labels with no true nor predicted samples. Use `zero_division` parameter to control this behavior.
  _warn_prf(average, modifier, f"{metric.capitalize()} is", len(result))
/opt/anaconda3/lib/python3.12/site-packages/sklearn/metrics/_classification.py:1517: UndefinedMetricWarning: Precision is ill-defined and being set to 0.0 in labels with no predicted samples. Use `zero_division` parameter to control this behavior.
  _warn_prf(average, modifier, f"{metric.capitalize()} is", len(result))
/opt/anaconda3/lib/python3.12/site-packages/sklearn/metrics/_classification.py:1517: UndefinedMetricWarning: Precision is ill-defined and being set to 0.0 in labels with no predicted samples. Use `zero_division` parameter to control this behavior.
  _warn_prf(average, modifier, f"{metric.capitalize()} is", len(result))
/opt/anaconda3/lib/python3.12/site-packages/sklearn/metrics/_classification.py:1517: UndefinedMetricWarning: Recall is ill-defined and being set to 0.0 in labels with no true samples. Use `zero_division` parameter to control this behavior.
  _warn_prf(average, modifier, f"{metric.capitalize()} is", len(result))
/opt/anaconda3/lib/python3.12/site-packages/sklearn/metrics/_classification.py:1517: UndefinedMetricWarning: Recall is ill-defined and being set to 0.0 in labels with no true samples. Use `zero_division` parameter to control this behavior.
  _warn_prf(average, modifier, f"{metric.capitalize()} is", len(result))
INFO     | 2024-09-19 11:27:38 | __main__:optimize:122 - Metrics: {'logloss': 2.394041301124752, 'accuracy': 0.17543859649122806, 'mlogloss': 2.394041301124752, 'f1_macro': 0.12016146835298128, 'f1_micro': 0.17543859649122806, 'f1_weighted': 0.16730052656767755, 'precision_macro': 0.1322320084936007, 'precision_micro': 0.17543859649122806, 'precision_weighted': 0.167471553742781, 'recall_macro': 0.1199503426906173, 'recall_micro': 0.17543859649122806, 'recall_weighted': 0.17543859649122806, 'loss': 2.394041301124752}
[I 2024-09-19 11:27:38,720] Trial 13 finished with value: 2.394041301124752 and parameters: {'learning_rate': 0.030098302982136317, 'reg_lambda': 3.281790114401726e-05, 'reg_alpha': 1.4662521149663121e-06, 'subsample': 0.38462734362614104, 'colsample_bytree': 0.6790563923162748, 'max_depth': 3, 'early_stopping_rounds': 142, 'n_estimators': 15000}. Best is trial 4 with value: 2.3515283540441962.
INFO:     127.0.0.1:54385 - "GET /ui/is_model_training HTTP/1.1" 200 OK
INFO:     127.0.0.1:54389 - "GET /ui/is_model_training HTTP/1.1" 200 OK
INFO:     127.0.0.1:54388 - "GET /ui/accelerators HTTP/1.1" 200 OK
INFO:     127.0.0.1:54392 - "GET /ui/is_model_training HTTP/1.1" 200 OK
/opt/anaconda3/lib/python3.12/site-packages/sklearn/metrics/_classification.py:1517: UndefinedMetricWarning: F-score is ill-defined and being set to 0.0 in labels with no true nor predicted samples. Use `zero_division` parameter to control this behavior.
  _warn_prf(average, modifier, f"{metric.capitalize()} is", len(result))
/opt/anaconda3/lib/python3.12/site-packages/sklearn/metrics/_classification.py:1517: UndefinedMetricWarning: F-score is ill-defined and being set to 0.0 in labels with no true nor predicted samples. Use `zero_division` parameter to control this behavior.
  _warn_prf(average, modifier, f"{metric.capitalize()} is", len(result))
/opt/anaconda3/lib/python3.12/site-packages/sklearn/metrics/_classification.py:1517: UndefinedMetricWarning: Precision is ill-defined and being set to 0.0 in labels with no predicted samples. Use `zero_division` parameter to control this behavior.
  _warn_prf(average, modifier, f"{metric.capitalize()} is", len(result))
/opt/anaconda3/lib/python3.12/site-packages/sklearn/metrics/_classification.py:1517: UndefinedMetricWarning: Precision is ill-defined and being set to 0.0 in labels with no predicted samples. Use `zero_division` parameter to control this behavior.
  _warn_prf(average, modifier, f"{metric.capitalize()} is", len(result))
/opt/anaconda3/lib/python3.12/site-packages/sklearn/metrics/_classification.py:1517: UndefinedMetricWarning: Recall is ill-defined and being set to 0.0 in labels with no true samples. Use `zero_division` parameter to control this behavior.
  _warn_prf(average, modifier, f"{metric.capitalize()} is", len(result))
/opt/anaconda3/lib/python3.12/site-packages/sklearn/metrics/_classification.py:1517: UndefinedMetricWarning: Recall is ill-defined and being set to 0.0 in labels with no true samples. Use `zero_division` parameter to control this behavior.
  _warn_prf(average, modifier, f"{metric.capitalize()} is", len(result))
INFO     | 2024-09-19 11:27:53 | __main__:optimize:122 - Metrics: {'logloss': 2.3723010431179437, 'accuracy': 0.20701754385964913, 'mlogloss': 2.3723010431179437, 'f1_macro': 0.11468566162118889, 'f1_micro': 0.20701754385964913, 'f1_weighted': 0.181302535920126, 'precision_macro': 0.1046332909853781, 'precision_micro': 0.20701754385964913, 'precision_weighted': 0.16521516505545544, 'recall_macro': 0.13081894395967622, 'recall_micro': 0.20701754385964913, 'recall_weighted': 0.20701754385964913, 'loss': 2.3723010431179437}
