[I 2024-09-19 11:29:00,762] Trial 42 finished with value: 2.2829944354781984 and parameters: {'learning_rate': 0.10537641661028875, 'reg_lambda': 0.0038771936808140732, 'reg_alpha': 1.0842953290521709e-07, 'subsample': 0.9646089131363436, 'colsample_bytree': 0.9556855159669746, 'max_depth': 1, 'early_stopping_rounds': 338, 'n_estimators': 20000}. Best is trial 37 with value: 2.28111094591807.
/opt/anaconda3/lib/python3.12/site-packages/sklearn/metrics/_classification.py:1517: UndefinedMetricWarning: F-score is ill-defined and being set to 0.0 in labels with no true nor predicted samples. Use `zero_division` parameter to control this behavior.
  _warn_prf(average, modifier, f"{metric.capitalize()} is", len(result))
/opt/anaconda3/lib/python3.12/site-packages/sklearn/metrics/_classification.py:1517: UndefinedMetricWarning: F-score is ill-defined and being set to 0.0 in labels with no true nor predicted samples. Use `zero_division` parameter to control this behavior.
  _warn_prf(average, modifier, f"{metric.capitalize()} is", len(result))
/opt/anaconda3/lib/python3.12/site-packages/sklearn/metrics/_classification.py:1517: UndefinedMetricWarning: Precision is ill-defined and being set to 0.0 in labels with no predicted samples. Use `zero_division` parameter to control this behavior.
  _warn_prf(average, modifier, f"{metric.capitalize()} is", len(result))
/opt/anaconda3/lib/python3.12/site-packages/sklearn/metrics/_classification.py:1517: UndefinedMetricWarning: Precision is ill-defined and being set to 0.0 in labels with no predicted samples. Use `zero_division` parameter to control this behavior.
  _warn_prf(average, modifier, f"{metric.capitalize()} is", len(result))
/opt/anaconda3/lib/python3.12/site-packages/sklearn/metrics/_classification.py:1517: UndefinedMetricWarning: Recall is ill-defined and being set to 0.0 in labels with no true samples. Use `zero_division` parameter to control this behavior.
  _warn_prf(average, modifier, f"{metric.capitalize()} is", len(result))
/opt/anaconda3/lib/python3.12/site-packages/sklearn/metrics/_classification.py:1517: UndefinedMetricWarning: Recall is ill-defined and being set to 0.0 in labels with no true samples. Use `zero_division` parameter to control this behavior.
  _warn_prf(average, modifier, f"{metric.capitalize()} is", len(result))
INFO     | 2024-09-19 11:29:01 | __main__:optimize:122 - Metrics: {'logloss': 2.2851225478405826, 'accuracy': 0.22456140350877193, 'mlogloss': 2.2851225478405826, 'f1_macro': 0.1552029676624983, 'f1_micro': 0.22456140350877193, 'f1_weighted': 0.20162390558718357, 'precision_macro': 0.16100839049297924, 'precision_micro': 0.22456140350877193, 'precision_weighted': 0.21328301311105688, 'recall_macro': 0.17715222420599996, 'recall_micro': 0.22456140350877193, 'recall_weighted': 0.22456140350877193, 'loss': 2.2851225478405826}
[I 2024-09-19 11:29:01,764] Trial 43 finished with value: 2.2851225478405826 and parameters: {'learning_rate': 0.10666234742466815, 'reg_lambda': 0.0022327867167910506, 'reg_alpha': 1.2423018055659553e-07, 'subsample': 0.9490176587077461, 'colsample_bytree': 0.9507206407538741, 'max_depth': 1, 'early_stopping_rounds': 383, 'n_estimators': 20000}. Best is trial 37 with value: 2.28111094591807.
/opt/anaconda3/lib/python3.12/site-packages/sklearn/metrics/_classification.py:1517: UndefinedMetricWarning: F-score is ill-defined and being set to 0.0 in labels with no true nor predicted samples. Use `zero_division` parameter to control this behavior.
  _warn_prf(average, modifier, f"{metric.capitalize()} is", len(result))
/opt/anaconda3/lib/python3.12/site-packages/sklearn/metrics/_classification.py:1517: UndefinedMetricWarning: F-score is ill-defined and being set to 0.0 in labels with no true nor predicted samples. Use `zero_division` parameter to control this behavior.
  _warn_prf(average, modifier, f"{metric.capitalize()} is", len(result))
/opt/anaconda3/lib/python3.12/site-packages/sklearn/metrics/_classification.py:1517: UndefinedMetricWarning: Precision is ill-defined and being set to 0.0 in labels with no predicted samples. Use `zero_division` parameter to control this behavior.
  _warn_prf(average, modifier, f"{metric.capitalize()} is", len(result))
/opt/anaconda3/lib/python3.12/site-packages/sklearn/metrics/_classification.py:1517: UndefinedMetricWarning: Precision is ill-defined and being set to 0.0 in labels with no predicted samples. Use `zero_division` parameter to control this behavior.
  _warn_prf(average, modifier, f"{metric.capitalize()} is", len(result))
/opt/anaconda3/lib/python3.12/site-packages/sklearn/metrics/_classification.py:1517: UndefinedMetricWarning: Recall is ill-defined and being set to 0.0 in labels with no true samples. Use `zero_division` parameter to control this behavior.
  _warn_prf(average, modifier, f"{metric.capitalize()} is", len(result))
/opt/anaconda3/lib/python3.12/site-packages/sklearn/metrics/_classification.py:1517: UndefinedMetricWarning: Recall is ill-defined and being set to 0.0 in labels with no true samples. Use `zero_division` parameter to control this behavior.
  _warn_prf(average, modifier, f"{metric.capitalize()} is", len(result))
INFO     | 2024-09-19 11:29:02 | __main__:optimize:122 - Metrics: {'logloss': 2.2840065025084715, 'accuracy': 0.20350877192982456, 'mlogloss': 2.2840065025084715, 'f1_macro': 0.14213256069391175, 'f1_micro': 0.20350877192982456, 'f1_weighted': 0.18600958541807391, 'precision_macro': 0.13442462690123216, 'precision_micro': 0.20350877192982456, 'precision_weighted': 0.18095161543984645, 'recall_macro': 0.1619602587852016, 'recall_micro': 0.20350877192982456, 'recall_weighted': 0.20350877192982456, 'loss': 2.2840065025084715}
[I 2024-09-19 11:29:02,423] Trial 44 finished with value: 2.2840065025084715 and parameters: {'learning_rate': 0.10767100682673, 'reg_lambda': 0.003218810071060432, 'reg_alpha': 3.564310217907723e-08, 'subsample': 0.8827019020227515, 'colsample_bytree': 0.9588098978046455, 'max_depth': 1, 'early_stopping_rounds': 390, 'n_estimators': 20000}. Best is trial 37 with value: 2.28111094591807.
/opt/anaconda3/lib/python3.12/site-packages/sklearn/metrics/_classification.py:1517: UndefinedMetricWarning: F-score is ill-defined and being set to 0.0 in labels with no true nor predicted samples. Use `zero_division` parameter to control this behavior.
  _warn_prf(average, modifier, f"{metric.capitalize()} is", len(result))
/opt/anaconda3/lib/python3.12/site-packages/sklearn/metrics/_classification.py:1517: UndefinedMetricWarning: F-score is ill-defined and being set to 0.0 in labels with no true nor predicted samples. Use `zero_division` parameter to control this behavior.
  _warn_prf(average, modifier, f"{metric.capitalize()} is", len(result))
/opt/anaconda3/lib/python3.12/site-packages/sklearn/metrics/_classification.py:1517: UndefinedMetricWarning: Precision is ill-defined and being set to 0.0 in labels with no predicted samples. Use `zero_division` parameter to control this behavior.
  _warn_prf(average, modifier, f"{metric.capitalize()} is", len(result))
/opt/anaconda3/lib/python3.12/site-packages/sklearn/metrics/_classification.py:1517: UndefinedMetricWarning: Precision is ill-defined and being set to 0.0 in labels with no predicted samples. Use `zero_division` parameter to control this behavior.
  _warn_prf(average, modifier, f"{metric.capitalize()} is", len(result))
/opt/anaconda3/lib/python3.12/site-packages/sklearn/metrics/_classification.py:1517: UndefinedMetricWarning: Recall is ill-defined and being set to 0.0 in labels with no true samples. Use `zero_division` parameter to control this behavior.
  _warn_prf(average, modifier, f"{metric.capitalize()} is", len(result))
/opt/anaconda3/lib/python3.12/site-packages/sklearn/metrics/_classification.py:1517: UndefinedMetricWarning: Recall is ill-defined and being set to 0.0 in labels with no true samples. Use `zero_division` parameter to control this behavior.
  _warn_prf(average, modifier, f"{metric.capitalize()} is", len(result))
INFO     | 2024-09-19 11:29:03 | __main__:optimize:122 - Metrics: {'logloss': 2.2811405650093595, 'accuracy': 0.21052631578947367, 'mlogloss': 2.2811405650093595, 'f1_macro': 0.14043796777920253, 'f1_micro': 0.21052631578947367, 'f1_weighted': 0.18978298722604595, 'precision_macro': 0.1377062480410849, 'precision_micro': 0.21052631578947367, 'precision_weighted': 0.1887987790458881, 'recall_macro': 0.15911147014693924, 'recall_micro': 0.21052631578947367, 'recall_weighted': 0.21052631578947367, 'loss': 2.2811405650093595}
[I 2024-09-19 11:29:03,075] Trial 45 finished with value: 2.2811405650093595 and parameters: {'learning_rate': 0.16270413913320744, 'reg_lambda': 0.0023657826772925583, 'reg_alpha': 2.3667146483634625e-07, 'subsample': 0.8731722585365482, 'colsample_bytree': 0.960597108712064, 'max_depth': 1, 'early_stopping_rounds': 392, 'n_estimators': 20000}. Best is trial 37 with value: 2.28111094591807.
/opt/anaconda3/lib/python3.12/site-packages/sklearn/metrics/_classification.py:1517: UndefinedMetricWarning: F-score is ill-defined and being set to 0.0 in labels with no true nor predicted samples. Use `zero_division` parameter to control this behavior.
  _warn_prf(average, modifier, f"{metric.capitalize()} is", len(result))
/opt/anaconda3/lib/python3.12/site-packages/sklearn/metrics/_classification.py:1517: UndefinedMetricWarning: F-score is ill-defined and being set to 0.0 in labels with no true nor predicted samples. Use `zero_division` parameter to control this behavior.
  _warn_prf(average, modifier, f"{metric.capitalize()} is", len(result))
/opt/anaconda3/lib/python3.12/site-packages/sklearn/metrics/_classification.py:1517: UndefinedMetricWarning: Precision is ill-defined and being set to 0.0 in labels with no predicted samples. Use `zero_division` parameter to control this behavior.
  _warn_prf(average, modifier, f"{metric.capitalize()} is", len(result))
/opt/anaconda3/lib/python3.12/site-packages/sklearn/metrics/_classification.py:1517: UndefinedMetricWarning: Precision is ill-defined and being set to 0.0 in labels with no predicted samples. Use `zero_division` parameter to control this behavior.
  _warn_prf(average, modifier, f"{metric.capitalize()} is", len(result))
/opt/anaconda3/lib/python3.12/site-packages/sklearn/metrics/_classification.py:1517: UndefinedMetricWarning: Recall is ill-defined and being set to 0.0 in labels with no true samples. Use `zero_division` parameter to control this behavior.
  _warn_prf(average, modifier, f"{metric.capitalize()} is", len(result))
/opt/anaconda3/lib/python3.12/site-packages/sklearn/metrics/_classification.py:1517: UndefinedMetricWarning: Recall is ill-defined and being set to 0.0 in labels with no true samples. Use `zero_division` parameter to control this behavior.
  _warn_prf(average, modifier, f"{metric.capitalize()} is", len(result))
INFO     | 2024-09-19 11:29:03 | __main__:optimize:122 - Metrics: {'logloss': 2.284054406706375, 'accuracy': 0.21403508771929824, 'mlogloss': 2.284054406706375, 'f1_macro': 0.14219317884956215, 'f1_micro': 0.21403508771929824, 'f1_weighted': 0.18703105133061196, 'precision_macro': 0.13748865044530678, 'precision_micro': 0.21403508771929824, 'precision_weighted': 0.18500654983317522, 'recall_macro': 0.16765477657354086, 'recall_micro': 0.21403508771929824, 'recall_weighted': 0.21403508771929824, 'loss': 2.284054406706375}
[I 2024-09-19 11:29:03,748] Trial 46 finished with value: 2.284054406706375 and parameters: {'learning_rate': 0.15371904070313896, 'reg_lambda': 0.0017778191195180059, 'reg_alpha': 1.8555305773790396e-07, 'subsample': 0.8800521199108348, 'colsample_bytree': 0.9616200350403457, 'max_depth': 1, 'early_stopping_rounds': 404, 'n_estimators': 20000}. Best is trial 37 with value: 2.28111094591807.
/opt/anaconda3/lib/python3.12/site-packages/sklearn/metrics/_classification.py:1517: UndefinedMetricWarning: F-score is ill-defined and being set to 0.0 in labels with no true nor predicted samples. Use `zero_division` parameter to control this behavior.
  _warn_prf(average, modifier, f"{metric.capitalize()} is", len(result))
/opt/anaconda3/lib/python3.12/site-packages/sklearn/metrics/_classification.py:1517: UndefinedMetricWarning: F-score is ill-defined and being set to 0.0 in labels with no true nor predicted samples. Use `zero_division` parameter to control this behavior.
  _warn_prf(average, modifier, f"{metric.capitalize()} is", len(result))
/opt/anaconda3/lib/python3.12/site-packages/sklearn/metrics/_classification.py:1517: UndefinedMetricWarning: Precision is ill-defined and being set to 0.0 in labels with no predicted samples. Use `zero_division` parameter to control this behavior.
  _warn_prf(average, modifier, f"{metric.capitalize()} is", len(result))
/opt/anaconda3/lib/python3.12/site-packages/sklearn/metrics/_classification.py:1517: UndefinedMetricWarning: Precision is ill-defined and being set to 0.0 in labels with no predicted samples. Use `zero_division` parameter to control this behavior.
  _warn_prf(average, modifier, f"{metric.capitalize()} is", len(result))
/opt/anaconda3/lib/python3.12/site-packages/sklearn/metrics/_classification.py:1517: UndefinedMetricWarning: Recall is ill-defined and being set to 0.0 in labels with no true samples. Use `zero_division` parameter to control this behavior.
  _warn_prf(average, modifier, f"{metric.capitalize()} is", len(result))
/opt/anaconda3/lib/python3.12/site-packages/sklearn/metrics/_classification.py:1517: UndefinedMetricWarning: Recall is ill-defined and being set to 0.0 in labels with no true samples. Use `zero_division` parameter to control this behavior.
  _warn_prf(average, modifier, f"{metric.capitalize()} is", len(result))
INFO     | 2024-09-19 11:29:04 | __main__:optimize:122 - Metrics: {'logloss': 2.283802220787529, 'accuracy': 0.20350877192982456, 'mlogloss': 2.283802220787529, 'f1_macro': 0.14131378373949896, 'f1_micro': 0.20350877192982456, 'f1_weighted': 0.18243686597812647, 'precision_macro': 0.13458529908270245, 'precision_micro': 0.20350877192982456, 'precision_weighted': 0.17754781042140808, 'recall_macro': 0.16253164265177994, 'recall_micro': 0.20350877192982456, 'recall_weighted': 0.20350877192982456, 'loss': 2.283802220787529}
[I 2024-09-19 11:29:04,431] Trial 47 finished with value: 2.283802220787529 and parameters: {'learning_rate': 0.17057311909119788, 'reg_lambda': 0.0006276996102503518, 'reg_alpha': 4.63222152752753e-07, 'subsample': 0.8835458807556854, 'colsample_bytree': 0.9784634981411211, 'max_depth': 1, 'early_stopping_rounds': 406, 'n_estimators': 20000}. Best is trial 37 with value: 2.28111094591807.
/opt/anaconda3/lib/python3.12/site-packages/sklearn/metrics/_classification.py:1517: UndefinedMetricWarning: F-score is ill-defined and being set to 0.0 in labels with no true nor predicted samples. Use `zero_division` parameter to control this behavior.
  _warn_prf(average, modifier, f"{metric.capitalize()} is", len(result))
/opt/anaconda3/lib/python3.12/site-packages/sklearn/metrics/_classification.py:1517: UndefinedMetricWarning: F-score is ill-defined and being set to 0.0 in labels with no true nor predicted samples. Use `zero_division` parameter to control this behavior.
  _warn_prf(average, modifier, f"{metric.capitalize()} is", len(result))
/opt/anaconda3/lib/python3.12/site-packages/sklearn/metrics/_classification.py:1517: UndefinedMetricWarning: Precision is ill-defined and being set to 0.0 in labels with no predicted samples. Use `zero_division` parameter to control this behavior.
  _warn_prf(average, modifier, f"{metric.capitalize()} is", len(result))
/opt/anaconda3/lib/python3.12/site-packages/sklearn/metrics/_classification.py:1517: UndefinedMetricWarning: Precision is ill-defined and being set to 0.0 in labels with no predicted samples. Use `zero_division` parameter to control this behavior.
  _warn_prf(average, modifier, f"{metric.capitalize()} is", len(result))
/opt/anaconda3/lib/python3.12/site-packages/sklearn/metrics/_classification.py:1517: UndefinedMetricWarning: Recall is ill-defined and being set to 0.0 in labels with no true samples. Use `zero_division` parameter to control this behavior.
  _warn_prf(average, modifier, f"{metric.capitalize()} is", len(result))
/opt/anaconda3/lib/python3.12/site-packages/sklearn/metrics/_classification.py:1517: UndefinedMetricWarning: Recall is ill-defined and being set to 0.0 in labels with no true samples. Use `zero_division` parameter to control this behavior.
  _warn_prf(average, modifier, f"{metric.capitalize()} is", len(result))
INFO     | 2024-09-19 11:29:05 | __main__:optimize:122 - Metrics: {'logloss': 2.2874808626520986, 'accuracy': 0.18596491228070175, 'mlogloss': 2.2874808626520986, 'f1_macro': 0.13294058786103977, 'f1_micro': 0.18596491228070175, 'f1_weighted': 0.1700216722497493, 'precision_macro': 0.1256818738835538, 'precision_micro': 0.18596491228070175, 'precision_weighted': 0.1642283586628745, 'recall_macro': 0.1491919598326921, 'recall_micro': 0.18596491228070175, 'recall_weighted': 0.18596491228070175, 'loss': 2.2874808626520986}
[I 2024-09-19 11:29:05,129] Trial 48 finished with value: 2.2874808626520986 and parameters: {'learning_rate': 0.2022081279013723, 'reg_lambda': 0.0004499108567674008, 'reg_alpha': 3.769374318755899e-07, 'subsample': 0.8028864509007297, 'colsample_bytree': 0.9847797054965853, 'max_depth': 1, 'early_stopping_rounds': 423, 'n_estimators': 20000}. Best is trial 37 with value: 2.28111094591807.
/opt/anaconda3/lib/python3.12/site-packages/sklearn/metrics/_classification.py:1517: UndefinedMetricWarning: F-score is ill-defined and being set to 0.0 in labels with no true nor predicted samples. Use `zero_division` parameter to control this behavior.
  _warn_prf(average, modifier, f"{metric.capitalize()} is", len(result))
/opt/anaconda3/lib/python3.12/site-packages/sklearn/metrics/_classification.py:1517: UndefinedMetricWarning: F-score is ill-defined and being set to 0.0 in labels with no true nor predicted samples. Use `zero_division` parameter to control this behavior.
  _warn_prf(average, modifier, f"{metric.capitalize()} is", len(result))
/opt/anaconda3/lib/python3.12/site-packages/sklearn/metrics/_classification.py:1517: UndefinedMetricWarning: Precision is ill-defined and being set to 0.0 in labels with no predicted samples. Use `zero_division` parameter to control this behavior.
  _warn_prf(average, modifier, f"{metric.capitalize()} is", len(result))
/opt/anaconda3/lib/python3.12/site-packages/sklearn/metrics/_classification.py:1517: UndefinedMetricWarning: Precision is ill-defined and being set to 0.0 in labels with no predicted samples. Use `zero_division` parameter to control this behavior.
  _warn_prf(average, modifier, f"{metric.capitalize()} is", len(result))
/opt/anaconda3/lib/python3.12/site-packages/sklearn/metrics/_classification.py:1517: UndefinedMetricWarning: Recall is ill-defined and being set to 0.0 in labels with no true samples. Use `zero_division` parameter to control this behavior.
  _warn_prf(average, modifier, f"{metric.capitalize()} is", len(result))
/opt/anaconda3/lib/python3.12/site-packages/sklearn/metrics/_classification.py:1517: UndefinedMetricWarning: Recall is ill-defined and being set to 0.0 in labels with no true samples. Use `zero_division` parameter to control this behavior.
  _warn_prf(average, modifier, f"{metric.capitalize()} is", len(result))
INFO     | 2024-09-19 11:29:06 | __main__:optimize:122 - Metrics: {'logloss': 2.303614128244238, 'accuracy': 0.19298245614035087, 'mlogloss': 2.303614128244238, 'f1_macro': 0.13830664763651299, 'f1_micro': 0.19298245614035087, 'f1_weighted': 0.18459954061422848, 'precision_macro': 0.14817278833532707, 'precision_micro': 0.19298245614035087, 'precision_weighted': 0.18583863345473253, 'recall_macro': 0.13972381483251048, 'recall_micro': 0.19298245614035087, 'recall_weighted': 0.19298245614035087, 'loss': 2.303614128244238}
