[I 2024-09-19 11:29:22,478] Trial 70 finished with value: 2.2901080691047118 and parameters: {'learning_rate': 0.09440490909409796, 'reg_lambda': 0.022242228981807454, 'reg_alpha': 0.0018975159393663545, 'subsample': 0.9911032954946106, 'colsample_bytree': 0.666801015062798, 'max_depth': 2, 'early_stopping_rounds': 308, 'n_estimators': 20000}. Best is trial 67 with value: 2.2804091890901423.
/opt/anaconda3/lib/python3.12/site-packages/sklearn/metrics/_classification.py:1517: UndefinedMetricWarning: F-score is ill-defined and being set to 0.0 in labels with no true nor predicted samples. Use `zero_division` parameter to control this behavior.
  _warn_prf(average, modifier, f"{metric.capitalize()} is", len(result))
/opt/anaconda3/lib/python3.12/site-packages/sklearn/metrics/_classification.py:1517: UndefinedMetricWarning: F-score is ill-defined and being set to 0.0 in labels with no true nor predicted samples. Use `zero_division` parameter to control this behavior.
  _warn_prf(average, modifier, f"{metric.capitalize()} is", len(result))
/opt/anaconda3/lib/python3.12/site-packages/sklearn/metrics/_classification.py:1517: UndefinedMetricWarning: Precision is ill-defined and being set to 0.0 in labels with no predicted samples. Use `zero_division` parameter to control this behavior.
  _warn_prf(average, modifier, f"{metric.capitalize()} is", len(result))
/opt/anaconda3/lib/python3.12/site-packages/sklearn/metrics/_classification.py:1517: UndefinedMetricWarning: Precision is ill-defined and being set to 0.0 in labels with no predicted samples. Use `zero_division` parameter to control this behavior.
  _warn_prf(average, modifier, f"{metric.capitalize()} is", len(result))
/opt/anaconda3/lib/python3.12/site-packages/sklearn/metrics/_classification.py:1517: UndefinedMetricWarning: Recall is ill-defined and being set to 0.0 in labels with no true samples. Use `zero_division` parameter to control this behavior.
  _warn_prf(average, modifier, f"{metric.capitalize()} is", len(result))
/opt/anaconda3/lib/python3.12/site-packages/sklearn/metrics/_classification.py:1517: UndefinedMetricWarning: Recall is ill-defined and being set to 0.0 in labels with no true samples. Use `zero_division` parameter to control this behavior.
  _warn_prf(average, modifier, f"{metric.capitalize()} is", len(result))
INFO     | 2024-09-19 11:29:22 | __main__:optimize:122 - Metrics: {'logloss': 2.283065283076351, 'accuracy': 0.21403508771929824, 'mlogloss': 2.283065283076351, 'f1_macro': 0.15003162441970969, 'f1_micro': 0.21403508771929824, 'f1_weighted': 0.19354852289343683, 'precision_macro': 0.14897192702751996, 'precision_micro': 0.21403508771929824, 'precision_weighted': 0.19118818481787922, 'recall_macro': 0.17110843580523216, 'recall_micro': 0.21403508771929824, 'recall_weighted': 0.21403508771929824, 'loss': 2.283065283076351}
[I 2024-09-19 11:29:22,905] Trial 71 finished with value: 2.283065283076351 and parameters: {'learning_rate': 0.12241737611040494, 'reg_lambda': 0.513270406252396, 'reg_alpha': 0.003996059731080601, 'subsample': 0.9658618403891813, 'colsample_bytree': 0.7190086948446692, 'max_depth': 1, 'early_stopping_rounds': 279, 'n_estimators': 20000}. Best is trial 67 with value: 2.2804091890901423.
/opt/anaconda3/lib/python3.12/site-packages/sklearn/metrics/_classification.py:1517: UndefinedMetricWarning: F-score is ill-defined and being set to 0.0 in labels with no true nor predicted samples. Use `zero_division` parameter to control this behavior.
  _warn_prf(average, modifier, f"{metric.capitalize()} is", len(result))
/opt/anaconda3/lib/python3.12/site-packages/sklearn/metrics/_classification.py:1517: UndefinedMetricWarning: F-score is ill-defined and being set to 0.0 in labels with no true nor predicted samples. Use `zero_division` parameter to control this behavior.
  _warn_prf(average, modifier, f"{metric.capitalize()} is", len(result))
/opt/anaconda3/lib/python3.12/site-packages/sklearn/metrics/_classification.py:1517: UndefinedMetricWarning: Precision is ill-defined and being set to 0.0 in labels with no predicted samples. Use `zero_division` parameter to control this behavior.
  _warn_prf(average, modifier, f"{metric.capitalize()} is", len(result))
/opt/anaconda3/lib/python3.12/site-packages/sklearn/metrics/_classification.py:1517: UndefinedMetricWarning: Precision is ill-defined and being set to 0.0 in labels with no predicted samples. Use `zero_division` parameter to control this behavior.
  _warn_prf(average, modifier, f"{metric.capitalize()} is", len(result))
/opt/anaconda3/lib/python3.12/site-packages/sklearn/metrics/_classification.py:1517: UndefinedMetricWarning: Recall is ill-defined and being set to 0.0 in labels with no true samples. Use `zero_division` parameter to control this behavior.
  _warn_prf(average, modifier, f"{metric.capitalize()} is", len(result))
/opt/anaconda3/lib/python3.12/site-packages/sklearn/metrics/_classification.py:1517: UndefinedMetricWarning: Recall is ill-defined and being set to 0.0 in labels with no true samples. Use `zero_division` parameter to control this behavior.
  _warn_prf(average, modifier, f"{metric.capitalize()} is", len(result))
INFO     | 2024-09-19 11:29:23 | __main__:optimize:122 - Metrics: {'logloss': 2.2875310666507582, 'accuracy': 0.21052631578947367, 'mlogloss': 2.2875310666507582, 'f1_macro': 0.15119428380733343, 'f1_micro': 0.21052631578947367, 'f1_weighted': 0.19435866052477718, 'precision_macro': 0.14924704283467238, 'precision_micro': 0.21052631578947367, 'precision_weighted': 0.19542192865688623, 'recall_macro': 0.16821996462728728, 'recall_micro': 0.21052631578947367, 'recall_weighted': 0.21052631578947367, 'loss': 2.2875310666507582}
[I 2024-09-19 11:29:23,400] Trial 72 finished with value: 2.2875310666507582 and parameters: {'learning_rate': 0.09761232174657225, 'reg_lambda': 0.009158228684009702, 'reg_alpha': 0.0005804016925985545, 'subsample': 0.9484308753444287, 'colsample_bytree': 0.6453292426942551, 'max_depth': 1, 'early_stopping_rounds': 275, 'n_estimators': 20000}. Best is trial 67 with value: 2.2804091890901423.
/opt/anaconda3/lib/python3.12/site-packages/sklearn/metrics/_classification.py:1517: UndefinedMetricWarning: F-score is ill-defined and being set to 0.0 in labels with no true nor predicted samples. Use `zero_division` parameter to control this behavior.
  _warn_prf(average, modifier, f"{metric.capitalize()} is", len(result))
/opt/anaconda3/lib/python3.12/site-packages/sklearn/metrics/_classification.py:1517: UndefinedMetricWarning: F-score is ill-defined and being set to 0.0 in labels with no true nor predicted samples. Use `zero_division` parameter to control this behavior.
  _warn_prf(average, modifier, f"{metric.capitalize()} is", len(result))
/opt/anaconda3/lib/python3.12/site-packages/sklearn/metrics/_classification.py:1517: UndefinedMetricWarning: Precision is ill-defined and being set to 0.0 in labels with no predicted samples. Use `zero_division` parameter to control this behavior.
  _warn_prf(average, modifier, f"{metric.capitalize()} is", len(result))
/opt/anaconda3/lib/python3.12/site-packages/sklearn/metrics/_classification.py:1517: UndefinedMetricWarning: Precision is ill-defined and being set to 0.0 in labels with no predicted samples. Use `zero_division` parameter to control this behavior.
  _warn_prf(average, modifier, f"{metric.capitalize()} is", len(result))
/opt/anaconda3/lib/python3.12/site-packages/sklearn/metrics/_classification.py:1517: UndefinedMetricWarning: Recall is ill-defined and being set to 0.0 in labels with no true samples. Use `zero_division` parameter to control this behavior.
  _warn_prf(average, modifier, f"{metric.capitalize()} is", len(result))
/opt/anaconda3/lib/python3.12/site-packages/sklearn/metrics/_classification.py:1517: UndefinedMetricWarning: Recall is ill-defined and being set to 0.0 in labels with no true samples. Use `zero_division` parameter to control this behavior.
  _warn_prf(average, modifier, f"{metric.capitalize()} is", len(result))
INFO     | 2024-09-19 11:29:23 | __main__:optimize:122 - Metrics: {'logloss': 2.280112688798491, 'accuracy': 0.22456140350877193, 'mlogloss': 2.280112688798491, 'f1_macro': 0.16021039901249412, 'f1_micro': 0.22456140350877193, 'f1_weighted': 0.20691605554630313, 'precision_macro': 0.16013517180909345, 'precision_micro': 0.22456140350877193, 'precision_weighted': 0.21068560617103024, 'recall_macro': 0.17696915784444386, 'recall_micro': 0.22456140350877193, 'recall_weighted': 0.22456140350877193, 'loss': 2.280112688798491}
[I 2024-09-19 11:29:23,895] Trial 73 finished with value: 2.280112688798491 and parameters: {'learning_rate': 0.1386657297217526, 'reg_lambda': 0.11518679746379788, 'reg_alpha': 2.9551417327597415e-05, 'subsample': 0.9731126541736885, 'colsample_bytree': 0.7844599184093551, 'max_depth': 1, 'early_stopping_rounds': 325, 'n_estimators': 20000}. Best is trial 73 with value: 2.280112688798491.
/opt/anaconda3/lib/python3.12/site-packages/sklearn/metrics/_classification.py:1517: UndefinedMetricWarning: F-score is ill-defined and being set to 0.0 in labels with no true nor predicted samples. Use `zero_division` parameter to control this behavior.
  _warn_prf(average, modifier, f"{metric.capitalize()} is", len(result))
/opt/anaconda3/lib/python3.12/site-packages/sklearn/metrics/_classification.py:1517: UndefinedMetricWarning: F-score is ill-defined and being set to 0.0 in labels with no true nor predicted samples. Use `zero_division` parameter to control this behavior.
  _warn_prf(average, modifier, f"{metric.capitalize()} is", len(result))
/opt/anaconda3/lib/python3.12/site-packages/sklearn/metrics/_classification.py:1517: UndefinedMetricWarning: Precision is ill-defined and being set to 0.0 in labels with no predicted samples. Use `zero_division` parameter to control this behavior.
  _warn_prf(average, modifier, f"{metric.capitalize()} is", len(result))
/opt/anaconda3/lib/python3.12/site-packages/sklearn/metrics/_classification.py:1517: UndefinedMetricWarning: Precision is ill-defined and being set to 0.0 in labels with no predicted samples. Use `zero_division` parameter to control this behavior.
  _warn_prf(average, modifier, f"{metric.capitalize()} is", len(result))
/opt/anaconda3/lib/python3.12/site-packages/sklearn/metrics/_classification.py:1517: UndefinedMetricWarning: Recall is ill-defined and being set to 0.0 in labels with no true samples. Use `zero_division` parameter to control this behavior.
  _warn_prf(average, modifier, f"{metric.capitalize()} is", len(result))
/opt/anaconda3/lib/python3.12/site-packages/sklearn/metrics/_classification.py:1517: UndefinedMetricWarning: Recall is ill-defined and being set to 0.0 in labels with no true samples. Use `zero_division` parameter to control this behavior.
  _warn_prf(average, modifier, f"{metric.capitalize()} is", len(result))
INFO     | 2024-09-19 11:29:24 | __main__:optimize:122 - Metrics: {'logloss': 2.290622402073948, 'accuracy': 0.21754385964912282, 'mlogloss': 2.290622402073948, 'f1_macro': 0.1525708794788936, 'f1_micro': 0.21754385964912282, 'f1_weighted': 0.20744673569394176, 'precision_macro': 0.1610912274125181, 'precision_micro': 0.21754385964912282, 'precision_weighted': 0.20828253808646335, 'recall_macro': 0.1568819275054973, 'recall_micro': 0.21754385964912282, 'recall_weighted': 0.21754385964912282, 'loss': 2.290622402073948}
[I 2024-09-19 11:29:24,535] Trial 74 finished with value: 2.290622402073948 and parameters: {'learning_rate': 0.12018240055417007, 'reg_lambda': 0.1436225810159761, 'reg_alpha': 5.845292814632583e-06, 'subsample': 0.9992913833444657, 'colsample_bytree': 0.7840164590520883, 'max_depth': 2, 'early_stopping_rounds': 316, 'n_estimators': 20000}. Best is trial 73 with value: 2.280112688798491.
/opt/anaconda3/lib/python3.12/site-packages/sklearn/metrics/_classification.py:1517: UndefinedMetricWarning: F-score is ill-defined and being set to 0.0 in labels with no true nor predicted samples. Use `zero_division` parameter to control this behavior.
  _warn_prf(average, modifier, f"{metric.capitalize()} is", len(result))
/opt/anaconda3/lib/python3.12/site-packages/sklearn/metrics/_classification.py:1517: UndefinedMetricWarning: F-score is ill-defined and being set to 0.0 in labels with no true nor predicted samples. Use `zero_division` parameter to control this behavior.
  _warn_prf(average, modifier, f"{metric.capitalize()} is", len(result))
/opt/anaconda3/lib/python3.12/site-packages/sklearn/metrics/_classification.py:1517: UndefinedMetricWarning: Precision is ill-defined and being set to 0.0 in labels with no predicted samples. Use `zero_division` parameter to control this behavior.
  _warn_prf(average, modifier, f"{metric.capitalize()} is", len(result))
/opt/anaconda3/lib/python3.12/site-packages/sklearn/metrics/_classification.py:1517: UndefinedMetricWarning: Precision is ill-defined and being set to 0.0 in labels with no predicted samples. Use `zero_division` parameter to control this behavior.
  _warn_prf(average, modifier, f"{metric.capitalize()} is", len(result))
/opt/anaconda3/lib/python3.12/site-packages/sklearn/metrics/_classification.py:1517: UndefinedMetricWarning: Recall is ill-defined and being set to 0.0 in labels with no true samples. Use `zero_division` parameter to control this behavior.
  _warn_prf(average, modifier, f"{metric.capitalize()} is", len(result))
/opt/anaconda3/lib/python3.12/site-packages/sklearn/metrics/_classification.py:1517: UndefinedMetricWarning: Recall is ill-defined and being set to 0.0 in labels with no true samples. Use `zero_division` parameter to control this behavior.
  _warn_prf(average, modifier, f"{metric.capitalize()} is", len(result))
INFO     | 2024-09-19 11:29:25 | __main__:optimize:122 - Metrics: {'logloss': 2.372668964845489, 'accuracy': 0.15087719298245614, 'mlogloss': 2.372668964845489, 'f1_macro': 0.11438974357188582, 'f1_micro': 0.15087719298245614, 'f1_weighted': 0.1378327436895224, 'precision_macro': 0.10851360407087961, 'precision_micro': 0.15087719298245614, 'precision_weighted': 0.12922019168458795, 'recall_macro': 0.12337798230246741, 'recall_micro': 0.15087719298245614, 'recall_weighted': 0.15087719298245614, 'loss': 2.372668964845489}
[I 2024-09-19 11:29:25,074] Trial 75 finished with value: 2.372668964845489 and parameters: {'learning_rate': 0.13722609777068523, 'reg_lambda': 2.8527813373974106e-07, 'reg_alpha': 3.360300918083293e-05, 'subsample': 0.2320126313914097, 'colsample_bytree': 0.7005445139972497, 'max_depth': 1, 'early_stopping_rounds': 329, 'n_estimators': 7000}. Best is trial 73 with value: 2.280112688798491.
/opt/anaconda3/lib/python3.12/site-packages/sklearn/metrics/_classification.py:1517: UndefinedMetricWarning: F-score is ill-defined and being set to 0.0 in labels with no true nor predicted samples. Use `zero_division` parameter to control this behavior.
  _warn_prf(average, modifier, f"{metric.capitalize()} is", len(result))
/opt/anaconda3/lib/python3.12/site-packages/sklearn/metrics/_classification.py:1517: UndefinedMetricWarning: F-score is ill-defined and being set to 0.0 in labels with no true nor predicted samples. Use `zero_division` parameter to control this behavior.
  _warn_prf(average, modifier, f"{metric.capitalize()} is", len(result))
/opt/anaconda3/lib/python3.12/site-packages/sklearn/metrics/_classification.py:1517: UndefinedMetricWarning: Precision is ill-defined and being set to 0.0 in labels with no predicted samples. Use `zero_division` parameter to control this behavior.
  _warn_prf(average, modifier, f"{metric.capitalize()} is", len(result))
/opt/anaconda3/lib/python3.12/site-packages/sklearn/metrics/_classification.py:1517: UndefinedMetricWarning: Precision is ill-defined and being set to 0.0 in labels with no predicted samples. Use `zero_division` parameter to control this behavior.
  _warn_prf(average, modifier, f"{metric.capitalize()} is", len(result))
/opt/anaconda3/lib/python3.12/site-packages/sklearn/metrics/_classification.py:1517: UndefinedMetricWarning: Recall is ill-defined and being set to 0.0 in labels with no true samples. Use `zero_division` parameter to control this behavior.
  _warn_prf(average, modifier, f"{metric.capitalize()} is", len(result))
/opt/anaconda3/lib/python3.12/site-packages/sklearn/metrics/_classification.py:1517: UndefinedMetricWarning: Recall is ill-defined and being set to 0.0 in labels with no true samples. Use `zero_division` parameter to control this behavior.
  _warn_prf(average, modifier, f"{metric.capitalize()} is", len(result))
INFO     | 2024-09-19 11:29:25 | __main__:optimize:122 - Metrics: {'logloss': 2.283104863796862, 'accuracy': 0.21403508771929824, 'mlogloss': 2.283104863796862, 'f1_macro': 0.14446742382418454, 'f1_micro': 0.21403508771929824, 'f1_weighted': 0.19151565668673204, 'precision_macro': 0.1390371114242151, 'precision_micro': 0.21403508771929824, 'precision_weighted': 0.1908178668181871, 'recall_macro': 0.1678029731519434, 'recall_micro': 0.21403508771929824, 'recall_weighted': 0.21403508771929824, 'loss': 2.283104863796862}
[I 2024-09-19 11:29:25,713] Trial 76 finished with value: 2.283104863796862 and parameters: {'learning_rate': 0.06005749659769739, 'reg_lambda': 0.01029253547404965, 'reg_alpha': 0.00012904971157712682, 'subsample': 0.9060870746626013, 'colsample_bytree': 0.7642172862923488, 'max_depth': 1, 'early_stopping_rounds': 299, 'n_estimators': 20000}. Best is trial 73 with value: 2.280112688798491.
/opt/anaconda3/lib/python3.12/site-packages/sklearn/metrics/_classification.py:1517: UndefinedMetricWarning: Precision is ill-defined and being set to 0.0 in labels with no predicted samples. Use `zero_division` parameter to control this behavior.
  _warn_prf(average, modifier, f"{metric.capitalize()} is", len(result))
/opt/anaconda3/lib/python3.12/site-packages/sklearn/metrics/_classification.py:1517: UndefinedMetricWarning: Precision is ill-defined and being set to 0.0 in labels with no predicted samples. Use `zero_division` parameter to control this behavior.
  _warn_prf(average, modifier, f"{metric.capitalize()} is", len(result))
/opt/anaconda3/lib/python3.12/site-packages/sklearn/metrics/_classification.py:1517: UndefinedMetricWarning: Recall is ill-defined and being set to 0.0 in labels with no true samples. Use `zero_division` parameter to control this behavior.
  _warn_prf(average, modifier, f"{metric.capitalize()} is", len(result))
/opt/anaconda3/lib/python3.12/site-packages/sklearn/metrics/_classification.py:1517: UndefinedMetricWarning: Recall is ill-defined and being set to 0.0 in labels with no true samples. Use `zero_division` parameter to control this behavior.
  _warn_prf(average, modifier, f"{metric.capitalize()} is", len(result))
INFO     | 2024-09-19 11:29:27 | __main__:optimize:122 - Metrics: {'logloss': 2.370629792920697, 'accuracy': 0.21052631578947367, 'mlogloss': 2.370629792920697, 'f1_macro': 0.13471415200605785, 'f1_micro': 0.21052631578947367, 'f1_weighted': 0.20083857500791408, 'precision_macro': 0.1330549916025754, 'precision_micro': 0.21052631578947367, 'precision_weighted': 0.19553573982523598, 'recall_macro': 0.1394312565136364, 'recall_micro': 0.21052631578947367, 'recall_weighted': 0.21052631578947367, 'loss': 2.370629792920697}
