[I 2024-09-19 11:29:33,476] Trial 91 finished with value: 2.2708979718383246 and parameters: {'learning_rate': 0.17523080768552435, 'reg_lambda': 4.155329600884432, 'reg_alpha': 4.95148726351828e-05, 'subsample': 0.9981120041908922, 'colsample_bytree': 0.7667117299562749, 'max_depth': 1, 'early_stopping_rounds': 188, 'n_estimators': 15000}. Best is trial 90 with value: 2.2700267884278356.
/opt/anaconda3/lib/python3.12/site-packages/sklearn/metrics/_classification.py:1517: UndefinedMetricWarning: F-score is ill-defined and being set to 0.0 in labels with no true nor predicted samples. Use `zero_division` parameter to control this behavior.
  _warn_prf(average, modifier, f"{metric.capitalize()} is", len(result))
/opt/anaconda3/lib/python3.12/site-packages/sklearn/metrics/_classification.py:1517: UndefinedMetricWarning: F-score is ill-defined and being set to 0.0 in labels with no true nor predicted samples. Use `zero_division` parameter to control this behavior.
  _warn_prf(average, modifier, f"{metric.capitalize()} is", len(result))
/opt/anaconda3/lib/python3.12/site-packages/sklearn/metrics/_classification.py:1517: UndefinedMetricWarning: Precision is ill-defined and being set to 0.0 in labels with no predicted samples. Use `zero_division` parameter to control this behavior.
  _warn_prf(average, modifier, f"{metric.capitalize()} is", len(result))
/opt/anaconda3/lib/python3.12/site-packages/sklearn/metrics/_classification.py:1517: UndefinedMetricWarning: Precision is ill-defined and being set to 0.0 in labels with no predicted samples. Use `zero_division` parameter to control this behavior.
  _warn_prf(average, modifier, f"{metric.capitalize()} is", len(result))
/opt/anaconda3/lib/python3.12/site-packages/sklearn/metrics/_classification.py:1517: UndefinedMetricWarning: Recall is ill-defined and being set to 0.0 in labels with no true samples. Use `zero_division` parameter to control this behavior.
  _warn_prf(average, modifier, f"{metric.capitalize()} is", len(result))
/opt/anaconda3/lib/python3.12/site-packages/sklearn/metrics/_classification.py:1517: UndefinedMetricWarning: Recall is ill-defined and being set to 0.0 in labels with no true samples. Use `zero_division` parameter to control this behavior.
  _warn_prf(average, modifier, f"{metric.capitalize()} is", len(result))
INFO     | 2024-09-19 11:29:33 | __main__:optimize:122 - Metrics: {'logloss': 2.2720102803611155, 'accuracy': 0.22456140350877193, 'mlogloss': 2.2720102803611155, 'f1_macro': 0.1632376429147093, 'f1_micro': 0.22456140350877193, 'f1_weighted': 0.2109623672996475, 'precision_macro': 0.16768606469150935, 'precision_micro': 0.22456140350877193, 'precision_weighted': 0.2194877737708954, 'recall_macro': 0.1798486391564195, 'recall_micro': 0.22456140350877193, 'recall_weighted': 0.22456140350877193, 'loss': 2.2720102803611155}
[I 2024-09-19 11:29:33,813] Trial 92 finished with value: 2.2720102803611155 and parameters: {'learning_rate': 0.18223483859734924, 'reg_lambda': 8.774273056640657, 'reg_alpha': 0.0001193338122673082, 'subsample': 0.9443596324941189, 'colsample_bytree': 0.7737129687603739, 'max_depth': 1, 'early_stopping_rounds': 191, 'n_estimators': 15000}. Best is trial 90 with value: 2.2700267884278356.
/opt/anaconda3/lib/python3.12/site-packages/sklearn/metrics/_classification.py:1517: UndefinedMetricWarning: F-score is ill-defined and being set to 0.0 in labels with no true nor predicted samples. Use `zero_division` parameter to control this behavior.
  _warn_prf(average, modifier, f"{metric.capitalize()} is", len(result))
/opt/anaconda3/lib/python3.12/site-packages/sklearn/metrics/_classification.py:1517: UndefinedMetricWarning: F-score is ill-defined and being set to 0.0 in labels with no true nor predicted samples. Use `zero_division` parameter to control this behavior.
  _warn_prf(average, modifier, f"{metric.capitalize()} is", len(result))
/opt/anaconda3/lib/python3.12/site-packages/sklearn/metrics/_classification.py:1517: UndefinedMetricWarning: Precision is ill-defined and being set to 0.0 in labels with no predicted samples. Use `zero_division` parameter to control this behavior.
  _warn_prf(average, modifier, f"{metric.capitalize()} is", len(result))
/opt/anaconda3/lib/python3.12/site-packages/sklearn/metrics/_classification.py:1517: UndefinedMetricWarning: Precision is ill-defined and being set to 0.0 in labels with no predicted samples. Use `zero_division` parameter to control this behavior.
  _warn_prf(average, modifier, f"{metric.capitalize()} is", len(result))
/opt/anaconda3/lib/python3.12/site-packages/sklearn/metrics/_classification.py:1517: UndefinedMetricWarning: Recall is ill-defined and being set to 0.0 in labels with no true samples. Use `zero_division` parameter to control this behavior.
  _warn_prf(average, modifier, f"{metric.capitalize()} is", len(result))
/opt/anaconda3/lib/python3.12/site-packages/sklearn/metrics/_classification.py:1517: UndefinedMetricWarning: Recall is ill-defined and being set to 0.0 in labels with no true samples. Use `zero_division` parameter to control this behavior.
  _warn_prf(average, modifier, f"{metric.capitalize()} is", len(result))
INFO     | 2024-09-19 11:29:34 | __main__:optimize:122 - Metrics: {'logloss': 2.272692879105264, 'accuracy': 0.22105263157894736, 'mlogloss': 2.272692879105264, 'f1_macro': 0.15794535087297867, 'f1_micro': 0.22105263157894736, 'f1_weighted': 0.20514462855131105, 'precision_macro': 0.1518767124555643, 'precision_micro': 0.22105263157894736, 'precision_weighted': 0.20200726566711857, 'recall_macro': 0.17546267424413878, 'recall_micro': 0.22105263157894736, 'recall_weighted': 0.22105263157894736, 'loss': 2.272692879105264}
[I 2024-09-19 11:29:34,226] Trial 93 finished with value: 2.272692879105264 and parameters: {'learning_rate': 0.17494640803512954, 'reg_lambda': 5.179672998175426, 'reg_alpha': 6.062734761817699e-05, 'subsample': 0.9498305471753251, 'colsample_bytree': 0.7719963623089584, 'max_depth': 1, 'early_stopping_rounds': 196, 'n_estimators': 15000}. Best is trial 90 with value: 2.2700267884278356.
/opt/anaconda3/lib/python3.12/site-packages/sklearn/metrics/_classification.py:1517: UndefinedMetricWarning: F-score is ill-defined and being set to 0.0 in labels with no true nor predicted samples. Use `zero_division` parameter to control this behavior.
  _warn_prf(average, modifier, f"{metric.capitalize()} is", len(result))
/opt/anaconda3/lib/python3.12/site-packages/sklearn/metrics/_classification.py:1517: UndefinedMetricWarning: F-score is ill-defined and being set to 0.0 in labels with no true nor predicted samples. Use `zero_division` parameter to control this behavior.
  _warn_prf(average, modifier, f"{metric.capitalize()} is", len(result))
/opt/anaconda3/lib/python3.12/site-packages/sklearn/metrics/_classification.py:1517: UndefinedMetricWarning: Precision is ill-defined and being set to 0.0 in labels with no predicted samples. Use `zero_division` parameter to control this behavior.
  _warn_prf(average, modifier, f"{metric.capitalize()} is", len(result))
/opt/anaconda3/lib/python3.12/site-packages/sklearn/metrics/_classification.py:1517: UndefinedMetricWarning: Precision is ill-defined and being set to 0.0 in labels with no predicted samples. Use `zero_division` parameter to control this behavior.
  _warn_prf(average, modifier, f"{metric.capitalize()} is", len(result))
/opt/anaconda3/lib/python3.12/site-packages/sklearn/metrics/_classification.py:1517: UndefinedMetricWarning: Recall is ill-defined and being set to 0.0 in labels with no true samples. Use `zero_division` parameter to control this behavior.
  _warn_prf(average, modifier, f"{metric.capitalize()} is", len(result))
/opt/anaconda3/lib/python3.12/site-packages/sklearn/metrics/_classification.py:1517: UndefinedMetricWarning: Recall is ill-defined and being set to 0.0 in labels with no true samples. Use `zero_division` parameter to control this behavior.
  _warn_prf(average, modifier, f"{metric.capitalize()} is", len(result))
INFO     | 2024-09-19 11:29:34 | __main__:optimize:122 - Metrics: {'logloss': 2.2715048806149984, 'accuracy': 0.22105263157894736, 'mlogloss': 2.2715048806149984, 'f1_macro': 0.15753096076550896, 'f1_micro': 0.22105263157894736, 'f1_weighted': 0.2074218246607823, 'precision_macro': 0.17172270382381297, 'precision_micro': 0.22105263157894736, 'precision_weighted': 0.2226041324993136, 'recall_macro': 0.17380227324163253, 'recall_micro': 0.22105263157894736, 'recall_weighted': 0.22105263157894736, 'loss': 2.2715048806149984}
[I 2024-09-19 11:29:34,846] Trial 94 finished with value: 2.2715048806149984 and parameters: {'learning_rate': 0.17858375395809142, 'reg_lambda': 6.202664736035328, 'reg_alpha': 5.7535657379372716e-05, 'subsample': 0.9433579329901868, 'colsample_bytree': 0.7690778520133811, 'max_depth': 1, 'early_stopping_rounds': 191, 'n_estimators': 15000}. Best is trial 90 with value: 2.2700267884278356.
/opt/anaconda3/lib/python3.12/site-packages/sklearn/metrics/_classification.py:1517: UndefinedMetricWarning: F-score is ill-defined and being set to 0.0 in labels with no true nor predicted samples. Use `zero_division` parameter to control this behavior.
  _warn_prf(average, modifier, f"{metric.capitalize()} is", len(result))
/opt/anaconda3/lib/python3.12/site-packages/sklearn/metrics/_classification.py:1517: UndefinedMetricWarning: F-score is ill-defined and being set to 0.0 in labels with no true nor predicted samples. Use `zero_division` parameter to control this behavior.
  _warn_prf(average, modifier, f"{metric.capitalize()} is", len(result))
/opt/anaconda3/lib/python3.12/site-packages/sklearn/metrics/_classification.py:1517: UndefinedMetricWarning: Precision is ill-defined and being set to 0.0 in labels with no predicted samples. Use `zero_division` parameter to control this behavior.
  _warn_prf(average, modifier, f"{metric.capitalize()} is", len(result))
/opt/anaconda3/lib/python3.12/site-packages/sklearn/metrics/_classification.py:1517: UndefinedMetricWarning: Precision is ill-defined and being set to 0.0 in labels with no predicted samples. Use `zero_division` parameter to control this behavior.
  _warn_prf(average, modifier, f"{metric.capitalize()} is", len(result))
/opt/anaconda3/lib/python3.12/site-packages/sklearn/metrics/_classification.py:1517: UndefinedMetricWarning: Recall is ill-defined and being set to 0.0 in labels with no true samples. Use `zero_division` parameter to control this behavior.
  _warn_prf(average, modifier, f"{metric.capitalize()} is", len(result))
/opt/anaconda3/lib/python3.12/site-packages/sklearn/metrics/_classification.py:1517: UndefinedMetricWarning: Recall is ill-defined and being set to 0.0 in labels with no true samples. Use `zero_division` parameter to control this behavior.
  _warn_prf(average, modifier, f"{metric.capitalize()} is", len(result))
INFO     | 2024-09-19 11:29:35 | __main__:optimize:122 - Metrics: {'logloss': 2.2786759013636937, 'accuracy': 0.21052631578947367, 'mlogloss': 2.2786759013636937, 'f1_macro': 0.14411373429955915, 'f1_micro': 0.21052631578947367, 'f1_weighted': 0.1963372999889526, 'precision_macro': 0.13820331684268178, 'precision_micro': 0.21052631578947367, 'precision_weighted': 0.19102301590362838, 'recall_macro': 0.15738487104047744, 'recall_micro': 0.21052631578947367, 'recall_weighted': 0.21052631578947367, 'loss': 2.2786759013636937}
[I 2024-09-19 11:29:35,337] Trial 95 finished with value: 2.2786759013636937 and parameters: {'learning_rate': 0.18428943230607825, 'reg_lambda': 6.613235927959132, 'reg_alpha': 6.0090334446614346e-05, 'subsample': 0.9089499538581388, 'colsample_bytree': 0.7792490095218285, 'max_depth': 1, 'early_stopping_rounds': 194, 'n_estimators': 15000}. Best is trial 90 with value: 2.2700267884278356.
/opt/anaconda3/lib/python3.12/site-packages/sklearn/metrics/_classification.py:1517: UndefinedMetricWarning: F-score is ill-defined and being set to 0.0 in labels with no true nor predicted samples. Use `zero_division` parameter to control this behavior.
  _warn_prf(average, modifier, f"{metric.capitalize()} is", len(result))
/opt/anaconda3/lib/python3.12/site-packages/sklearn/metrics/_classification.py:1517: UndefinedMetricWarning: F-score is ill-defined and being set to 0.0 in labels with no true nor predicted samples. Use `zero_division` parameter to control this behavior.
  _warn_prf(average, modifier, f"{metric.capitalize()} is", len(result))
/opt/anaconda3/lib/python3.12/site-packages/sklearn/metrics/_classification.py:1517: UndefinedMetricWarning: Precision is ill-defined and being set to 0.0 in labels with no predicted samples. Use `zero_division` parameter to control this behavior.
  _warn_prf(average, modifier, f"{metric.capitalize()} is", len(result))
/opt/anaconda3/lib/python3.12/site-packages/sklearn/metrics/_classification.py:1517: UndefinedMetricWarning: Precision is ill-defined and being set to 0.0 in labels with no predicted samples. Use `zero_division` parameter to control this behavior.
  _warn_prf(average, modifier, f"{metric.capitalize()} is", len(result))
/opt/anaconda3/lib/python3.12/site-packages/sklearn/metrics/_classification.py:1517: UndefinedMetricWarning: Recall is ill-defined and being set to 0.0 in labels with no true samples. Use `zero_division` parameter to control this behavior.
  _warn_prf(average, modifier, f"{metric.capitalize()} is", len(result))
/opt/anaconda3/lib/python3.12/site-packages/sklearn/metrics/_classification.py:1517: UndefinedMetricWarning: Recall is ill-defined and being set to 0.0 in labels with no true samples. Use `zero_division` parameter to control this behavior.
  _warn_prf(average, modifier, f"{metric.capitalize()} is", len(result))
INFO     | 2024-09-19 11:29:35 | __main__:optimize:122 - Metrics: {'logloss': 2.277625897959398, 'accuracy': 0.21052631578947367, 'mlogloss': 2.277625897959398, 'f1_macro': 0.1504701799363816, 'f1_micro': 0.21052631578947367, 'f1_weighted': 0.19710302042211664, 'precision_macro': 0.14390011948835477, 'precision_micro': 0.21052631578947367, 'precision_weighted': 0.1936142567442877, 'recall_macro': 0.16562285731050033, 'recall_micro': 0.21052631578947367, 'recall_weighted': 0.21052631578947367, 'loss': 2.277625897959398}
[I 2024-09-19 11:29:35,881] Trial 96 finished with value: 2.277625897959398 and parameters: {'learning_rate': 0.18132069374811313, 'reg_lambda': 7.014995786407066, 'reg_alpha': 5.669523766135168e-05, 'subsample': 0.9090431789237823, 'colsample_bytree': 0.7384517634416825, 'max_depth': 1, 'early_stopping_rounds': 193, 'n_estimators': 15000}. Best is trial 90 with value: 2.2700267884278356.
/opt/anaconda3/lib/python3.12/site-packages/sklearn/metrics/_classification.py:1517: UndefinedMetricWarning: F-score is ill-defined and being set to 0.0 in labels with no true nor predicted samples. Use `zero_division` parameter to control this behavior.
  _warn_prf(average, modifier, f"{metric.capitalize()} is", len(result))
/opt/anaconda3/lib/python3.12/site-packages/sklearn/metrics/_classification.py:1517: UndefinedMetricWarning: F-score is ill-defined and being set to 0.0 in labels with no true nor predicted samples. Use `zero_division` parameter to control this behavior.
  _warn_prf(average, modifier, f"{metric.capitalize()} is", len(result))
/opt/anaconda3/lib/python3.12/site-packages/sklearn/metrics/_classification.py:1517: UndefinedMetricWarning: Precision is ill-defined and being set to 0.0 in labels with no predicted samples. Use `zero_division` parameter to control this behavior.
  _warn_prf(average, modifier, f"{metric.capitalize()} is", len(result))
/opt/anaconda3/lib/python3.12/site-packages/sklearn/metrics/_classification.py:1517: UndefinedMetricWarning: Precision is ill-defined and being set to 0.0 in labels with no predicted samples. Use `zero_division` parameter to control this behavior.
  _warn_prf(average, modifier, f"{metric.capitalize()} is", len(result))
/opt/anaconda3/lib/python3.12/site-packages/sklearn/metrics/_classification.py:1517: UndefinedMetricWarning: Recall is ill-defined and being set to 0.0 in labels with no true samples. Use `zero_division` parameter to control this behavior.
  _warn_prf(average, modifier, f"{metric.capitalize()} is", len(result))
/opt/anaconda3/lib/python3.12/site-packages/sklearn/metrics/_classification.py:1517: UndefinedMetricWarning: Recall is ill-defined and being set to 0.0 in labels with no true samples. Use `zero_division` parameter to control this behavior.
  _warn_prf(average, modifier, f"{metric.capitalize()} is", len(result))
INFO     | 2024-09-19 11:29:36 | __main__:optimize:122 - Metrics: {'logloss': 2.2793240813146096, 'accuracy': 0.22105263157894736, 'mlogloss': 2.2793240813146096, 'f1_macro': 0.15973636526037485, 'f1_micro': 0.22105263157894736, 'f1_weighted': 0.20851087303977733, 'precision_macro': 0.15626379053574044, 'precision_micro': 0.22105263157894736, 'precision_weighted': 0.2077466622944964, 'recall_macro': 0.17252271565200628, 'recall_micro': 0.22105263157894736, 'recall_weighted': 0.22105263157894736, 'loss': 2.2793240813146096}
[I 2024-09-19 11:29:36,239] Trial 97 finished with value: 2.2793240813146096 and parameters: {'learning_rate': 0.1829574380854198, 'reg_lambda': 6.871258628323848, 'reg_alpha': 6.451627767793326e-05, 'subsample': 0.8973479577927416, 'colsample_bytree': 0.7434520118237794, 'max_depth': 1, 'early_stopping_rounds': 189, 'n_estimators': 15000}. Best is trial 90 with value: 2.2700267884278356.
/opt/anaconda3/lib/python3.12/site-packages/sklearn/metrics/_classification.py:1517: UndefinedMetricWarning: F-score is ill-defined and being set to 0.0 in labels with no true nor predicted samples. Use `zero_division` parameter to control this behavior.
  _warn_prf(average, modifier, f"{metric.capitalize()} is", len(result))
/opt/anaconda3/lib/python3.12/site-packages/sklearn/metrics/_classification.py:1517: UndefinedMetricWarning: F-score is ill-defined and being set to 0.0 in labels with no true nor predicted samples. Use `zero_division` parameter to control this behavior.
  _warn_prf(average, modifier, f"{metric.capitalize()} is", len(result))
/opt/anaconda3/lib/python3.12/site-packages/sklearn/metrics/_classification.py:1517: UndefinedMetricWarning: Precision is ill-defined and being set to 0.0 in labels with no predicted samples. Use `zero_division` parameter to control this behavior.
  _warn_prf(average, modifier, f"{metric.capitalize()} is", len(result))
/opt/anaconda3/lib/python3.12/site-packages/sklearn/metrics/_classification.py:1517: UndefinedMetricWarning: Precision is ill-defined and being set to 0.0 in labels with no predicted samples. Use `zero_division` parameter to control this behavior.
  _warn_prf(average, modifier, f"{metric.capitalize()} is", len(result))
/opt/anaconda3/lib/python3.12/site-packages/sklearn/metrics/_classification.py:1517: UndefinedMetricWarning: Recall is ill-defined and being set to 0.0 in labels with no true samples. Use `zero_division` parameter to control this behavior.
  _warn_prf(average, modifier, f"{metric.capitalize()} is", len(result))
/opt/anaconda3/lib/python3.12/site-packages/sklearn/metrics/_classification.py:1517: UndefinedMetricWarning: Recall is ill-defined and being set to 0.0 in labels with no true samples. Use `zero_division` parameter to control this behavior.
  _warn_prf(average, modifier, f"{metric.capitalize()} is", len(result))
INFO     | 2024-09-19 11:29:36 | __main__:optimize:122 - Metrics: {'logloss': 2.275322434869686, 'accuracy': 0.22456140350877193, 'mlogloss': 2.275322434869686, 'f1_macro': 0.14651232599878716, 'f1_micro': 0.22456140350877193, 'f1_weighted': 0.2098190618599444, 'precision_macro': 0.1422911115329164, 'precision_micro': 0.22456140350877193, 'precision_weighted': 0.20444933292862105, 'recall_macro': 0.15712685420351324, 'recall_micro': 0.22456140350877193, 'recall_weighted': 0.22456140350877193, 'loss': 2.275322434869686}
