[I 2024-09-19 11:27:53,719] Trial 14 finished with value: 2.3723010431179437 and parameters: {'learning_rate': 0.13034078057511272, 'reg_lambda': 0.04458161902724812, 'reg_alpha': 18.419712545191015, 'subsample': 0.7818312699984483, 'colsample_bytree': 0.5961597688319584, 'max_depth': 2, 'early_stopping_rounds': 213, 'n_estimators': 15000}. Best is trial 4 with value: 2.3515283540441962.
/opt/anaconda3/lib/python3.12/site-packages/sklearn/metrics/_classification.py:1517: UndefinedMetricWarning: F-score is ill-defined and being set to 0.0 in labels with no true nor predicted samples. Use `zero_division` parameter to control this behavior.
  _warn_prf(average, modifier, f"{metric.capitalize()} is", len(result))
/opt/anaconda3/lib/python3.12/site-packages/sklearn/metrics/_classification.py:1517: UndefinedMetricWarning: F-score is ill-defined and being set to 0.0 in labels with no true nor predicted samples. Use `zero_division` parameter to control this behavior.
  _warn_prf(average, modifier, f"{metric.capitalize()} is", len(result))
/opt/anaconda3/lib/python3.12/site-packages/sklearn/metrics/_classification.py:1517: UndefinedMetricWarning: Precision is ill-defined and being set to 0.0 in labels with no predicted samples. Use `zero_division` parameter to control this behavior.
  _warn_prf(average, modifier, f"{metric.capitalize()} is", len(result))
/opt/anaconda3/lib/python3.12/site-packages/sklearn/metrics/_classification.py:1517: UndefinedMetricWarning: Precision is ill-defined and being set to 0.0 in labels with no predicted samples. Use `zero_division` parameter to control this behavior.
  _warn_prf(average, modifier, f"{metric.capitalize()} is", len(result))
/opt/anaconda3/lib/python3.12/site-packages/sklearn/metrics/_classification.py:1517: UndefinedMetricWarning: Recall is ill-defined and being set to 0.0 in labels with no true samples. Use `zero_division` parameter to control this behavior.
  _warn_prf(average, modifier, f"{metric.capitalize()} is", len(result))
/opt/anaconda3/lib/python3.12/site-packages/sklearn/metrics/_classification.py:1517: UndefinedMetricWarning: Recall is ill-defined and being set to 0.0 in labels with no true samples. Use `zero_division` parameter to control this behavior.
  _warn_prf(average, modifier, f"{metric.capitalize()} is", len(result))
INFO     | 2024-09-19 11:27:55 | __main__:optimize:122 - Metrics: {'logloss': 2.4423059032440877, 'accuracy': 0.16140350877192983, 'mlogloss': 2.4423059032440877, 'f1_macro': 0.10466936613026133, 'f1_micro': 0.16140350877192983, 'f1_weighted': 0.14930319494814462, 'precision_macro': 0.13526551893424957, 'precision_micro': 0.16140350877192983, 'precision_weighted': 0.1537222865551039, 'recall_macro': 0.1063988357180577, 'recall_micro': 0.16140350877192983, 'recall_weighted': 0.16140350877192983, 'loss': 2.4423059032440877}
[I 2024-09-19 11:27:55,559] Trial 15 finished with value: 2.4423059032440877 and parameters: {'learning_rate': 0.015211394109967441, 'reg_lambda': 3.9455974472130544, 'reg_alpha': 0.009177944061753582, 'subsample': 0.5404331276736957, 'colsample_bytree': 0.3897022585505199, 'max_depth': 5, 'early_stopping_rounds': 285, 'n_estimators': 15000}. Best is trial 4 with value: 2.3515283540441962.
/opt/anaconda3/lib/python3.12/site-packages/sklearn/metrics/_classification.py:1517: UndefinedMetricWarning: F-score is ill-defined and being set to 0.0 in labels with no true nor predicted samples. Use `zero_division` parameter to control this behavior.
  _warn_prf(average, modifier, f"{metric.capitalize()} is", len(result))
/opt/anaconda3/lib/python3.12/site-packages/sklearn/metrics/_classification.py:1517: UndefinedMetricWarning: F-score is ill-defined and being set to 0.0 in labels with no true nor predicted samples. Use `zero_division` parameter to control this behavior.
  _warn_prf(average, modifier, f"{metric.capitalize()} is", len(result))
/opt/anaconda3/lib/python3.12/site-packages/sklearn/metrics/_classification.py:1517: UndefinedMetricWarning: Precision is ill-defined and being set to 0.0 in labels with no predicted samples. Use `zero_division` parameter to control this behavior.
  _warn_prf(average, modifier, f"{metric.capitalize()} is", len(result))
/opt/anaconda3/lib/python3.12/site-packages/sklearn/metrics/_classification.py:1517: UndefinedMetricWarning: Precision is ill-defined and being set to 0.0 in labels with no predicted samples. Use `zero_division` parameter to control this behavior.
  _warn_prf(average, modifier, f"{metric.capitalize()} is", len(result))
/opt/anaconda3/lib/python3.12/site-packages/sklearn/metrics/_classification.py:1517: UndefinedMetricWarning: Recall is ill-defined and being set to 0.0 in labels with no true samples. Use `zero_division` parameter to control this behavior.
  _warn_prf(average, modifier, f"{metric.capitalize()} is", len(result))
/opt/anaconda3/lib/python3.12/site-packages/sklearn/metrics/_classification.py:1517: UndefinedMetricWarning: Recall is ill-defined and being set to 0.0 in labels with no true samples. Use `zero_division` parameter to control this behavior.
  _warn_prf(average, modifier, f"{metric.capitalize()} is", len(result))
INFO     | 2024-09-19 11:27:56 | __main__:optimize:122 - Metrics: {'logloss': 2.52157645221811, 'accuracy': 0.18596491228070175, 'mlogloss': 2.52157645221811, 'f1_macro': 0.14221923542320114, 'f1_micro': 0.18596491228070175, 'f1_weighted': 0.1802001731241135, 'precision_macro': 0.17887074514892562, 'precision_micro': 0.18596491228070175, 'precision_weighted': 0.18948733099815643, 'recall_macro': 0.1381753994797473, 'recall_micro': 0.18596491228070175, 'recall_weighted': 0.18596491228070175, 'loss': 2.52157645221811}
[I 2024-09-19 11:27:56,381] Trial 16 finished with value: 2.52157645221811 and parameters: {'learning_rate': 0.04212690137715697, 'reg_lambda': 1.967363994229299e-05, 'reg_alpha': 1.4050877566158754e-08, 'subsample': 0.2876665043448957, 'colsample_bytree': 0.9978240885646603, 'max_depth': 7, 'early_stopping_rounds': 113, 'n_estimators': 15000}. Best is trial 4 with value: 2.3515283540441962.
/opt/anaconda3/lib/python3.12/site-packages/sklearn/metrics/_classification.py:1517: UndefinedMetricWarning: F-score is ill-defined and being set to 0.0 in labels with no true nor predicted samples. Use `zero_division` parameter to control this behavior.
  _warn_prf(average, modifier, f"{metric.capitalize()} is", len(result))
/opt/anaconda3/lib/python3.12/site-packages/sklearn/metrics/_classification.py:1517: UndefinedMetricWarning: F-score is ill-defined and being set to 0.0 in labels with no true nor predicted samples. Use `zero_division` parameter to control this behavior.
  _warn_prf(average, modifier, f"{metric.capitalize()} is", len(result))
/opt/anaconda3/lib/python3.12/site-packages/sklearn/metrics/_classification.py:1517: UndefinedMetricWarning: Precision is ill-defined and being set to 0.0 in labels with no predicted samples. Use `zero_division` parameter to control this behavior.
  _warn_prf(average, modifier, f"{metric.capitalize()} is", len(result))
/opt/anaconda3/lib/python3.12/site-packages/sklearn/metrics/_classification.py:1517: UndefinedMetricWarning: Precision is ill-defined and being set to 0.0 in labels with no predicted samples. Use `zero_division` parameter to control this behavior.
  _warn_prf(average, modifier, f"{metric.capitalize()} is", len(result))
/opt/anaconda3/lib/python3.12/site-packages/sklearn/metrics/_classification.py:1517: UndefinedMetricWarning: Recall is ill-defined and being set to 0.0 in labels with no true samples. Use `zero_division` parameter to control this behavior.
  _warn_prf(average, modifier, f"{metric.capitalize()} is", len(result))
/opt/anaconda3/lib/python3.12/site-packages/sklearn/metrics/_classification.py:1517: UndefinedMetricWarning: Recall is ill-defined and being set to 0.0 in labels with no true samples. Use `zero_division` parameter to control this behavior.
  _warn_prf(average, modifier, f"{metric.capitalize()} is", len(result))
INFO     | 2024-09-19 11:27:57 | __main__:optimize:122 - Metrics: {'logloss': 2.480192557976933, 'accuracy': 0.1543859649122807, 'mlogloss': 2.480192557976933, 'f1_macro': 0.10235525230401163, 'f1_micro': 0.1543859649122807, 'f1_weighted': 0.14411624041136753, 'precision_macro': 0.10958347580638601, 'precision_micro': 0.1543859649122807, 'precision_weighted': 0.14172102101926662, 'recall_macro': 0.10523463759733782, 'recall_micro': 0.1543859649122807, 'recall_weighted': 0.1543859649122807, 'loss': 2.480192557976933}
[I 2024-09-19 11:27:57,796] Trial 17 finished with value: 2.480192557976933 and parameters: {'learning_rate': 0.04207903762858162, 'reg_lambda': 0.017677607711043968, 'reg_alpha': 0.2150936023586691, 'subsample': 0.5507003682969268, 'colsample_bytree': 0.4156212335659764, 'max_depth': 4, 'early_stopping_rounds': 183, 'n_estimators': 15000}. Best is trial 4 with value: 2.3515283540441962.
INFO:     127.0.0.1:54395 - "GET /ui/is_model_training HTTP/1.1" 200 OK
INFO:     127.0.0.1:54394 - "GET /ui/accelerators HTTP/1.1" 200 OK
/opt/anaconda3/lib/python3.12/site-packages/sklearn/metrics/_classification.py:1517: UndefinedMetricWarning: F-score is ill-defined and being set to 0.0 in labels with no true nor predicted samples. Use `zero_division` parameter to control this behavior.
  _warn_prf(average, modifier, f"{metric.capitalize()} is", len(result))
/opt/anaconda3/lib/python3.12/site-packages/sklearn/metrics/_classification.py:1517: UndefinedMetricWarning: F-score is ill-defined and being set to 0.0 in labels with no true nor predicted samples. Use `zero_division` parameter to control this behavior.
  _warn_prf(average, modifier, f"{metric.capitalize()} is", len(result))
/opt/anaconda3/lib/python3.12/site-packages/sklearn/metrics/_classification.py:1517: UndefinedMetricWarning: Precision is ill-defined and being set to 0.0 in labels with no predicted samples. Use `zero_division` parameter to control this behavior.
  _warn_prf(average, modifier, f"{metric.capitalize()} is", len(result))
/opt/anaconda3/lib/python3.12/site-packages/sklearn/metrics/_classification.py:1517: UndefinedMetricWarning: Precision is ill-defined and being set to 0.0 in labels with no predicted samples. Use `zero_division` parameter to control this behavior.
  _warn_prf(average, modifier, f"{metric.capitalize()} is", len(result))
/opt/anaconda3/lib/python3.12/site-packages/sklearn/metrics/_classification.py:1517: UndefinedMetricWarning: Recall is ill-defined and being set to 0.0 in labels with no true samples. Use `zero_division` parameter to control this behavior.
  _warn_prf(average, modifier, f"{metric.capitalize()} is", len(result))
/opt/anaconda3/lib/python3.12/site-packages/sklearn/metrics/_classification.py:1517: UndefinedMetricWarning: Recall is ill-defined and being set to 0.0 in labels with no true samples. Use `zero_division` parameter to control this behavior.
  _warn_prf(average, modifier, f"{metric.capitalize()} is", len(result))
INFO     | 2024-09-19 11:27:59 | __main__:optimize:122 - Metrics: {'logloss': 2.4824520952766056, 'accuracy': 0.17894736842105263, 'mlogloss': 2.4824520952766056, 'f1_macro': 0.1308172346717319, 'f1_micro': 0.17894736842105263, 'f1_weighted': 0.17291340702621125, 'precision_macro': 0.1715885941411302, 'precision_micro': 0.17894736842105263, 'precision_weighted': 0.18438253503288368, 'recall_macro': 0.12599510900998312, 'recall_micro': 0.17894736842105263, 'recall_weighted': 0.17894736842105263, 'loss': 2.4824520952766056}
[I 2024-09-19 11:27:59,956] Trial 18 finished with value: 2.4824520952766056 and parameters: {'learning_rate': 0.018406193703939165, 'reg_lambda': 2.258429170355547, 'reg_alpha': 2.072584254776774e-06, 'subsample': 0.7829796124992658, 'colsample_bytree': 0.6243680098430382, 'max_depth': 7, 'early_stopping_rounds': 236, 'n_estimators': 15000}. Best is trial 4 with value: 2.3515283540441962.
/opt/anaconda3/lib/python3.12/site-packages/sklearn/metrics/_classification.py:1517: UndefinedMetricWarning: F-score is ill-defined and being set to 0.0 in labels with no true nor predicted samples. Use `zero_division` parameter to control this behavior.
  _warn_prf(average, modifier, f"{metric.capitalize()} is", len(result))
/opt/anaconda3/lib/python3.12/site-packages/sklearn/metrics/_classification.py:1517: UndefinedMetricWarning: F-score is ill-defined and being set to 0.0 in labels with no true nor predicted samples. Use `zero_division` parameter to control this behavior.
  _warn_prf(average, modifier, f"{metric.capitalize()} is", len(result))
/opt/anaconda3/lib/python3.12/site-packages/sklearn/metrics/_classification.py:1517: UndefinedMetricWarning: Precision is ill-defined and being set to 0.0 in labels with no predicted samples. Use `zero_division` parameter to control this behavior.
  _warn_prf(average, modifier, f"{metric.capitalize()} is", len(result))
/opt/anaconda3/lib/python3.12/site-packages/sklearn/metrics/_classification.py:1517: UndefinedMetricWarning: Precision is ill-defined and being set to 0.0 in labels with no predicted samples. Use `zero_division` parameter to control this behavior.
  _warn_prf(average, modifier, f"{metric.capitalize()} is", len(result))
/opt/anaconda3/lib/python3.12/site-packages/sklearn/metrics/_classification.py:1517: UndefinedMetricWarning: Recall is ill-defined and being set to 0.0 in labels with no true samples. Use `zero_division` parameter to control this behavior.
  _warn_prf(average, modifier, f"{metric.capitalize()} is", len(result))
/opt/anaconda3/lib/python3.12/site-packages/sklearn/metrics/_classification.py:1517: UndefinedMetricWarning: Recall is ill-defined and being set to 0.0 in labels with no true samples. Use `zero_division` parameter to control this behavior.
  _warn_prf(average, modifier, f"{metric.capitalize()} is", len(result))
INFO     | 2024-09-19 11:28:00 | __main__:optimize:122 - Metrics: {'logloss': 2.362704634983611, 'accuracy': 0.17543859649122806, 'mlogloss': 2.362704634983611, 'f1_macro': 0.13950343838717838, 'f1_micro': 0.17543859649122806, 'f1_weighted': 0.16493557134507494, 'precision_macro': 0.15992403256946192, 'precision_micro': 0.17543859649122806, 'precision_weighted': 0.16838836192021786, 'recall_macro': 0.13829684998449301, 'recall_micro': 0.17543859649122806, 'recall_weighted': 0.17543859649122806, 'loss': 2.362704634983611}
[I 2024-09-19 11:28:00,496] Trial 19 finished with value: 2.362704634983611 and parameters: {'learning_rate': 0.11901737540909414, 'reg_lambda': 0.0007017923257257205, 'reg_alpha': 0.0003617002771133408, 'subsample': 0.3698053996804583, 'colsample_bytree': 0.8100290184961444, 'max_depth': 2, 'early_stopping_rounds': 265, 'n_estimators': 20000}. Best is trial 4 with value: 2.3515283540441962.
/opt/anaconda3/lib/python3.12/site-packages/sklearn/metrics/_classification.py:1517: UndefinedMetricWarning: F-score is ill-defined and being set to 0.0 in labels with no true nor predicted samples. Use `zero_division` parameter to control this behavior.
  _warn_prf(average, modifier, f"{metric.capitalize()} is", len(result))
/opt/anaconda3/lib/python3.12/site-packages/sklearn/metrics/_classification.py:1517: UndefinedMetricWarning: F-score is ill-defined and being set to 0.0 in labels with no true nor predicted samples. Use `zero_division` parameter to control this behavior.
  _warn_prf(average, modifier, f"{metric.capitalize()} is", len(result))
/opt/anaconda3/lib/python3.12/site-packages/sklearn/metrics/_classification.py:1517: UndefinedMetricWarning: Precision is ill-defined and being set to 0.0 in labels with no predicted samples. Use `zero_division` parameter to control this behavior.
  _warn_prf(average, modifier, f"{metric.capitalize()} is", len(result))
/opt/anaconda3/lib/python3.12/site-packages/sklearn/metrics/_classification.py:1517: UndefinedMetricWarning: Precision is ill-defined and being set to 0.0 in labels with no predicted samples. Use `zero_division` parameter to control this behavior.
  _warn_prf(average, modifier, f"{metric.capitalize()} is", len(result))
/opt/anaconda3/lib/python3.12/site-packages/sklearn/metrics/_classification.py:1517: UndefinedMetricWarning: Recall is ill-defined and being set to 0.0 in labels with no true samples. Use `zero_division` parameter to control this behavior.
  _warn_prf(average, modifier, f"{metric.capitalize()} is", len(result))
/opt/anaconda3/lib/python3.12/site-packages/sklearn/metrics/_classification.py:1517: UndefinedMetricWarning: Recall is ill-defined and being set to 0.0 in labels with no true samples. Use `zero_division` parameter to control this behavior.
  _warn_prf(average, modifier, f"{metric.capitalize()} is", len(result))
INFO     | 2024-09-19 11:28:02 | __main__:optimize:122 - Metrics: {'logloss': 2.3859992466271334, 'accuracy': 0.17543859649122806, 'mlogloss': 2.3859992466271334, 'f1_macro': 0.10866610731422287, 'f1_micro': 0.17543859649122806, 'f1_weighted': 0.16240715452288904, 'precision_macro': 0.10515302685903674, 'precision_micro': 0.17543859649122806, 'precision_weighted': 0.15821099277560796, 'recall_macro': 0.11758498112617105, 'recall_micro': 0.17543859649122806, 'recall_weighted': 0.17543859649122806, 'loss': 2.3859992466271334}
[I 2024-09-19 11:28:02,521] Trial 20 finished with value: 2.3859992466271334 and parameters: {'learning_rate': 0.24153500427446278, 'reg_lambda': 7.741263627083997e-06, 'reg_alpha': 3.1300347080526016, 'subsample': 0.5088956947717126, 'colsample_bytree': 0.5020836419641891, 'max_depth': 6, 'early_stopping_rounds': 326, 'n_estimators': 15000}. Best is trial 4 with value: 2.3515283540441962.
INFO:     127.0.0.1:54398 - "GET /ui/is_model_training HTTP/1.1" 200 OK
/opt/anaconda3/lib/python3.12/site-packages/sklearn/metrics/_classification.py:1517: UndefinedMetricWarning: F-score is ill-defined and being set to 0.0 in labels with no true nor predicted samples. Use `zero_division` parameter to control this behavior.
  _warn_prf(average, modifier, f"{metric.capitalize()} is", len(result))
/opt/anaconda3/lib/python3.12/site-packages/sklearn/metrics/_classification.py:1517: UndefinedMetricWarning: F-score is ill-defined and being set to 0.0 in labels with no true nor predicted samples. Use `zero_division` parameter to control this behavior.
  _warn_prf(average, modifier, f"{metric.capitalize()} is", len(result))
/opt/anaconda3/lib/python3.12/site-packages/sklearn/metrics/_classification.py:1517: UndefinedMetricWarning: Precision is ill-defined and being set to 0.0 in labels with no predicted samples. Use `zero_division` parameter to control this behavior.
  _warn_prf(average, modifier, f"{metric.capitalize()} is", len(result))
/opt/anaconda3/lib/python3.12/site-packages/sklearn/metrics/_classification.py:1517: UndefinedMetricWarning: Precision is ill-defined and being set to 0.0 in labels with no predicted samples. Use `zero_division` parameter to control this behavior.
  _warn_prf(average, modifier, f"{metric.capitalize()} is", len(result))
/opt/anaconda3/lib/python3.12/site-packages/sklearn/metrics/_classification.py:1517: UndefinedMetricWarning: Recall is ill-defined and being set to 0.0 in labels with no true samples. Use `zero_division` parameter to control this behavior.
  _warn_prf(average, modifier, f"{metric.capitalize()} is", len(result))
/opt/anaconda3/lib/python3.12/site-packages/sklearn/metrics/_classification.py:1517: UndefinedMetricWarning: Recall is ill-defined and being set to 0.0 in labels with no true samples. Use `zero_division` parameter to control this behavior.
  _warn_prf(average, modifier, f"{metric.capitalize()} is", len(result))
INFO     | 2024-09-19 11:28:07 | __main__:optimize:122 - Metrics: {'logloss': 2.3700342503699017, 'accuracy': 0.16140350877192983, 'mlogloss': 2.3700342503699017, 'f1_macro': 0.09202375342036918, 'f1_micro': 0.16140350877192983, 'f1_weighted': 0.14955613100011367, 'precision_macro': 0.08810630858685778, 'precision_micro': 0.16140350877192983, 'precision_weighted': 0.14312111870464275, 'recall_macro': 0.09915524597446794, 'recall_micro': 0.16140350877192983, 'recall_weighted': 0.16140350877192983, 'loss': 2.3700342503699017}
