[I 2024-09-19 11:28:07,123] Trial 21 finished with value: 2.3700342503699017 and parameters: {'learning_rate': 0.023024594134143817, 'reg_lambda': 33.20090336144049, 'reg_alpha': 1.4048456001647773e-05, 'subsample': 0.7311217101791864, 'colsample_bytree': 0.5026146094568847, 'max_depth': 8, 'early_stopping_rounds': 413, 'n_estimators': 7000}. Best is trial 4 with value: 2.3515283540441962.
INFO:     127.0.0.1:54401 - "GET /ui/is_model_training HTTP/1.1" 200 OK
INFO:     127.0.0.1:54400 - "GET /ui/accelerators HTTP/1.1" 200 OK
/opt/anaconda3/lib/python3.12/site-packages/sklearn/metrics/_classification.py:1517: UndefinedMetricWarning: F-score is ill-defined and being set to 0.0 in labels with no true nor predicted samples. Use `zero_division` parameter to control this behavior.
  _warn_prf(average, modifier, f"{metric.capitalize()} is", len(result))
/opt/anaconda3/lib/python3.12/site-packages/sklearn/metrics/_classification.py:1517: UndefinedMetricWarning: F-score is ill-defined and being set to 0.0 in labels with no true nor predicted samples. Use `zero_division` parameter to control this behavior.
  _warn_prf(average, modifier, f"{metric.capitalize()} is", len(result))
/opt/anaconda3/lib/python3.12/site-packages/sklearn/metrics/_classification.py:1517: UndefinedMetricWarning: Precision is ill-defined and being set to 0.0 in labels with no predicted samples. Use `zero_division` parameter to control this behavior.
  _warn_prf(average, modifier, f"{metric.capitalize()} is", len(result))
/opt/anaconda3/lib/python3.12/site-packages/sklearn/metrics/_classification.py:1517: UndefinedMetricWarning: Precision is ill-defined and being set to 0.0 in labels with no predicted samples. Use `zero_division` parameter to control this behavior.
  _warn_prf(average, modifier, f"{metric.capitalize()} is", len(result))
/opt/anaconda3/lib/python3.12/site-packages/sklearn/metrics/_classification.py:1517: UndefinedMetricWarning: Recall is ill-defined and being set to 0.0 in labels with no true samples. Use `zero_division` parameter to control this behavior.
  _warn_prf(average, modifier, f"{metric.capitalize()} is", len(result))
/opt/anaconda3/lib/python3.12/site-packages/sklearn/metrics/_classification.py:1517: UndefinedMetricWarning: Recall is ill-defined and being set to 0.0 in labels with no true samples. Use `zero_division` parameter to control this behavior.
  _warn_prf(average, modifier, f"{metric.capitalize()} is", len(result))
INFO     | 2024-09-19 11:28:09 | __main__:optimize:122 - Metrics: {'logloss': 2.3938041578356697, 'accuracy': 0.17894736842105263, 'mlogloss': 2.3938041578356697, 'f1_macro': 0.10130693793895917, 'f1_micro': 0.17894736842105263, 'f1_weighted': 0.16344751862222007, 'precision_macro': 0.09545625512602551, 'precision_micro': 0.17894736842105263, 'precision_weighted': 0.15419308447849442, 'recall_macro': 0.11087926756691058, 'recall_micro': 0.17894736842105263, 'recall_weighted': 0.17894736842105263, 'loss': 2.3938041578356697}
[I 2024-09-19 11:28:09,796] Trial 22 finished with value: 2.3938041578356697 and parameters: {'learning_rate': 0.0332816469564614, 'reg_lambda': 84.35042665370943, 'reg_alpha': 6.514101991032444e-05, 'subsample': 0.8326535064001799, 'colsample_bytree': 0.30485234315279275, 'max_depth': 8, 'early_stopping_rounds': 176, 'n_estimators': 7000}. Best is trial 4 with value: 2.3515283540441962.
INFO:     127.0.0.1:54405 - "GET /ui/is_model_training HTTP/1.1" 200 OK
/opt/anaconda3/lib/python3.12/site-packages/sklearn/metrics/_classification.py:1517: UndefinedMetricWarning: F-score is ill-defined and being set to 0.0 in labels with no true nor predicted samples. Use `zero_division` parameter to control this behavior.
  _warn_prf(average, modifier, f"{metric.capitalize()} is", len(result))
/opt/anaconda3/lib/python3.12/site-packages/sklearn/metrics/_classification.py:1517: UndefinedMetricWarning: F-score is ill-defined and being set to 0.0 in labels with no true nor predicted samples. Use `zero_division` parameter to control this behavior.
  _warn_prf(average, modifier, f"{metric.capitalize()} is", len(result))
/opt/anaconda3/lib/python3.12/site-packages/sklearn/metrics/_classification.py:1517: UndefinedMetricWarning: Precision is ill-defined and being set to 0.0 in labels with no predicted samples. Use `zero_division` parameter to control this behavior.
  _warn_prf(average, modifier, f"{metric.capitalize()} is", len(result))
/opt/anaconda3/lib/python3.12/site-packages/sklearn/metrics/_classification.py:1517: UndefinedMetricWarning: Precision is ill-defined and being set to 0.0 in labels with no predicted samples. Use `zero_division` parameter to control this behavior.
  _warn_prf(average, modifier, f"{metric.capitalize()} is", len(result))
/opt/anaconda3/lib/python3.12/site-packages/sklearn/metrics/_classification.py:1517: UndefinedMetricWarning: Recall is ill-defined and being set to 0.0 in labels with no true samples. Use `zero_division` parameter to control this behavior.
  _warn_prf(average, modifier, f"{metric.capitalize()} is", len(result))
/opt/anaconda3/lib/python3.12/site-packages/sklearn/metrics/_classification.py:1517: UndefinedMetricWarning: Recall is ill-defined and being set to 0.0 in labels with no true samples. Use `zero_division` parameter to control this behavior.
  _warn_prf(average, modifier, f"{metric.capitalize()} is", len(result))
INFO     | 2024-09-19 11:28:13 | __main__:optimize:122 - Metrics: {'logloss': 2.451508248665353, 'accuracy': 0.16842105263157894, 'mlogloss': 2.451508248665353, 'f1_macro': 0.1121651894728467, 'f1_micro': 0.16842105263157894, 'f1_weighted': 0.1603351341947225, 'precision_macro': 0.12325683255064733, 'precision_micro': 0.16842105263157894, 'precision_weighted': 0.16143419772272918, 'recall_macro': 0.11270699742667704, 'recall_micro': 0.16842105263157894, 'recall_weighted': 0.16842105263157894, 'loss': 2.451508248665353}
[I 2024-09-19 11:28:13,671] Trial 23 finished with value: 2.451508248665353 and parameters: {'learning_rate': 0.014531131910921855, 'reg_lambda': 3.2688460060752123, 'reg_alpha': 4.177478209439237e-07, 'subsample': 0.6353016828281609, 'colsample_bytree': 0.6356989702777184, 'max_depth': 8, 'early_stopping_rounds': 497, 'n_estimators': 7000}. Best is trial 4 with value: 2.3515283540441962.
/opt/anaconda3/lib/python3.12/site-packages/sklearn/metrics/_classification.py:1517: UndefinedMetricWarning: F-score is ill-defined and being set to 0.0 in labels with no true nor predicted samples. Use `zero_division` parameter to control this behavior.
  _warn_prf(average, modifier, f"{metric.capitalize()} is", len(result))
/opt/anaconda3/lib/python3.12/site-packages/sklearn/metrics/_classification.py:1517: UndefinedMetricWarning: F-score is ill-defined and being set to 0.0 in labels with no true nor predicted samples. Use `zero_division` parameter to control this behavior.
  _warn_prf(average, modifier, f"{metric.capitalize()} is", len(result))
/opt/anaconda3/lib/python3.12/site-packages/sklearn/metrics/_classification.py:1517: UndefinedMetricWarning: Precision is ill-defined and being set to 0.0 in labels with no predicted samples. Use `zero_division` parameter to control this behavior.
  _warn_prf(average, modifier, f"{metric.capitalize()} is", len(result))
/opt/anaconda3/lib/python3.12/site-packages/sklearn/metrics/_classification.py:1517: UndefinedMetricWarning: Precision is ill-defined and being set to 0.0 in labels with no predicted samples. Use `zero_division` parameter to control this behavior.
  _warn_prf(average, modifier, f"{metric.capitalize()} is", len(result))
/opt/anaconda3/lib/python3.12/site-packages/sklearn/metrics/_classification.py:1517: UndefinedMetricWarning: Recall is ill-defined and being set to 0.0 in labels with no true samples. Use `zero_division` parameter to control this behavior.
  _warn_prf(average, modifier, f"{metric.capitalize()} is", len(result))
/opt/anaconda3/lib/python3.12/site-packages/sklearn/metrics/_classification.py:1517: UndefinedMetricWarning: Recall is ill-defined and being set to 0.0 in labels with no true samples. Use `zero_division` parameter to control this behavior.
  _warn_prf(average, modifier, f"{metric.capitalize()} is", len(result))
INFO     | 2024-09-19 11:28:15 | __main__:optimize:122 - Metrics: {'logloss': 2.586422368151898, 'accuracy': 0.16140350877192983, 'mlogloss': 2.586422368151898, 'f1_macro': 0.11809043979891098, 'f1_micro': 0.16140350877192983, 'f1_weighted': 0.15651957010761072, 'precision_macro': 0.1558374107832312, 'precision_micro': 0.16140350877192983, 'precision_weighted': 0.16648922285145193, 'recall_macro': 0.11368163301229664, 'recall_micro': 0.16140350877192983, 'recall_weighted': 0.16140350877192983, 'loss': 2.586422368151898}
[I 2024-09-19 11:28:15,943] Trial 24 finished with value: 2.586422368151898 and parameters: {'learning_rate': 0.02256281324239744, 'reg_lambda': 0.00671362168824734, 'reg_alpha': 7.571738312567236e-05, 'subsample': 0.691267545594395, 'colsample_bytree': 0.5617111670835325, 'max_depth': 9, 'early_stopping_rounds': 321, 'n_estimators': 7000}. Best is trial 4 with value: 2.3515283540441962.
/opt/anaconda3/lib/python3.12/site-packages/sklearn/metrics/_classification.py:1517: UndefinedMetricWarning: F-score is ill-defined and being set to 0.0 in labels with no true nor predicted samples. Use `zero_division` parameter to control this behavior.
  _warn_prf(average, modifier, f"{metric.capitalize()} is", len(result))
/opt/anaconda3/lib/python3.12/site-packages/sklearn/metrics/_classification.py:1517: UndefinedMetricWarning: F-score is ill-defined and being set to 0.0 in labels with no true nor predicted samples. Use `zero_division` parameter to control this behavior.
  _warn_prf(average, modifier, f"{metric.capitalize()} is", len(result))
/opt/anaconda3/lib/python3.12/site-packages/sklearn/metrics/_classification.py:1517: UndefinedMetricWarning: Precision is ill-defined and being set to 0.0 in labels with no predicted samples. Use `zero_division` parameter to control this behavior.
  _warn_prf(average, modifier, f"{metric.capitalize()} is", len(result))
/opt/anaconda3/lib/python3.12/site-packages/sklearn/metrics/_classification.py:1517: UndefinedMetricWarning: Precision is ill-defined and being set to 0.0 in labels with no predicted samples. Use `zero_division` parameter to control this behavior.
  _warn_prf(average, modifier, f"{metric.capitalize()} is", len(result))
/opt/anaconda3/lib/python3.12/site-packages/sklearn/metrics/_classification.py:1517: UndefinedMetricWarning: Recall is ill-defined and being set to 0.0 in labels with no true samples. Use `zero_division` parameter to control this behavior.
  _warn_prf(average, modifier, f"{metric.capitalize()} is", len(result))
/opt/anaconda3/lib/python3.12/site-packages/sklearn/metrics/_classification.py:1517: UndefinedMetricWarning: Recall is ill-defined and being set to 0.0 in labels with no true samples. Use `zero_division` parameter to control this behavior.
  _warn_prf(average, modifier, f"{metric.capitalize()} is", len(result))
INFO     | 2024-09-19 11:28:17 | __main__:optimize:122 - Metrics: {'logloss': 2.5853378172145534, 'accuracy': 0.1649122807017544, 'mlogloss': 2.5853378172145534, 'f1_macro': 0.11011543229573134, 'f1_micro': 0.1649122807017544, 'f1_weighted': 0.15435036068017968, 'precision_macro': 0.12028549420973411, 'precision_micro': 0.1649122807017544, 'precision_weighted': 0.15309239353691317, 'recall_macro': 0.11227732793522267, 'recall_micro': 0.1649122807017544, 'recall_weighted': 0.1649122807017544, 'loss': 2.5853378172145534}
[I 2024-09-19 11:28:17,105] Trial 25 finished with value: 2.5853378172145534 and parameters: {'learning_rate': 0.04523824324609698, 'reg_lambda': 0.31864526747564925, 'reg_alpha': 0.001351152546592336, 'subsample': 0.591282384728078, 'colsample_bytree': 0.45578992692821085, 'max_depth': 7, 'early_stopping_rounds': 229, 'n_estimators': 7000}. Best is trial 4 with value: 2.3515283540441962.
INFO:     127.0.0.1:54408 - "GET /ui/accelerators HTTP/1.1" 200 OK
INFO:     127.0.0.1:54409 - "GET /ui/is_model_training HTTP/1.1" 200 OK
/opt/anaconda3/lib/python3.12/site-packages/sklearn/metrics/_classification.py:1517: UndefinedMetricWarning: F-score is ill-defined and being set to 0.0 in labels with no true nor predicted samples. Use `zero_division` parameter to control this behavior.
  _warn_prf(average, modifier, f"{metric.capitalize()} is", len(result))
/opt/anaconda3/lib/python3.12/site-packages/sklearn/metrics/_classification.py:1517: UndefinedMetricWarning: F-score is ill-defined and being set to 0.0 in labels with no true nor predicted samples. Use `zero_division` parameter to control this behavior.
  _warn_prf(average, modifier, f"{metric.capitalize()} is", len(result))
/opt/anaconda3/lib/python3.12/site-packages/sklearn/metrics/_classification.py:1517: UndefinedMetricWarning: Precision is ill-defined and being set to 0.0 in labels with no predicted samples. Use `zero_division` parameter to control this behavior.
  _warn_prf(average, modifier, f"{metric.capitalize()} is", len(result))
/opt/anaconda3/lib/python3.12/site-packages/sklearn/metrics/_classification.py:1517: UndefinedMetricWarning: Precision is ill-defined and being set to 0.0 in labels with no predicted samples. Use `zero_division` parameter to control this behavior.
  _warn_prf(average, modifier, f"{metric.capitalize()} is", len(result))
/opt/anaconda3/lib/python3.12/site-packages/sklearn/metrics/_classification.py:1517: UndefinedMetricWarning: Recall is ill-defined and being set to 0.0 in labels with no true samples. Use `zero_division` parameter to control this behavior.
  _warn_prf(average, modifier, f"{metric.capitalize()} is", len(result))
/opt/anaconda3/lib/python3.12/site-packages/sklearn/metrics/_classification.py:1517: UndefinedMetricWarning: Recall is ill-defined and being set to 0.0 in labels with no true samples. Use `zero_division` parameter to control this behavior.
  _warn_prf(average, modifier, f"{metric.capitalize()} is", len(result))
INFO     | 2024-09-19 11:28:20 | __main__:optimize:122 - Metrics: {'logloss': 2.458909305390596, 'accuracy': 0.1368421052631579, 'mlogloss': 2.458909305390596, 'f1_macro': 0.07405311909583015, 'f1_micro': 0.1368421052631579, 'f1_weighted': 0.12211678086210392, 'precision_macro': 0.0688379549935614, 'precision_micro': 0.1368421052631579, 'precision_weighted': 0.11360046710923905, 'recall_macro': 0.08293465687630447, 'recall_micro': 0.1368421052631579, 'recall_weighted': 0.1368421052631579, 'loss': 2.458909305390596}
[I 2024-09-19 11:28:20,249] Trial 26 finished with value: 2.458909305390596 and parameters: {'learning_rate': 0.010603042343138845, 'reg_lambda': 14.867662067463092, 'reg_alpha': 1.2944839554118891e-05, 'subsample': 0.8374453069787753, 'colsample_bytree': 0.3196046470286008, 'max_depth': 8, 'early_stopping_rounds': 261, 'n_estimators': 15000}. Best is trial 4 with value: 2.3515283540441962.
/opt/anaconda3/lib/python3.12/site-packages/sklearn/metrics/_classification.py:1517: UndefinedMetricWarning: F-score is ill-defined and being set to 0.0 in labels with no true nor predicted samples. Use `zero_division` parameter to control this behavior.
  _warn_prf(average, modifier, f"{metric.capitalize()} is", len(result))
/opt/anaconda3/lib/python3.12/site-packages/sklearn/metrics/_classification.py:1517: UndefinedMetricWarning: F-score is ill-defined and being set to 0.0 in labels with no true nor predicted samples. Use `zero_division` parameter to control this behavior.
  _warn_prf(average, modifier, f"{metric.capitalize()} is", len(result))
/opt/anaconda3/lib/python3.12/site-packages/sklearn/metrics/_classification.py:1517: UndefinedMetricWarning: Precision is ill-defined and being set to 0.0 in labels with no predicted samples. Use `zero_division` parameter to control this behavior.
  _warn_prf(average, modifier, f"{metric.capitalize()} is", len(result))
/opt/anaconda3/lib/python3.12/site-packages/sklearn/metrics/_classification.py:1517: UndefinedMetricWarning: Precision is ill-defined and being set to 0.0 in labels with no predicted samples. Use `zero_division` parameter to control this behavior.
  _warn_prf(average, modifier, f"{metric.capitalize()} is", len(result))
/opt/anaconda3/lib/python3.12/site-packages/sklearn/metrics/_classification.py:1517: UndefinedMetricWarning: Recall is ill-defined and being set to 0.0 in labels with no true samples. Use `zero_division` parameter to control this behavior.
  _warn_prf(average, modifier, f"{metric.capitalize()} is", len(result))
/opt/anaconda3/lib/python3.12/site-packages/sklearn/metrics/_classification.py:1517: UndefinedMetricWarning: Recall is ill-defined and being set to 0.0 in labels with no true samples. Use `zero_division` parameter to control this behavior.
  _warn_prf(average, modifier, f"{metric.capitalize()} is", len(result))
INFO     | 2024-09-19 11:28:21 | __main__:optimize:122 - Metrics: {'logloss': 2.433507569361662, 'accuracy': 0.17192982456140352, 'mlogloss': 2.433507569361662, 'f1_macro': 0.11251669310921929, 'f1_micro': 0.17192982456140352, 'f1_weighted': 0.160813063870033, 'precision_macro': 0.1185291977282824, 'precision_micro': 0.17192982456140352, 'precision_weighted': 0.15634406376740473, 'recall_macro': 0.11604081273417659, 'recall_micro': 0.17192982456140352, 'recall_weighted': 0.17192982456140352, 'loss': 2.433507569361662}
[I 2024-09-19 11:28:21,252] Trial 27 finished with value: 2.433507569361662 and parameters: {'learning_rate': 0.024815152331391827, 'reg_lambda': 0.00015413952568706538, 'reg_alpha': 0.09872661329120003, 'subsample': 0.4681342676644689, 'colsample_bytree': 0.7486172749582937, 'max_depth': 4, 'early_stopping_rounds': 161, 'n_estimators': 15000}. Best is trial 4 with value: 2.3515283540441962.
INFO:     127.0.0.1:54431 - "GET /ui/is_model_training HTTP/1.1" 200 OK
/opt/anaconda3/lib/python3.12/site-packages/sklearn/metrics/_classification.py:1517: UndefinedMetricWarning: F-score is ill-defined and being set to 0.0 in labels with no true nor predicted samples. Use `zero_division` parameter to control this behavior.
  _warn_prf(average, modifier, f"{metric.capitalize()} is", len(result))
/opt/anaconda3/lib/python3.12/site-packages/sklearn/metrics/_classification.py:1517: UndefinedMetricWarning: F-score is ill-defined and being set to 0.0 in labels with no true nor predicted samples. Use `zero_division` parameter to control this behavior.
  _warn_prf(average, modifier, f"{metric.capitalize()} is", len(result))
/opt/anaconda3/lib/python3.12/site-packages/sklearn/metrics/_classification.py:1517: UndefinedMetricWarning: Precision is ill-defined and being set to 0.0 in labels with no predicted samples. Use `zero_division` parameter to control this behavior.
  _warn_prf(average, modifier, f"{metric.capitalize()} is", len(result))
/opt/anaconda3/lib/python3.12/site-packages/sklearn/metrics/_classification.py:1517: UndefinedMetricWarning: Precision is ill-defined and being set to 0.0 in labels with no predicted samples. Use `zero_division` parameter to control this behavior.
  _warn_prf(average, modifier, f"{metric.capitalize()} is", len(result))
/opt/anaconda3/lib/python3.12/site-packages/sklearn/metrics/_classification.py:1517: UndefinedMetricWarning: Recall is ill-defined and being set to 0.0 in labels with no true samples. Use `zero_division` parameter to control this behavior.
  _warn_prf(average, modifier, f"{metric.capitalize()} is", len(result))
/opt/anaconda3/lib/python3.12/site-packages/sklearn/metrics/_classification.py:1517: UndefinedMetricWarning: Recall is ill-defined and being set to 0.0 in labels with no true samples. Use `zero_division` parameter to control this behavior.
  _warn_prf(average, modifier, f"{metric.capitalize()} is", len(result))
INFO     | 2024-09-19 11:28:26 | __main__:optimize:122 - Metrics: {'logloss': 2.3423847000774636, 'accuracy': 0.17894736842105263, 'mlogloss': 2.3423847000774636, 'f1_macro': 0.10013779593299109, 'f1_micro': 0.17894736842105263, 'f1_weighted': 0.1659064011883019, 'precision_macro': 0.09513130289405343, 'precision_micro': 0.17894736842105263, 'precision_weighted': 0.1573746456321004, 'recall_macro': 0.10781535779247449, 'recall_micro': 0.17894736842105263, 'recall_weighted': 0.17894736842105263, 'loss': 2.3423847000774636}
